CRITICAL - 2020-11-16 18:25:13 --> file_get_contents(/public/assets/img/file/APK_1.pdf): failed to open stream: No such file or directory
#0 [internal function]: CodeIgniter\Debug\Exceptions->errorHandler(2, 'file_get_conten...', 'C:\\xampp\\htdocs...', 116, Array)
#1 C:\xampp\htdocs\e-smarcity\app\Controllers\Download.php(116): file_get_contents('/public/assets/...')
#2 C:\xampp\htdocs\e-smarcity\system\CodeIgniter.php(964): App\Controllers\Download->file('13-14. Service....')
#3 C:\xampp\htdocs\e-smarcity\system\CodeIgniter.php(449): CodeIgniter\CodeIgniter->runController(Object(App\Controllers\Download))
#4 C:\xampp\htdocs\e-smarcity\system\CodeIgniter.php(357): CodeIgniter\CodeIgniter->handleRequest(NULL, Object(Config\Cache), false)
#5 C:\xampp\htdocs\e-smarcity\public\index.php(45): CodeIgniter\CodeIgniter->run()
#6 C:\xampp\htdocs\e-smarcity\system\Commands\Server\rewrite.php(35): require_once('C:\\xampp\\htdocs...')
#7 {main}
CRITICAL - 2020-11-16 18:35:04 --> file_get_contents(/public/assets/img/file/APK_1.pdf): failed to open stream: No such file or directory
#0 [internal function]: CodeIgniter\Debug\Exceptions->errorHandler(2, 'file_get_conten...', 'C:\\xampp\\htdocs...', 116, Array)
#1 C:\xampp\htdocs\e-smarcity\app\Controllers\Download.php(116): file_get_contents('/public/assets/...')
#2 C:\xampp\htdocs\e-smarcity\system\CodeIgniter.php(964): App\Controllers\Download->file('13-14. Service....')
#3 C:\xampp\htdocs\e-smarcity\system\CodeIgniter.php(449): CodeIgniter\CodeIgniter->runController(Object(App\Controllers\Download))
#4 C:\xampp\htdocs\e-smarcity\system\CodeIgniter.php(357): CodeIgniter\CodeIgniter->handleRequest(NULL, Object(Config\Cache), false)
#5 C:\xampp\htdocs\e-smarcity\public\index.php(45): CodeIgniter\CodeIgniter->run()
#6 C:\xampp\htdocs\e-smarcity\system\Commands\Server\rewrite.php(35): require_once('C:\\xampp\\htdocs...')
#7 {main}
CRITICAL - 2020-11-16 18:35:21 --> file_get_contents(/public/assets/img/file/APK_1.pdf): failed to open stream: No such file or directory
#0 [internal function]: CodeIgniter\Debug\Exceptions->errorHandler(2, 'file_get_conten...', 'C:\\xampp\\htdocs...', 116, Array)
#1 C:\xampp\htdocs\e-smarcity\app\Controllers\Download.php(116): file_get_contents('/public/assets/...')
#2 C:\xampp\htdocs\e-smarcity\system\CodeIgniter.php(964): App\Controllers\Download->file('13-14. Service....')
#3 C:\xampp\htdocs\e-smarcity\system\CodeIgniter.php(449): CodeIgniter\CodeIgniter->runController(Object(App\Controllers\Download))
#4 C:\xampp\htdocs\e-smarcity\system\CodeIgniter.php(357): CodeIgniter\CodeIgniter->handleRequest(NULL, Object(Config\Cache), false)
#5 C:\xampp\htdocs\e-smarcity\public\index.php(45): CodeIgniter\CodeIgniter->run()
#6 C:\xampp\htdocs\e-smarcity\system\Commands\Server\rewrite.php(35): require_once('C:\\xampp\\htdocs...')
#7 {main}
CRITICAL - 2020-11-16 18:39:45 --> Use of undefined constant todo - assumed 'todo' (this will throw an Error in a future version of PHP)
#0 C:\xampp\htdocs\e-smarcity\app\Controllers\Download.php(116): CodeIgniter\Debug\Exceptions->errorHandler(2, 'Use of undefine...', 'C:\\xampp\\htdocs...', 116, Array)
#1 C:\xampp\htdocs\e-smarcity\system\CodeIgniter.php(964): App\Controllers\Download->file('13-14. Service....')
#2 C:\xampp\htdocs\e-smarcity\system\CodeIgniter.php(449): CodeIgniter\CodeIgniter->runController(Object(App\Controllers\Download))
#3 C:\xampp\htdocs\e-smarcity\system\CodeIgniter.php(357): CodeIgniter\CodeIgniter->handleRequest(NULL, Object(Config\Cache), false)
#4 C:\xampp\htdocs\e-smarcity\public\index.php(45): CodeIgniter\CodeIgniter->run()
#5 C:\xampp\htdocs\e-smarcity\system\Commands\Server\rewrite.php(35): require_once('C:\\xampp\\htdocs...')
#6 {main}
CRITICAL - 2020-11-16 18:40:04 --> file_get_contents(/public/assets/img/file): failed to open stream: No such file or directory
#0 [internal function]: CodeIgniter\Debug\Exceptions->errorHandler(2, 'file_get_conten...', 'C:\\xampp\\htdocs...', 116, Array)
#1 C:\xampp\htdocs\e-smarcity\app\Controllers\Download.php(116): file_get_contents('/public/assets/...')
#2 C:\xampp\htdocs\e-smarcity\system\CodeIgniter.php(964): App\Controllers\Download->file('13-14. Service....')
#3 C:\xampp\htdocs\e-smarcity\system\CodeIgniter.php(449): CodeIgniter\CodeIgniter->runController(Object(App\Controllers\Download))
#4 C:\xampp\htdocs\e-smarcity\system\CodeIgniter.php(357): CodeIgniter\CodeIgniter->handleRequest(NULL, Object(Config\Cache), false)
#5 C:\xampp\htdocs\e-smarcity\public\index.php(45): CodeIgniter\CodeIgniter->run()
#6 C:\xampp\htdocs\e-smarcity\system\Commands\Server\rewrite.php(35): require_once('C:\\xampp\\htdocs...')
#7 {main}
CRITICAL - 2020-11-16 18:40:16 --> file_get_contents(public/assets/img/file/): failed to open stream: No such file or directory
#0 [internal function]: CodeIgniter\Debug\Exceptions->errorHandler(2, 'file_get_conten...', 'C:\\xampp\\htdocs...', 116, Array)
#1 C:\xampp\htdocs\e-smarcity\app\Controllers\Download.php(116): file_get_contents('public/assets/i...')
#2 C:\xampp\htdocs\e-smarcity\system\CodeIgniter.php(964): App\Controllers\Download->file('13-14. Service....')
#3 C:\xampp\htdocs\e-smarcity\system\CodeIgniter.php(449): CodeIgniter\CodeIgniter->runController(Object(App\Controllers\Download))
#4 C:\xampp\htdocs\e-smarcity\system\CodeIgniter.php(357): CodeIgniter\CodeIgniter->handleRequest(NULL, Object(Config\Cache), false)
#5 C:\xampp\htdocs\e-smarcity\public\index.php(45): CodeIgniter\CodeIgniter->run()
#6 C:\xampp\htdocs\e-smarcity\system\Commands\Server\rewrite.php(35): require_once('C:\\xampp\\htdocs...')
#7 {main}
CRITICAL - 2020-11-16 18:46:03 --> file_get_contents(/public/file/): failed to open stream: No such file or directory
#0 [internal function]: CodeIgniter\Debug\Exceptions->errorHandler(2, 'file_get_conten...', 'C:\\xampp\\htdocs...', 116, Array)
#1 C:\xampp\htdocs\e-smarcity\app\Controllers\Download.php(116): file_get_contents('/public/file/')
#2 C:\xampp\htdocs\e-smarcity\system\CodeIgniter.php(964): App\Controllers\Download->file('13-14. Service....')
#3 C:\xampp\htdocs\e-smarcity\system\CodeIgniter.php(449): CodeIgniter\CodeIgniter->runController(Object(App\Controllers\Download))
#4 C:\xampp\htdocs\e-smarcity\system\CodeIgniter.php(357): CodeIgniter\CodeIgniter->handleRequest(NULL, Object(Config\Cache), false)
#5 C:\xampp\htdocs\e-smarcity\public\index.php(45): CodeIgniter\CodeIgniter->run()
#6 C:\xampp\htdocs\e-smarcity\system\Commands\Server\rewrite.php(35): require_once('C:\\xampp\\htdocs...')
#7 {main}
CRITICAL - 2020-11-16 18:46:19 --> file_get_contents(/public/file/): failed to open stream: No such file or directory
#0 [internal function]: CodeIgniter\Debug\Exceptions->errorHandler(2, 'file_get_conten...', 'C:\\xampp\\htdocs...', 116, Array)
#1 C:\xampp\htdocs\e-smarcity\app\Controllers\Download.php(116): file_get_contents('/public/file/')
#2 C:\xampp\htdocs\e-smarcity\system\CodeIgniter.php(964): App\Controllers\Download->file('13-14. Service....')
#3 C:\xampp\htdocs\e-smarcity\system\CodeIgniter.php(449): CodeIgniter\CodeIgniter->runController(Object(App\Controllers\Download))
#4 C:\xampp\htdocs\e-smarcity\system\CodeIgniter.php(357): CodeIgniter\CodeIgniter->handleRequest(NULL, Object(Config\Cache), false)
#5 C:\xampp\htdocs\e-smarcity\public\index.php(45): CodeIgniter\CodeIgniter->run()
#6 C:\xampp\htdocs\e-smarcity\system\Commands\Server\rewrite.php(35): require_once('C:\\xampp\\htdocs...')
#7 {main}
CRITICAL - 2020-11-16 18:46:31 --> file_get_contents(/file/): failed to open stream: No such file or directory
#0 [internal function]: CodeIgniter\Debug\Exceptions->errorHandler(2, 'file_get_conten...', 'C:\\xampp\\htdocs...', 116, Array)
#1 C:\xampp\htdocs\e-smarcity\app\Controllers\Download.php(116): file_get_contents('/file/')
#2 C:\xampp\htdocs\e-smarcity\system\CodeIgniter.php(964): App\Controllers\Download->file('13-14. Service....')
#3 C:\xampp\htdocs\e-smarcity\system\CodeIgniter.php(449): CodeIgniter\CodeIgniter->runController(Object(App\Controllers\Download))
#4 C:\xampp\htdocs\e-smarcity\system\CodeIgniter.php(357): CodeIgniter\CodeIgniter->handleRequest(NULL, Object(Config\Cache), false)
#5 C:\xampp\htdocs\e-smarcity\public\index.php(45): CodeIgniter\CodeIgniter->run()
#6 C:\xampp\htdocs\e-smarcity\system\Commands\Server\rewrite.php(35): require_once('C:\\xampp\\htdocs...')
#7 {main}
CRITICAL - 2020-11-16 18:46:42 --> file_get_contents(file): failed to open stream: Permission denied
#0 [internal function]: CodeIgniter\Debug\Exceptions->errorHandler(2, 'file_get_conten...', 'C:\\xampp\\htdocs...', 116, Array)
#1 C:\xampp\htdocs\e-smarcity\app\Controllers\Download.php(116): file_get_contents('file')
#2 C:\xampp\htdocs\e-smarcity\system\CodeIgniter.php(964): App\Controllers\Download->file('13-14. Service....')
#3 C:\xampp\htdocs\e-smarcity\system\CodeIgniter.php(449): CodeIgniter\CodeIgniter->runController(Object(App\Controllers\Download))
#4 C:\xampp\htdocs\e-smarcity\system\CodeIgniter.php(357): CodeIgniter\CodeIgniter->handleRequest(NULL, Object(Config\Cache), false)
#5 C:\xampp\htdocs\e-smarcity\public\index.php(45): CodeIgniter\CodeIgniter->run()
#6 C:\xampp\htdocs\e-smarcity\system\Commands\Server\rewrite.php(35): require_once('C:\\xampp\\htdocs...')
#7 {main}
CRITICAL - 2020-11-16 18:48:47 --> file_get_contents(public/file/): failed to open stream: No such file or directory
#0 [internal function]: CodeIgniter\Debug\Exceptions->errorHandler(2, 'file_get_conten...', 'C:\\xampp\\htdocs...', 116, Array)
#1 C:\xampp\htdocs\e-smarcity\app\Controllers\Download.php(116): file_get_contents('public/file/')
#2 C:\xampp\htdocs\e-smarcity\system\CodeIgniter.php(964): App\Controllers\Download->file('13-14. Service....')
#3 C:\xampp\htdocs\e-smarcity\system\CodeIgniter.php(449): CodeIgniter\CodeIgniter->runController(Object(App\Controllers\Download))
#4 C:\xampp\htdocs\e-smarcity\system\CodeIgniter.php(357): CodeIgniter\CodeIgniter->handleRequest(NULL, Object(Config\Cache), false)
#5 C:\xampp\htdocs\e-smarcity\public\index.php(45): CodeIgniter\CodeIgniter->run()
#6 C:\xampp\htdocs\e-smarcity\system\Commands\Server\rewrite.php(35): require_once('C:\\xampp\\htdocs...')
#7 {main}
CRITICAL - 2020-11-16 18:56:07 --> file_get_contents(public/file/): failed to open stream: No such file or directory
#0 [internal function]: CodeIgniter\Debug\Exceptions->errorHandler(2, 'file_get_conten...', 'C:\\xampp\\htdocs...', 116, Array)
#1 C:\xampp\htdocs\e-smarcity\app\Controllers\Download.php(116): file_get_contents('public/file/')
#2 C:\xampp\htdocs\e-smarcity\system\CodeIgniter.php(964): App\Controllers\Download->file('13-14. Service....')
#3 C:\xampp\htdocs\e-smarcity\system\CodeIgniter.php(449): CodeIgniter\CodeIgniter->runController(Object(App\Controllers\Download))
#4 C:\xampp\htdocs\e-smarcity\system\CodeIgniter.php(357): CodeIgniter\CodeIgniter->handleRequest(NULL, Object(Config\Cache), false)
#5 C:\xampp\htdocs\e-smarcity\public\index.php(45): CodeIgniter\CodeIgniter->run()
#6 C:\xampp\htdocs\e-smarcity\system\Commands\Server\rewrite.php(35): require_once('C:\\xampp\\htdocs...')
#7 {main}
CRITICAL - 2020-11-16 19:11:25 --> Trying to get property 'id_download' of non-object
#0 C:\xampp\htdocs\e-smarcity\app\Views\templateuser\v_tentang.php(111): CodeIgniter\Debug\Exceptions->errorHandler(8, 'Trying to get p...', 'C:\\xampp\\htdocs...', 111, Array)
#1 C:\xampp\htdocs\e-smarcity\system\View\View.php(241): include('C:\\xampp\\htdocs...')
#2 C:\xampp\htdocs\e-smarcity\system\Common.php(1217): CodeIgniter\View\View->render('templateuser/v_...', Array, true)
#3 C:\xampp\htdocs\e-smarcity\app\Controllers\Tentang.php(26): view('templateuser/v_...', Array)
#4 C:\xampp\htdocs\e-smarcity\system\CodeIgniter.php(964): App\Controllers\Tentang->index()
#5 C:\xampp\htdocs\e-smarcity\system\CodeIgniter.php(449): CodeIgniter\CodeIgniter->runController(Object(App\Controllers\Tentang))
#6 C:\xampp\htdocs\e-smarcity\system\CodeIgniter.php(357): CodeIgniter\CodeIgniter->handleRequest(NULL, Object(Config\Cache), false)
#7 C:\xampp\htdocs\e-smarcity\public\index.php(45): CodeIgniter\CodeIgniter->run()
#8 C:\xampp\htdocs\e-smarcity\system\Commands\Server\rewrite.php(35): require_once('C:\\xampp\\htdocs...')
#9 {main}
CRITICAL - 2020-11-16 19:13:07 --> Trying to get property 'id_download' of non-object
#0 C:\xampp\htdocs\e-smarcity\app\Views\templateuser\v_tentang.php(111): CodeIgniter\Debug\Exceptions->errorHandler(8, 'Trying to get p...', 'C:\\xampp\\htdocs...', 111, Array)
#1 C:\xampp\htdocs\e-smarcity\system\View\View.php(241): include('C:\\xampp\\htdocs...')
#2 C:\xampp\htdocs\e-smarcity\system\Common.php(1217): CodeIgniter\View\View->render('templateuser/v_...', Array, true)
#3 C:\xampp\htdocs\e-smarcity\app\Controllers\Tentang.php(26): view('templateuser/v_...', Array)
#4 C:\xampp\htdocs\e-smarcity\system\CodeIgniter.php(964): App\Controllers\Tentang->index()
#5 C:\xampp\htdocs\e-smarcity\system\CodeIgniter.php(449): CodeIgniter\CodeIgniter->runController(Object(App\Controllers\Tentang))
#6 C:\xampp\htdocs\e-smarcity\system\CodeIgniter.php(357): CodeIgniter\CodeIgniter->handleRequest(NULL, Object(Config\Cache), false)
#7 C:\xampp\htdocs\e-smarcity\public\index.php(45): CodeIgniter\CodeIgniter->run()
#8 C:\xampp\htdocs\e-smarcity\system\Commands\Server\rewrite.php(35): require_once('C:\\xampp\\htdocs...')
#9 {main}
CRITICAL - 2020-11-16 19:13:37 --> Undefined property: App\Controllers\Download::$db
#0 C:\xampp\htdocs\e-smarcity\app\Controllers\Download.php(114): CodeIgniter\Debug\Exceptions->errorHandler(8, 'Undefined prope...', 'C:\\xampp\\htdocs...', 114, Array)
#1 C:\xampp\htdocs\e-smarcity\system\CodeIgniter.php(964): App\Controllers\Download->download('1')
#2 C:\xampp\htdocs\e-smarcity\system\CodeIgniter.php(449): CodeIgniter\CodeIgniter->runController(Object(App\Controllers\Download))
#3 C:\xampp\htdocs\e-smarcity\system\CodeIgniter.php(357): CodeIgniter\CodeIgniter->handleRequest(NULL, Object(Config\Cache), false)
#4 C:\xampp\htdocs\e-smarcity\public\index.php(45): CodeIgniter\CodeIgniter->run()
#5 C:\xampp\htdocs\e-smarcity\system\Commands\Server\rewrite.php(35): require_once('C:\\xampp\\htdocs...')
#6 {main}
CRITICAL - 2020-11-16 19:15:48 --> Call to undefined method CodeIgniter\Database\MySQLi\Connection::get()
#0 C:\xampp\htdocs\e-smarcity\app\Controllers\Download.php(115): App\Models\Modeldownload->Download('1')
#1 C:\xampp\htdocs\e-smarcity\system\CodeIgniter.php(964): App\Controllers\Download->download('1')
#2 C:\xampp\htdocs\e-smarcity\system\CodeIgniter.php(449): CodeIgniter\CodeIgniter->runController(Object(App\Controllers\Download))
#3 C:\xampp\htdocs\e-smarcity\system\CodeIgniter.php(357): CodeIgniter\CodeIgniter->handleRequest(NULL, Object(Config\Cache), false)
#4 C:\xampp\htdocs\e-smarcity\public\index.php(45): CodeIgniter\CodeIgniter->run()
#5 C:\xampp\htdocs\e-smarcity\system\Commands\Server\rewrite.php(35): require_once('C:\\xampp\\htdocs...')
#6 {main}
CRITICAL - 2020-11-16 19:16:31 --> Call to undefined method CodeIgniter\Database\MySQLi\Connection::getWhere()
#0 C:\xampp\htdocs\e-smarcity\app\Controllers\Download.php(115): App\Models\Modeldownload->Download('1')
#1 C:\xampp\htdocs\e-smarcity\system\CodeIgniter.php(964): App\Controllers\Download->download('1')
#2 C:\xampp\htdocs\e-smarcity\system\CodeIgniter.php(449): CodeIgniter\CodeIgniter->runController(Object(App\Controllers\Download))
#3 C:\xampp\htdocs\e-smarcity\system\CodeIgniter.php(357): CodeIgniter\CodeIgniter->handleRequest(NULL, Object(Config\Cache), false)
#4 C:\xampp\htdocs\e-smarcity\public\index.php(45): CodeIgniter\CodeIgniter->run()
#5 C:\xampp\htdocs\e-smarcity\system\Commands\Server\rewrite.php(35): require_once('C:\\xampp\\htdocs...')
#6 {main}
CRITICAL - 2020-11-16 19:18:14 --> Undefined property: App\Controllers\Download::$Modeldownload
#0 C:\xampp\htdocs\e-smarcity\app\Controllers\Download.php(114): CodeIgniter\Debug\Exceptions->errorHandler(8, 'Undefined prope...', 'C:\\xampp\\htdocs...', 114, Array)
#1 C:\xampp\htdocs\e-smarcity\system\CodeIgniter.php(964): App\Controllers\Download->download('1')
#2 C:\xampp\htdocs\e-smarcity\system\CodeIgniter.php(449): CodeIgniter\CodeIgniter->runController(Object(App\Controllers\Download))
#3 C:\xampp\htdocs\e-smarcity\system\CodeIgniter.php(357): CodeIgniter\CodeIgniter->handleRequest(NULL, Object(Config\Cache), false)
#4 C:\xampp\htdocs\e-smarcity\public\index.php(45): CodeIgniter\CodeIgniter->run()
#5 C:\xampp\htdocs\e-smarcity\system\Commands\Server\rewrite.php(35): require_once('C:\\xampp\\htdocs...')
#6 {main}
CRITICAL - 2020-11-16 19:19:14 --> Call to undefined method CodeIgniter\Database\MySQLi\Connection::ge()
#0 C:\xampp\htdocs\e-smarcity\app\Controllers\Download.php(115): App\Models\Modeldownload->Download('1')
#1 C:\xampp\htdocs\e-smarcity\system\CodeIgniter.php(964): App\Controllers\Download->download('1')
#2 C:\xampp\htdocs\e-smarcity\system\CodeIgniter.php(449): CodeIgniter\CodeIgniter->runController(Object(App\Controllers\Download))
#3 C:\xampp\htdocs\e-smarcity\system\CodeIgniter.php(357): CodeIgniter\CodeIgniter->handleRequest(NULL, Object(Config\Cache), false)
#4 C:\xampp\htdocs\e-smarcity\public\index.php(45): CodeIgniter\CodeIgniter->run()
#5 C:\xampp\htdocs\e-smarcity\system\Commands\Server\rewrite.php(35): require_once('C:\\xampp\\htdocs...')
#6 {main}
CRITICAL - 2020-11-16 19:20:07 --> Call to undefined function App\Controllers\force_download()
#0 C:\xampp\htdocs\e-smarcity\system\CodeIgniter.php(964): App\Controllers\Download->download('1')
#1 C:\xampp\htdocs\e-smarcity\system\CodeIgniter.php(449): CodeIgniter\CodeIgniter->runController(Object(App\Controllers\Download))
#2 C:\xampp\htdocs\e-smarcity\system\CodeIgniter.php(357): CodeIgniter\CodeIgniter->handleRequest(NULL, Object(Config\Cache), false)
#3 C:\xampp\htdocs\e-smarcity\public\index.php(45): CodeIgniter\CodeIgniter->run()
#4 C:\xampp\htdocs\e-smarcity\system\Commands\Server\rewrite.php(35): require_once('C:\\xampp\\htdocs...')
#5 {main}
CRITICAL - 2020-11-16 19:20:57 --> Undefined property: App\Controllers\Download::$db
#0 C:\xampp\htdocs\e-smarcity\app\Controllers\Download.php(114): CodeIgniter\Debug\Exceptions->errorHandler(8, 'Undefined prope...', 'C:\\xampp\\htdocs...', 114, Array)
#1 C:\xampp\htdocs\e-smarcity\system\CodeIgniter.php(964): App\Controllers\Download->download('1')
#2 C:\xampp\htdocs\e-smarcity\system\CodeIgniter.php(449): CodeIgniter\CodeIgniter->runController(Object(App\Controllers\Download))
#3 C:\xampp\htdocs\e-smarcity\system\CodeIgniter.php(357): CodeIgniter\CodeIgniter->handleRequest(NULL, Object(Config\Cache), false)
#4 C:\xampp\htdocs\e-smarcity\public\index.php(45): CodeIgniter\CodeIgniter->run()
#5 C:\xampp\htdocs\e-smarcity\system\Commands\Server\rewrite.php(35): require_once('C:\\xampp\\htdocs...')
#6 {main}
CRITICAL - 2020-11-16 19:21:37 --> Undefined property: App\Controllers\Download::$db
#0 C:\xampp\htdocs\e-smarcity\app\Controllers\Download.php(114): CodeIgniter\Debug\Exceptions->errorHandler(8, 'Undefined prope...', 'C:\\xampp\\htdocs...', 114, Array)
#1 C:\xampp\htdocs\e-smarcity\system\CodeIgniter.php(964): App\Controllers\Download->download('1')
#2 C:\xampp\htdocs\e-smarcity\system\CodeIgniter.php(449): CodeIgniter\CodeIgniter->runController(Object(App\Controllers\Download))
#3 C:\xampp\htdocs\e-smarcity\system\CodeIgniter.php(357): CodeIgniter\CodeIgniter->handleRequest(NULL, Object(Config\Cache), false)
#4 C:\xampp\htdocs\e-smarcity\public\index.php(45): CodeIgniter\CodeIgniter->run()
#5 C:\xampp\htdocs\e-smarcity\system\Commands\Server\rewrite.php(35): require_once('C:\\xampp\\htdocs...')
#6 {main}
CRITICAL - 2020-11-16 19:22:13 --> Call to undefined method App\Controllers\Download::getWhere()
#0 C:\xampp\htdocs\e-smarcity\system\CodeIgniter.php(964): App\Controllers\Download->download('1')
#1 C:\xampp\htdocs\e-smarcity\system\CodeIgniter.php(449): CodeIgniter\CodeIgniter->runController(Object(App\Controllers\Download))
#2 C:\xampp\htdocs\e-smarcity\system\CodeIgniter.php(357): CodeIgniter\CodeIgniter->handleRequest(NULL, Object(Config\Cache), false)
#3 C:\xampp\htdocs\e-smarcity\public\index.php(45): CodeIgniter\CodeIgniter->run()
#4 C:\xampp\htdocs\e-smarcity\system\Commands\Server\rewrite.php(35): require_once('C:\\xampp\\htdocs...')
#5 {main}
CRITICAL - 2020-11-16 19:31:33 --> Trying to get property 'nama_file' of non-object
#0 C:\xampp\htdocs\e-smarcity\app\Views\templateuser\v_tentang.php(111): CodeIgniter\Debug\Exceptions->errorHandler(8, 'Trying to get p...', 'C:\\xampp\\htdocs...', 111, Array)
#1 C:\xampp\htdocs\e-smarcity\system\View\View.php(241): include('C:\\xampp\\htdocs...')
#2 C:\xampp\htdocs\e-smarcity\system\Common.php(1217): CodeIgniter\View\View->render('templateuser/v_...', Array, true)
#3 C:\xampp\htdocs\e-smarcity\app\Controllers\Tentang.php(26): view('templateuser/v_...', Array)
#4 C:\xampp\htdocs\e-smarcity\system\CodeIgniter.php(964): App\Controllers\Tentang->index()
#5 C:\xampp\htdocs\e-smarcity\system\CodeIgniter.php(449): CodeIgniter\CodeIgniter->runController(Object(App\Controllers\Tentang))
#6 C:\xampp\htdocs\e-smarcity\system\CodeIgniter.php(357): CodeIgniter\CodeIgniter->handleRequest(NULL, Object(Config\Cache), false)
#7 C:\xampp\htdocs\e-smarcity\public\index.php(45): CodeIgniter\CodeIgniter->run()
#8 C:\xampp\htdocs\e-smarcity\system\Commands\Server\rewrite.php(35): require_once('C:\\xampp\\htdocs...')
#9 {main}
CRITICAL - 2020-11-16 19:31:35 --> Trying to get property 'nama_file' of non-object
#0 C:\xampp\htdocs\e-smarcity\app\Views\templateuser\v_tentang.php(111): CodeIgniter\Debug\Exceptions->errorHandler(8, 'Trying to get p...', 'C:\\xampp\\htdocs...', 111, Array)
#1 C:\xampp\htdocs\e-smarcity\system\View\View.php(241): include('C:\\xampp\\htdocs...')
#2 C:\xampp\htdocs\e-smarcity\system\Common.php(1217): CodeIgniter\View\View->render('templateuser/v_...', Array, true)
#3 C:\xampp\htdocs\e-smarcity\app\Controllers\Tentang.php(26): view('templateuser/v_...', Array)
#4 C:\xampp\htdocs\e-smarcity\system\CodeIgniter.php(964): App\Controllers\Tentang->index()
#5 C:\xampp\htdocs\e-smarcity\system\CodeIgniter.php(449): CodeIgniter\CodeIgniter->runController(Object(App\Controllers\Tentang))
#6 C:\xampp\htdocs\e-smarcity\system\CodeIgniter.php(357): CodeIgniter\CodeIgniter->handleRequest(NULL, Object(Config\Cache), false)
#7 C:\xampp\htdocs\e-smarcity\public\index.php(45): CodeIgniter\CodeIgniter->run()
#8 C:\xampp\htdocs\e-smarcity\system\Commands\Server\rewrite.php(35): require_once('C:\\xampp\\htdocs...')
#9 {main}
CRITICAL - 2020-11-16 20:17:49 --> file_get_contents(public/assets/img/file/): failed to open stream: No such file or directory
#0 [internal function]: CodeIgniter\Debug\Exceptions->errorHandler(2, 'file_get_conten...', 'C:\\xampp\\htdocs...', 116, Array)
#1 C:\xampp\htdocs\e-smarcity\app\Controllers\Download.php(116): file_get_contents('public/assets/i...')
#2 C:\xampp\htdocs\e-smarcity\system\CodeIgniter.php(964): App\Controllers\Download->file('13-14. Service_...')
#3 C:\xampp\htdocs\e-smarcity\system\CodeIgniter.php(449): CodeIgniter\CodeIgniter->runController(Object(App\Controllers\Download))
#4 C:\xampp\htdocs\e-smarcity\system\CodeIgniter.php(357): CodeIgniter\CodeIgniter->handleRequest(NULL, Object(Config\Cache), false)
#5 C:\xampp\htdocs\e-smarcity\public\index.php(45): CodeIgniter\CodeIgniter->run()
#6 C:\xampp\htdocs\e-smarcity\system\Commands\Server\rewrite.php(35): require_once('C:\\xampp\\htdocs...')
#7 {main}
CRITICAL - 2020-11-16 20:19:41 --> file_get_contents(public/assets/img/file/): failed to open stream: No such file or directory
#0 [internal function]: CodeIgniter\Debug\Exceptions->errorHandler(2, 'file_get_conten...', 'C:\\xampp\\htdocs...', 116, Array)
#1 C:\xampp\htdocs\e-smarcity\app\Controllers\Download.php(116): file_get_contents('public/assets/i...')
#2 C:\xampp\htdocs\e-smarcity\system\CodeIgniter.php(964): App\Controllers\Download->file('13-14. Service_...')
#3 C:\xampp\htdocs\e-smarcity\system\CodeIgniter.php(449): CodeIgniter\CodeIgniter->runController(Object(App\Controllers\Download))
#4 C:\xampp\htdocs\e-smarcity\system\CodeIgniter.php(357): CodeIgniter\CodeIgniter->handleRequest(NULL, Object(Config\Cache), false)
#5 C:\xampp\htdocs\e-smarcity\public\index.php(45): CodeIgniter\CodeIgniter->run()
#6 C:\xampp\htdocs\e-smarcity\system\Commands\Server\rewrite.php(35): require_once('C:\\xampp\\htdocs...')
#7 {main}
CRITICAL - 2020-11-16 20:19:53 --> file_get_contents(public/assets/img/file/): failed to open stream: No such file or directory
#0 [internal function]: CodeIgniter\Debug\Exceptions->errorHandler(2, 'file_get_conten...', 'C:\\xampp\\htdocs...', 116, Array)
#1 C:\xampp\htdocs\e-smarcity\app\Controllers\Download.php(116): file_get_contents('public/assets/i...')
#2 C:\xampp\htdocs\e-smarcity\system\CodeIgniter.php(964): App\Controllers\Download->file('13-14. Service_...')
#3 C:\xampp\htdocs\e-smarcity\system\CodeIgniter.php(449): CodeIgniter\CodeIgniter->runController(Object(App\Controllers\Download))
#4 C:\xampp\htdocs\e-smarcity\system\CodeIgniter.php(357): CodeIgniter\CodeIgniter->handleRequest(NULL, Object(Config\Cache), false)
#5 C:\xampp\htdocs\e-smarcity\public\index.php(45): CodeIgniter\CodeIgniter->run()
#6 C:\xampp\htdocs\e-smarcity\system\Commands\Server\rewrite.php(35): require_once('C:\\xampp\\htdocs...')
#7 {main}
CRITICAL - 2020-11-16 20:20:07 --> file_get_contents(public/assets/img/file/): failed to open stream: No such file or directory
#0 [internal function]: CodeIgniter\Debug\Exceptions->errorHandler(2, 'file_get_conten...', 'C:\\xampp\\htdocs...', 33, Array)
#1 C:\xampp\htdocs\e-smarcity\app\Controllers\Tentang.php(33): file_get_contents('public/assets/i...')
#2 C:\xampp\htdocs\e-smarcity\system\CodeIgniter.php(964): App\Controllers\Tentang->file('13-14. Service....')
#3 C:\xampp\htdocs\e-smarcity\system\CodeIgniter.php(449): CodeIgniter\CodeIgniter->runController(Object(App\Controllers\Tentang))
#4 C:\xampp\htdocs\e-smarcity\system\CodeIgniter.php(357): CodeIgniter\CodeIgniter->handleRequest(NULL, Object(Config\Cache), false)
#5 C:\xampp\htdocs\e-smarcity\public\index.php(45): CodeIgniter\CodeIgniter->run()
#6 C:\xampp\htdocs\e-smarcity\system\Commands\Server\rewrite.php(35): require_once('C:\\xampp\\htdocs...')
#7 {main}
ERROR - 2020-11-16 20:27:55 --> mysqli_sql_exception: Column 'nama_file' cannot be null in C:\xampp\htdocs\e-smarcity\system\Database\MySQLi\Connection.php:331
Stack trace:
#0 C:\xampp\htdocs\e-smarcity\system\Database\MySQLi\Connection.php(331): mysqli->query('INSERT INTO `do...')
#1 C:\xampp\htdocs\e-smarcity\system\Database\BaseConnection.php(724): CodeIgniter\Database\MySQLi\Connection->execute('INSERT INTO `do...')
#2 C:\xampp\htdocs\e-smarcity\system\Database\BaseConnection.php(652): CodeIgniter\Database\BaseConnection->simpleQuery('INSERT INTO `do...')
#3 C:\xampp\htdocs\e-smarcity\system\Database\BaseBuilder.php(2268): CodeIgniter\Database\BaseConnection->query('INSERT INTO `do...', Array, false)
#4 C:\xampp\htdocs\e-smarcity\app\Models\Modeldownload.php(14): CodeIgniter\Database\BaseBuilder->insert(Array)
#5 C:\xampp\htdocs\e-smarcity\app\Controllers\Download.php(52): App\Models\Modeldownload->SimpanDownload(Array)
#6 C:\xampp\htdocs\e-smarcity\system\CodeIgniter.php(964): App\Controllers\Download->simpan()
#7 C:\xampp\htdocs\e-smarcity\system\CodeIgniter.php(449): CodeIgniter\CodeIgniter->runController(Object(App\Controllers\Download))
#8 C:\xampp\htdocs\e-smarcity\system\CodeIgniter.php(357): CodeIgniter\CodeIgniter->handleRequest(NULL, Object(Config\Cache), false)
#9 C:\xampp\htdocs\e-smarcity\public\index.php(45): CodeIgniter\CodeIgniter->run()
#10 C:\xampp\htdocs\e-smarcity\system\Commands\Server\rewrite.php(35): require_once('C:\\xampp\\htdocs...')
#11 {main}
CRITICAL - 2020-11-16 20:27:55 --> Column 'nama_file' cannot be null
#0 C:\xampp\htdocs\e-smarcity\system\Database\MySQLi\Connection.php(331): mysqli->query('INSERT INTO `do...')
#1 C:\xampp\htdocs\e-smarcity\system\Database\BaseConnection.php(724): CodeIgniter\Database\MySQLi\Connection->execute('INSERT INTO `do...')
#2 C:\xampp\htdocs\e-smarcity\system\Database\BaseConnection.php(652): CodeIgniter\Database\BaseConnection->simpleQuery('INSERT INTO `do...')
#3 C:\xampp\htdocs\e-smarcity\system\Database\BaseBuilder.php(2268): CodeIgniter\Database\BaseConnection->query('INSERT INTO `do...', Array, false)
#4 C:\xampp\htdocs\e-smarcity\app\Models\Modeldownload.php(14): CodeIgniter\Database\BaseBuilder->insert(Array)
#5 C:\xampp\htdocs\e-smarcity\app\Controllers\Download.php(52): App\Models\Modeldownload->SimpanDownload(Array)
#6 C:\xampp\htdocs\e-smarcity\system\CodeIgniter.php(964): App\Controllers\Download->simpan()
#7 C:\xampp\htdocs\e-smarcity\system\CodeIgniter.php(449): CodeIgniter\CodeIgniter->runController(Object(App\Controllers\Download))
#8 C:\xampp\htdocs\e-smarcity\system\CodeIgniter.php(357): CodeIgniter\CodeIgniter->handleRequest(NULL, Object(Config\Cache), false)
#9 C:\xampp\htdocs\e-smarcity\public\index.php(45): CodeIgniter\CodeIgniter->run()
#10 C:\xampp\htdocs\e-smarcity\system\Commands\Server\rewrite.php(35): require_once('C:\\xampp\\htdocs...')
#11 {main}
CRITICAL - 2020-11-16 20:35:40 --> file_get_contents(public/assets/img/file/): failed to open stream: No such file or directory
#0 [internal function]: CodeIgniter\Debug\Exceptions->errorHandler(2, 'file_get_conten...', 'C:\\xampp\\htdocs...', 33, Array)
#1 C:\xampp\htdocs\e-smarcity\app\Controllers\Tentang.php(33): file_get_contents('public/assets/i...')
#2 C:\xampp\htdocs\e-smarcity\system\CodeIgniter.php(964): App\Controllers\Tentang->file('1_8QgPF5tXwo5Nq...')
#3 C:\xampp\htdocs\e-smarcity\system\CodeIgniter.php(449): CodeIgniter\CodeIgniter->runController(Object(App\Controllers\Tentang))
#4 C:\xampp\htdocs\e-smarcity\system\CodeIgniter.php(357): CodeIgniter\CodeIgniter->handleRequest(NULL, Object(Config\Cache), false)
#5 C:\xampp\htdocs\e-smarcity\public\index.php(45): CodeIgniter\CodeIgniter->run()
#6 C:\xampp\htdocs\e-smarcity\system\Commands\Server\rewrite.php(35): require_once('C:\\xampp\\htdocs...')
#7 {main}
CRITICAL - 2020-11-16 20:41:42 --> file_get_contents(public/assets/img/file/): failed to open stream: No such file or directory
#0 [internal function]: CodeIgniter\Debug\Exceptions->errorHandler(2, 'file_get_conten...', 'C:\\xampp\\htdocs...', 33, Array)
#1 C:\xampp\htdocs\e-smarcity\app\Controllers\Tentang.php(33): file_get_contents('public/assets/i...')
#2 C:\xampp\htdocs\e-smarcity\system\CodeIgniter.php(964): App\Controllers\Tentang->file('1_8QgPF5tXwo5Nq...')
#3 C:\xampp\htdocs\e-smarcity\system\CodeIgniter.php(449): CodeIgniter\CodeIgniter->runController(Object(App\Controllers\Tentang))
#4 C:\xampp\htdocs\e-smarcity\system\CodeIgniter.php(357): CodeIgniter\CodeIgniter->handleRequest(NULL, Object(Config\Cache), false)
#5 C:\xampp\htdocs\e-smarcity\public\index.php(45): CodeIgniter\CodeIgniter->run()
#6 C:\xampp\htdocs\e-smarcity\system\Commands\Server\rewrite.php(35): require_once('C:\\xampp\\htdocs...')
#7 {main}
CRITICAL - 2020-11-16 20:42:49 --> Undefined variable: no
#0 C:\xampp\htdocs\e-smarcity\app\Views\templateuser\v_tentang.php(108): CodeIgniter\Debug\Exceptions->errorHandler(8, 'Undefined varia...', 'C:\\xampp\\htdocs...', 108, Array)
#1 C:\xampp\htdocs\e-smarcity\system\View\View.php(241): include('C:\\xampp\\htdocs...')
#2 C:\xampp\htdocs\e-smarcity\system\Common.php(1217): CodeIgniter\View\View->render('templateuser/v_...', Array, true)
#3 C:\xampp\htdocs\e-smarcity\app\Controllers\Tentang.php(26): view('templateuser/v_...', Array)
#4 C:\xampp\htdocs\e-smarcity\system\CodeIgniter.php(964): App\Controllers\Tentang->index()
#5 C:\xampp\htdocs\e-smarcity\system\CodeIgniter.php(449): CodeIgniter\CodeIgniter->runController(Object(App\Controllers\Tentang))
#6 C:\xampp\htdocs\e-smarcity\system\CodeIgniter.php(357): CodeIgniter\CodeIgniter->handleRequest(NULL, Object(Config\Cache), false)
#7 C:\xampp\htdocs\e-smarcity\public\index.php(45): CodeIgniter\CodeIgniter->run()
#8 C:\xampp\htdocs\e-smarcity\system\Commands\Server\rewrite.php(35): require_once('C:\\xampp\\htdocs...')
#9 {main}
CRITICAL - 2020-11-16 20:45:15 --> Undefined variable: no
#0 C:\xampp\htdocs\e-smarcity\app\Views\templateuser\v_tentang.php(108): CodeIgniter\Debug\Exceptions->errorHandler(8, 'Undefined varia...', 'C:\\xampp\\htdocs...', 108, Array)
#1 C:\xampp\htdocs\e-smarcity\system\View\View.php(241): include('C:\\xampp\\htdocs...')
#2 C:\xampp\htdocs\e-smarcity\system\Common.php(1217): CodeIgniter\View\View->render('templateuser/v_...', Array, true)
#3 C:\xampp\htdocs\e-smarcity\app\Controllers\Tentang.php(26): view('templateuser/v_...', Array)
#4 C:\xampp\htdocs\e-smarcity\system\CodeIgniter.php(964): App\Controllers\Tentang->index()
#5 C:\xampp\htdocs\e-smarcity\system\CodeIgniter.php(449): CodeIgniter\CodeIgniter->runController(Object(App\Controllers\Tentang))
#6 C:\xampp\htdocs\e-smarcity\system\CodeIgniter.php(357): CodeIgniter\CodeIgniter->handleRequest(NULL, Object(Config\Cache), false)
#7 C:\xampp\htdocs\e-smarcity\public\index.php(45): CodeIgniter\CodeIgniter->run()
#8 C:\xampp\htdocs\e-smarcity\system\Commands\Server\rewrite.php(35): require_once('C:\\xampp\\htdocs...')
#9 {main}
CRITICAL - 2020-11-16 20:51:54 --> file_get_contents(public/assets/img/file/): failed to open stream: No such file or directory
#0 [internal function]: CodeIgniter\Debug\Exceptions->errorHandler(2, 'file_get_conten...', 'C:\\xampp\\htdocs...', 33, Array)
#1 C:\xampp\htdocs\e-smarcity\app\Controllers\Tentang.php(33): file_get_contents('public/assets/i...')
#2 C:\xampp\htdocs\e-smarcity\system\CodeIgniter.php(964): App\Controllers\Tentang->file('1_8QgPF5tXwo5Nq...')
#3 C:\xampp\htdocs\e-smarcity\system\CodeIgniter.php(449): CodeIgniter\CodeIgniter->runController(Object(App\Controllers\Tentang))
#4 C:\xampp\htdocs\e-smarcity\system\CodeIgniter.php(357): CodeIgniter\CodeIgniter->handleRequest(NULL, Object(Config\Cache), false)
#5 C:\xampp\htdocs\e-smarcity\public\index.php(45): CodeIgniter\CodeIgniter->run()
#6 C:\xampp\htdocs\e-smarcity\system\Commands\Server\rewrite.php(35): require_once('C:\\xampp\\htdocs...')
#7 {main}
CRITICAL - 2020-11-16 20:58:24 --> file_get_contents(public/assets/img/file/): failed to open stream: No such file or directory
#0 [internal function]: CodeIgniter\Debug\Exceptions->errorHandler(2, 'file_get_conten...', 'C:\\xampp\\htdocs...', 33, Array)
#1 C:\xampp\htdocs\e-smarcity\app\Controllers\Tentang.php(33): file_get_contents('public/assets/i...')
#2 C:\xampp\htdocs\e-smarcity\system\CodeIgniter.php(964): App\Controllers\Tentang->file('Cetak KHS.pdf')
#3 C:\xampp\htdocs\e-smarcity\system\CodeIgniter.php(449): CodeIgniter\CodeIgniter->runController(Object(App\Controllers\Tentang))
#4 C:\xampp\htdocs\e-smarcity\system\CodeIgniter.php(357): CodeIgniter\CodeIgniter->handleRequest(NULL, Object(Config\Cache), false)
#5 C:\xampp\htdocs\e-smarcity\public\index.php(45): CodeIgniter\CodeIgniter->run()
#6 C:\xampp\htdocs\e-smarcity\system\Commands\Server\rewrite.php(35): require_once('C:\\xampp\\htdocs...')
#7 {main}
CRITICAL - 2020-11-16 21:29:57 --> file_get_contents(public/assets/img/file/): failed to open stream: No such file or directory
#0 [internal function]: CodeIgniter\Debug\Exceptions->errorHandler(2, 'file_get_conten...', 'C:\\xampp\\htdocs...', 33, Array)
#1 C:\xampp\htdocs\e-smarcity\app\Controllers\Tentang.php(33): file_get_contents('public/assets/i...')
#2 C:\xampp\htdocs\e-smarcity\system\CodeIgniter.php(964): App\Controllers\Tentang->file('Cetak KHS.pdf')
#3 C:\xampp\htdocs\e-smarcity\system\CodeIgniter.php(449): CodeIgniter\CodeIgniter->runController(Object(App\Controllers\Tentang))
#4 C:\xampp\htdocs\e-smarcity\system\CodeIgniter.php(357): CodeIgniter\CodeIgniter->handleRequest(NULL, Object(Config\Cache), false)
#5 C:\xampp\htdocs\e-smarcity\public\index.php(45): CodeIgniter\CodeIgniter->run()
#6 C:\xampp\htdocs\e-smarcity\system\Commands\Server\rewrite.php(35): require_once('C:\\xampp\\htdocs...')
#7 {main}
CRITICAL - 2020-11-16 21:30:11 --> Undefined property: App\Controllers\Tentang::$load
#0 C:\xampp\htdocs\e-smarcity\app\Controllers\Tentang.php(38): CodeIgniter\Debug\Exceptions->errorHandler(8, 'Undefined prope...', 'C:\\xampp\\htdocs...', 38, Array)
#1 C:\xampp\htdocs\e-smarcity\system\CodeIgniter.php(964): App\Controllers\Tentang->download('1_8QgPF5tXwo5Nq...')
#2 C:\xampp\htdocs\e-smarcity\system\CodeIgniter.php(449): CodeIgniter\CodeIgniter->runController(Object(App\Controllers\Tentang))
#3 C:\xampp\htdocs\e-smarcity\system\CodeIgniter.php(357): CodeIgniter\CodeIgniter->handleRequest(NULL, Object(Config\Cache), false)
#4 C:\xampp\htdocs\e-smarcity\public\index.php(45): CodeIgniter\CodeIgniter->run()
#5 C:\xampp\htdocs\e-smarcity\system\Commands\Server\rewrite.php(35): require_once('C:\\xampp\\htdocs...')
#6 {main}
CRITICAL - 2020-11-16 21:30:42 --> Call to undefined method CodeIgniter\Database\MySQLi\Connection::getWhere()
#0 C:\xampp\htdocs\e-smarcity\app\Controllers\Tentang.php(39): App\Models\Modeltentang->download('1_8QgPF5tXwo5Nq...')
#1 C:\xampp\htdocs\e-smarcity\system\CodeIgniter.php(964): App\Controllers\Tentang->download('1_8QgPF5tXwo5Nq...')
#2 C:\xampp\htdocs\e-smarcity\system\CodeIgniter.php(449): CodeIgniter\CodeIgniter->runController(Object(App\Controllers\Tentang))
#3 C:\xampp\htdocs\e-smarcity\system\CodeIgniter.php(357): CodeIgniter\CodeIgniter->handleRequest(NULL, Object(Config\Cache), false)
#4 C:\xampp\htdocs\e-smarcity\public\index.php(45): CodeIgniter\CodeIgniter->run()
#5 C:\xampp\htdocs\e-smarcity\system\Commands\Server\rewrite.php(35): require_once('C:\\xampp\\htdocs...')
#6 {main}
CRITICAL - 2020-11-16 21:31:25 --> Argument 2 passed to CodeIgniter\Database\BaseBuilder::getWhere() must be of the type int or null, array given, called in C:\xampp\htdocs\e-smarcity\system\Model.php on line 2062
#0 C:\xampp\htdocs\e-smarcity\system\Model.php(2062): CodeIgniter\Database\BaseBuilder->getWhere('download', Array)
#1 C:\xampp\htdocs\e-smarcity\app\Models\Modeltentang.php(14): CodeIgniter\Model->__call('getWhere', Array)
#2 C:\xampp\htdocs\e-smarcity\app\Controllers\Tentang.php(39): App\Models\Modeltentang->download('1_8QgPF5tXwo5Nq...')
#3 C:\xampp\htdocs\e-smarcity\system\CodeIgniter.php(964): App\Controllers\Tentang->download('1_8QgPF5tXwo5Nq...')
#4 C:\xampp\htdocs\e-smarcity\system\CodeIgniter.php(449): CodeIgniter\CodeIgniter->runController(Object(App\Controllers\Tentang))
#5 C:\xampp\htdocs\e-smarcity\system\CodeIgniter.php(357): CodeIgniter\CodeIgniter->handleRequest(NULL, Object(Config\Cache), false)
#6 C:\xampp\htdocs\e-smarcity\public\index.php(45): CodeIgniter\CodeIgniter->run()
#7 C:\xampp\htdocs\e-smarcity\system\Commands\Server\rewrite.php(35): require_once('C:\\xampp\\htdocs...')
#8 {main}
CRITICAL - 2020-11-16 21:32:42 --> Argument 2 passed to CodeIgniter\Database\BaseBuilder::getWhere() must be of the type int or null, array given, called in C:\xampp\htdocs\e-smarcity\system\Model.php on line 2062
#0 C:\xampp\htdocs\e-smarcity\system\Model.php(2062): CodeIgniter\Database\BaseBuilder->getWhere('download', Array)
#1 C:\xampp\htdocs\e-smarcity\app\Models\Modeltentang.php(14): CodeIgniter\Model->__call('getWhere', Array)
#2 C:\xampp\htdocs\e-smarcity\app\Controllers\Tentang.php(39): App\Models\Modeltentang->download('1_8QgPF5tXwo5Nq...')
#3 C:\xampp\htdocs\e-smarcity\system\CodeIgniter.php(964): App\Controllers\Tentang->download('1_8QgPF5tXwo5Nq...')
#4 C:\xampp\htdocs\e-smarcity\system\CodeIgniter.php(449): CodeIgniter\CodeIgniter->runController(Object(App\Controllers\Tentang))
#5 C:\xampp\htdocs\e-smarcity\system\CodeIgniter.php(357): CodeIgniter\CodeIgniter->handleRequest(NULL, Object(Config\Cache), false)
#6 C:\xampp\htdocs\e-smarcity\public\index.php(45): CodeIgniter\CodeIgniter->run()
#7 C:\xampp\htdocs\e-smarcity\system\Commands\Server\rewrite.php(35): require_once('C:\\xampp\\htdocs...')
#8 {main}
CRITICAL - 2020-11-16 21:32:59 --> Argument 2 passed to CodeIgniter\Database\BaseBuilder::getWhere() must be of the type int or null, array given, called in C:\xampp\htdocs\e-smarcity\system\Model.php on line 2062
#0 C:\xampp\htdocs\e-smarcity\system\Model.php(2062): CodeIgniter\Database\BaseBuilder->getWhere('download', Array)
#1 C:\xampp\htdocs\e-smarcity\app\Models\Modeltentang.php(14): CodeIgniter\Model->__call('getWhere', Array)
#2 C:\xampp\htdocs\e-smarcity\app\Controllers\Tentang.php(39): App\Models\Modeltentang->download('1_8QgPF5tXwo5Nq...')
#3 C:\xampp\htdocs\e-smarcity\system\CodeIgniter.php(964): App\Controllers\Tentang->download('1_8QgPF5tXwo5Nq...')
#4 C:\xampp\htdocs\e-smarcity\system\CodeIgniter.php(449): CodeIgniter\CodeIgniter->runController(Object(App\Controllers\Tentang))
#5 C:\xampp\htdocs\e-smarcity\system\CodeIgniter.php(357): CodeIgniter\CodeIgniter->handleRequest(NULL, Object(Config\Cache), false)
#6 C:\xampp\htdocs\e-smarcity\public\index.php(45): CodeIgniter\CodeIgniter->run()
#7 C:\xampp\htdocs\e-smarcity\system\Commands\Server\rewrite.php(35): require_once('C:\\xampp\\htdocs...')
#8 {main}
CRITICAL - 2020-11-16 21:33:29 --> Call to undefined method CodeIgniter\Database\MySQLi\Result::row_array()
#0 C:\xampp\htdocs\e-smarcity\app\Controllers\Tentang.php(39): App\Models\Modeltentang->download('1_8QgPF5tXwo5Nq...')
#1 C:\xampp\htdocs\e-smarcity\system\CodeIgniter.php(964): App\Controllers\Tentang->download('1_8QgPF5tXwo5Nq...')
#2 C:\xampp\htdocs\e-smarcity\system\CodeIgniter.php(449): CodeIgniter\CodeIgniter->runController(Object(App\Controllers\Tentang))
#3 C:\xampp\htdocs\e-smarcity\system\CodeIgniter.php(357): CodeIgniter\CodeIgniter->handleRequest(NULL, Object(Config\Cache), false)
#4 C:\xampp\htdocs\e-smarcity\public\index.php(45): CodeIgniter\CodeIgniter->run()
#5 C:\xampp\htdocs\e-smarcity\system\Commands\Server\rewrite.php(35): require_once('C:\\xampp\\htdocs...')
#6 {main}
CRITICAL - 2020-11-16 21:33:55 --> Cannot use object of type CodeIgniter\Database\MySQLi\Result as array
#0 C:\xampp\htdocs\e-smarcity\system\CodeIgniter.php(964): App\Controllers\Tentang->download('1_8QgPF5tXwo5Nq...')
#1 C:\xampp\htdocs\e-smarcity\system\CodeIgniter.php(449): CodeIgniter\CodeIgniter->runController(Object(App\Controllers\Tentang))
#2 C:\xampp\htdocs\e-smarcity\system\CodeIgniter.php(357): CodeIgniter\CodeIgniter->handleRequest(NULL, Object(Config\Cache), false)
#3 C:\xampp\htdocs\e-smarcity\public\index.php(45): CodeIgniter\CodeIgniter->run()
#4 C:\xampp\htdocs\e-smarcity\system\Commands\Server\rewrite.php(35): require_once('C:\\xampp\\htdocs...')
#5 {main}
CRITICAL - 2020-11-16 21:36:20 --> Cannot use object of type CodeIgniter\Database\MySQLi\Result as array
#0 C:\xampp\htdocs\e-smarcity\system\CodeIgniter.php(964): App\Controllers\Tentang->download('1_8QgPF5tXwo5Nq...')
#1 C:\xampp\htdocs\e-smarcity\system\CodeIgniter.php(449): CodeIgniter\CodeIgniter->runController(Object(App\Controllers\Tentang))
#2 C:\xampp\htdocs\e-smarcity\system\CodeIgniter.php(357): CodeIgniter\CodeIgniter->handleRequest(NULL, Object(Config\Cache), false)
#3 C:\xampp\htdocs\e-smarcity\public\index.php(45): CodeIgniter\CodeIgniter->run()
#4 C:\xampp\htdocs\e-smarcity\system\Commands\Server\rewrite.php(35): require_once('C:\\xampp\\htdocs...')
#5 {main}
CRITICAL - 2020-11-16 21:36:58 --> Cannot use object of type CodeIgniter\Database\MySQLi\Result as array
#0 C:\xampp\htdocs\e-smarcity\system\CodeIgniter.php(964): App\Controllers\Tentang->download('1_8QgPF5tXwo5Nq...')
#1 C:\xampp\htdocs\e-smarcity\system\CodeIgniter.php(449): CodeIgniter\CodeIgniter->runController(Object(App\Controllers\Tentang))
#2 C:\xampp\htdocs\e-smarcity\system\CodeIgniter.php(357): CodeIgniter\CodeIgniter->handleRequest(NULL, Object(Config\Cache), false)
#3 C:\xampp\htdocs\e-smarcity\public\index.php(45): CodeIgniter\CodeIgniter->run()
#4 C:\xampp\htdocs\e-smarcity\system\Commands\Server\rewrite.php(35): require_once('C:\\xampp\\htdocs...')
#5 {main}
CRITICAL - 2020-11-16 21:37:02 --> Cannot use object of type CodeIgniter\Database\MySQLi\Result as array
#0 C:\xampp\htdocs\e-smarcity\system\CodeIgniter.php(964): App\Controllers\Tentang->download('1_8QgPF5tXwo5Nq...')
#1 C:\xampp\htdocs\e-smarcity\system\CodeIgniter.php(449): CodeIgniter\CodeIgniter->runController(Object(App\Controllers\Tentang))
#2 C:\xampp\htdocs\e-smarcity\system\CodeIgniter.php(357): CodeIgniter\CodeIgniter->handleRequest(NULL, Object(Config\Cache), false)
#3 C:\xampp\htdocs\e-smarcity\public\index.php(45): CodeIgniter\CodeIgniter->run()
#4 C:\xampp\htdocs\e-smarcity\system\Commands\Server\rewrite.php(35): require_once('C:\\xampp\\htdocs...')
#5 {main}
CRITICAL - 2020-11-16 21:44:50 --> Class 'App\Controllers\Modeldownload' not found
#0 C:\xampp\htdocs\e-smarcity\system\CodeIgniter.php(964): App\Controllers\Tentang->download('1_8QgPF5tXwo5Nq...')
#1 C:\xampp\htdocs\e-smarcity\system\CodeIgniter.php(449): CodeIgniter\CodeIgniter->runController(Object(App\Controllers\Tentang))
#2 C:\xampp\htdocs\e-smarcity\system\CodeIgniter.php(357): CodeIgniter\CodeIgniter->handleRequest(NULL, Object(Config\Cache), false)
#3 C:\xampp\htdocs\e-smarcity\public\index.php(45): CodeIgniter\CodeIgniter->run()
#4 C:\xampp\htdocs\e-smarcity\system\Commands\Server\rewrite.php(35): require_once('C:\\xampp\\htdocs...')
#5 {main}
CRITICAL - 2020-11-16 21:45:06 --> Trying to access array offset on value of type null
#0 C:\xampp\htdocs\e-smarcity\app\Controllers\Tentang.php(41): CodeIgniter\Debug\Exceptions->errorHandler(8, 'Trying to acces...', 'C:\\xampp\\htdocs...', 41, Array)
#1 C:\xampp\htdocs\e-smarcity\system\CodeIgniter.php(964): App\Controllers\Tentang->download('1_8QgPF5tXwo5Nq...')
#2 C:\xampp\htdocs\e-smarcity\system\CodeIgniter.php(449): CodeIgniter\CodeIgniter->runController(Object(App\Controllers\Tentang))
#3 C:\xampp\htdocs\e-smarcity\system\CodeIgniter.php(357): CodeIgniter\CodeIgniter->handleRequest(NULL, Object(Config\Cache), false)
#4 C:\xampp\htdocs\e-smarcity\public\index.php(45): CodeIgniter\CodeIgniter->run()
#5 C:\xampp\htdocs\e-smarcity\system\Commands\Server\rewrite.php(35): require_once('C:\\xampp\\htdocs...')
#6 {main}
CRITICAL - 2020-11-16 21:45:18 --> Cannot use object of type CodeIgniter\Database\MySQLi\Result as array
#0 C:\xampp\htdocs\e-smarcity\system\CodeIgniter.php(964): App\Controllers\Tentang->download('1_8QgPF5tXwo5Nq...')
#1 C:\xampp\htdocs\e-smarcity\system\CodeIgniter.php(449): CodeIgniter\CodeIgniter->runController(Object(App\Controllers\Tentang))
#2 C:\xampp\htdocs\e-smarcity\system\CodeIgniter.php(357): CodeIgniter\CodeIgniter->handleRequest(NULL, Object(Config\Cache), false)
#3 C:\xampp\htdocs\e-smarcity\public\index.php(45): CodeIgniter\CodeIgniter->run()
#4 C:\xampp\htdocs\e-smarcity\system\Commands\Server\rewrite.php(35): require_once('C:\\xampp\\htdocs...')
#5 {main}
CRITICAL - 2020-11-16 21:46:19 --> Trying to access array offset on value of type null
#0 C:\xampp\htdocs\e-smarcity\app\Controllers\Tentang.php(41): CodeIgniter\Debug\Exceptions->errorHandler(8, 'Trying to acces...', 'C:\\xampp\\htdocs...', 41, Array)
#1 C:\xampp\htdocs\e-smarcity\system\CodeIgniter.php(964): App\Controllers\Tentang->download('1_8QgPF5tXwo5Nq...')
#2 C:\xampp\htdocs\e-smarcity\system\CodeIgniter.php(449): CodeIgniter\CodeIgniter->runController(Object(App\Controllers\Tentang))
#3 C:\xampp\htdocs\e-smarcity\system\CodeIgniter.php(357): CodeIgniter\CodeIgniter->handleRequest(NULL, Object(Config\Cache), false)
#4 C:\xampp\htdocs\e-smarcity\public\index.php(45): CodeIgniter\CodeIgniter->run()
#5 C:\xampp\htdocs\e-smarcity\system\Commands\Server\rewrite.php(35): require_once('C:\\xampp\\htdocs...')
#6 {main}
CRITICAL - 2020-11-16 21:46:45 --> Call to undefined function App\Controllers\force_download()
#0 C:\xampp\htdocs\e-smarcity\system\CodeIgniter.php(964): App\Controllers\Tentang->download('1_8QgPF5tXwo5Nq...')
#1 C:\xampp\htdocs\e-smarcity\system\CodeIgniter.php(449): CodeIgniter\CodeIgniter->runController(Object(App\Controllers\Tentang))
#2 C:\xampp\htdocs\e-smarcity\system\CodeIgniter.php(357): CodeIgniter\CodeIgniter->handleRequest(NULL, Object(Config\Cache), false)
#3 C:\xampp\htdocs\e-smarcity\public\index.php(45): CodeIgniter\CodeIgniter->run()
#4 C:\xampp\htdocs\e-smarcity\system\Commands\Server\rewrite.php(35): require_once('C:\\xampp\\htdocs...')
#5 {main}
CRITICAL - 2020-11-16 21:47:03 --> Trying to access array offset on value of type null
#0 C:\xampp\htdocs\e-smarcity\app\Controllers\Tentang.php(41): CodeIgniter\Debug\Exceptions->errorHandler(8, 'Trying to acces...', 'C:\\xampp\\htdocs...', 41, Array)
#1 C:\xampp\htdocs\e-smarcity\system\CodeIgniter.php(964): App\Controllers\Tentang->download('1_8QgPF5tXwo5Nq...')
#2 C:\xampp\htdocs\e-smarcity\system\CodeIgniter.php(449): CodeIgniter\CodeIgniter->runController(Object(App\Controllers\Tentang))
#3 C:\xampp\htdocs\e-smarcity\system\CodeIgniter.php(357): CodeIgniter\CodeIgniter->handleRequest(NULL, Object(Config\Cache), false)
#4 C:\xampp\htdocs\e-smarcity\public\index.php(45): CodeIgniter\CodeIgniter->run()
#5 C:\xampp\htdocs\e-smarcity\system\Commands\Server\rewrite.php(35): require_once('C:\\xampp\\htdocs...')
#6 {main}
CRITICAL - 2020-11-16 21:59:23 --> Trying to access array offset on value of type null
#0 C:\xampp\htdocs\e-smarcity\app\Controllers\Tentang.php(41): CodeIgniter\Debug\Exceptions->errorHandler(8, 'Trying to acces...', 'C:\\xampp\\htdocs...', 41, Array)
#1 C:\xampp\htdocs\e-smarcity\system\CodeIgniter.php(964): App\Controllers\Tentang->download('1_8QgPF5tXwo5Nq...')
#2 C:\xampp\htdocs\e-smarcity\system\CodeIgniter.php(449): CodeIgniter\CodeIgniter->runController(Object(App\Controllers\Tentang))
#3 C:\xampp\htdocs\e-smarcity\system\CodeIgniter.php(357): CodeIgniter\CodeIgniter->handleRequest(NULL, Object(Config\Cache), false)
#4 C:\xampp\htdocs\e-smarcity\public\index.php(45): CodeIgniter\CodeIgniter->run()
#5 C:\xampp\htdocs\e-smarcity\system\Commands\Server\rewrite.php(35): require_once('C:\\xampp\\htdocs...')
#6 {main}
CRITICAL - 2020-11-16 21:59:52 --> Trying to access array offset on value of type null
#0 C:\xampp\htdocs\e-smarcity\app\Controllers\Tentang.php(41): CodeIgniter\Debug\Exceptions->errorHandler(8, 'Trying to acces...', 'C:\\xampp\\htdocs...', 41, Array)
#1 C:\xampp\htdocs\e-smarcity\system\CodeIgniter.php(964): App\Controllers\Tentang->download('1_8QgPF5tXwo5Nq...')
#2 C:\xampp\htdocs\e-smarcity\system\CodeIgniter.php(449): CodeIgniter\CodeIgniter->runController(Object(App\Controllers\Tentang))
#3 C:\xampp\htdocs\e-smarcity\system\CodeIgniter.php(357): CodeIgniter\CodeIgniter->handleRequest(NULL, Object(Config\Cache), false)
#4 C:\xampp\htdocs\e-smarcity\public\index.php(45): CodeIgniter\CodeIgniter->run()
#5 C:\xampp\htdocs\e-smarcity\system\Commands\Server\rewrite.php(35): require_once('C:\\xampp\\htdocs...')
#6 {main}
CRITICAL - 2020-11-16 22:01:07 --> Maximum execution time of 60 seconds exceeded
#0 [internal function]: CodeIgniter\Debug\Exceptions->shutdownHandler()
#1 {main}
CRITICAL - 2020-11-16 22:03:33 --> Maximum execution time of 60 seconds exceeded
#0 [internal function]: CodeIgniter\Debug\Exceptions->shutdownHandler()
#1 {main}
CRITICAL - 2020-11-16 22:06:08 --> Maximum execution time of 60 seconds exceeded
#0 [internal function]: CodeIgniter\Debug\Exceptions->shutdownHandler()
#1 {main}
CRITICAL - 2020-11-16 22:07:33 --> Maximum execution time of 60 seconds exceeded
#0 [internal function]: CodeIgniter\Debug\Exceptions->shutdownHandler()
#1 {main}
CRITICAL - 2020-11-16 22:09:13 --> Maximum execution time of 60 seconds exceeded
#0 [internal function]: CodeIgniter\Debug\Exceptions->shutdownHandler()
#1 {main}
CRITICAL - 2020-11-16 22:11:23 --> Undefined variable: pat
#0 C:\xampp\htdocs\e-smarcity\app\Controllers\Tentang.php(32): CodeIgniter\Debug\Exceptions->errorHandler(8, 'Undefined varia...', 'C:\\xampp\\htdocs...', 32, Array)
#1 C:\xampp\htdocs\e-smarcity\system\CodeIgniter.php(964): App\Controllers\Tentang->file('5dedd7b85049677...')
#2 C:\xampp\htdocs\e-smarcity\system\CodeIgniter.php(449): CodeIgniter\CodeIgniter->runController(Object(App\Controllers\Tentang))
#3 C:\xampp\htdocs\e-smarcity\system\CodeIgniter.php(357): CodeIgniter\CodeIgniter->handleRequest(NULL, Object(Config\Cache), false)
#4 C:\xampp\htdocs\e-smarcity\public\index.php(45): CodeIgniter\CodeIgniter->run()
#5 C:\xampp\htdocs\e-smarcity\system\Commands\Server\rewrite.php(35): require_once('C:\\xampp\\htdocs...')
#6 {main}
CRITICAL - 2020-11-16 22:12:59 --> file_get_contents(public/assets/img/file/): failed to open stream: No such file or directory
#0 [internal function]: CodeIgniter\Debug\Exceptions->errorHandler(2, 'file_get_conten...', 'C:\\xampp\\htdocs...', 33, Array)
#1 C:\xampp\htdocs\e-smarcity\app\Controllers\Tentang.php(33): file_get_contents('public/assets/i...')
#2 C:\xampp\htdocs\e-smarcity\system\CodeIgniter.php(964): App\Controllers\Tentang->file('1_8QgPF5tXwo5Nq...')
#3 C:\xampp\htdocs\e-smarcity\system\CodeIgniter.php(449): CodeIgniter\CodeIgniter->runController(Object(App\Controllers\Tentang))
#4 C:\xampp\htdocs\e-smarcity\system\CodeIgniter.php(357): CodeIgniter\CodeIgniter->handleRequest(NULL, Object(Config\Cache), false)
#5 C:\xampp\htdocs\e-smarcity\public\index.php(45): CodeIgniter\CodeIgniter->run()
#6 C:\xampp\htdocs\e-smarcity\system\Commands\Server\rewrite.php(35): require_once('C:\\xampp\\htdocs...')
#7 {main}
CRITICAL - 2020-11-16 22:14:35 --> Maximum execution time of 60 seconds exceeded
#0 [internal function]: CodeIgniter\Debug\Exceptions->shutdownHandler()
#1 {main}
CRITICAL - 2020-11-16 22:15:04 --> file_get_contents(public/assets/img/file/): failed to open stream: No such file or directory
#0 [internal function]: CodeIgniter\Debug\Exceptions->errorHandler(2, 'file_get_conten...', 'C:\\xampp\\htdocs...', 33, Array)
#1 C:\xampp\htdocs\e-smarcity\app\Controllers\Tentang.php(33): file_get_contents('public/assets/i...')
#2 C:\xampp\htdocs\e-smarcity\system\CodeIgniter.php(964): App\Controllers\Tentang->file('1_8QgPF5tXwo5Nq...')
#3 C:\xampp\htdocs\e-smarcity\system\CodeIgniter.php(449): CodeIgniter\CodeIgniter->runController(Object(App\Controllers\Tentang))
#4 C:\xampp\htdocs\e-smarcity\system\CodeIgniter.php(357): CodeIgniter\CodeIgniter->handleRequest(NULL, Object(Config\Cache), false)
#5 C:\xampp\htdocs\e-smarcity\public\index.php(45): CodeIgniter\CodeIgniter->run()
#6 C:\xampp\htdocs\e-smarcity\system\Commands\Server\rewrite.php(35): require_once('C:\\xampp\\htdocs...')
#7 {main}
CRITICAL - 2020-11-16 22:15:34 --> file_get_contents(public/assets/img/file/): failed to open stream: No such file or directory
#0 [internal function]: CodeIgniter\Debug\Exceptions->errorHandler(2, 'file_get_conten...', 'C:\\xampp\\htdocs...', 33, Array)
#1 C:\xampp\htdocs\e-smarcity\app\Controllers\Tentang.php(33): file_get_contents('public/assets/i...')
#2 C:\xampp\htdocs\e-smarcity\system\CodeIgniter.php(964): App\Controllers\Tentang->file('Bab I, II, III....')
#3 C:\xampp\htdocs\e-smarcity\system\CodeIgniter.php(449): CodeIgniter\CodeIgniter->runController(Object(App\Controllers\Tentang))
#4 C:\xampp\htdocs\e-smarcity\system\CodeIgniter.php(357): CodeIgniter\CodeIgniter->handleRequest(NULL, Object(Config\Cache), false)
#5 C:\xampp\htdocs\e-smarcity\public\index.php(45): CodeIgniter\CodeIgniter->run()
#6 C:\xampp\htdocs\e-smarcity\system\Commands\Server\rewrite.php(35): require_once('C:\\xampp\\htdocs...')
#7 {main}
CRITICAL - 2020-11-16 22:17:12 --> Maximum execution time of 60 seconds exceeded
#0 [internal function]: CodeIgniter\Debug\Exceptions->shutdownHandler()
#1 {main}
CRITICAL - 2020-11-16 22:17:12 --> file_get_contents(public/assets/img/file/): failed to open stream: No such file or directory
#0 [internal function]: CodeIgniter\Debug\Exceptions->errorHandler(2, 'file_get_conten...', 'C:\\xampp\\htdocs...', 33, Array)
#1 C:\xampp\htdocs\e-smarcity\app\Controllers\Tentang.php(33): file_get_contents('public/assets/i...')
#2 C:\xampp\htdocs\e-smarcity\system\CodeIgniter.php(964): App\Controllers\Tentang->file('Bab I, II, III....')
#3 C:\xampp\htdocs\e-smarcity\system\CodeIgniter.php(449): CodeIgniter\CodeIgniter->runController(Object(App\Controllers\Tentang))
#4 C:\xampp\htdocs\e-smarcity\system\CodeIgniter.php(357): CodeIgniter\CodeIgniter->handleRequest(NULL, Object(Config\Cache), false)
#5 C:\xampp\htdocs\e-smarcity\public\index.php(45): CodeIgniter\CodeIgniter->run()
#6 C:\xampp\htdocs\e-smarcity\system\Commands\Server\rewrite.php(35): require_once('C:\\xampp\\htdocs...')
#7 {main}
CRITICAL - 2020-11-16 22:17:13 --> file_get_contents(public/assets/img/file/): failed to open stream: No such file or directory
#0 [internal function]: CodeIgniter\Debug\Exceptions->errorHandler(2, 'file_get_conten...', 'C:\\xampp\\htdocs...', 33, Array)
#1 C:\xampp\htdocs\e-smarcity\app\Controllers\Tentang.php(33): file_get_contents('public/assets/i...')
#2 C:\xampp\htdocs\e-smarcity\system\CodeIgniter.php(964): App\Controllers\Tentang->file('5dedd7b85049677...')
#3 C:\xampp\htdocs\e-smarcity\system\CodeIgniter.php(449): CodeIgniter\CodeIgniter->runController(Object(App\Controllers\Tentang))
#4 C:\xampp\htdocs\e-smarcity\system\CodeIgniter.php(357): CodeIgniter\CodeIgniter->handleRequest(NULL, Object(Config\Cache), false)
#5 C:\xampp\htdocs\e-smarcity\public\index.php(45): CodeIgniter\CodeIgniter->run()
#6 C:\xampp\htdocs\e-smarcity\system\Commands\Server\rewrite.php(35): require_once('C:\\xampp\\htdocs...')
#7 {main}
CRITICAL - 2020-11-16 22:19:13 --> Call to undefined function App\Controllers\force_download()
#0 C:\xampp\htdocs\e-smarcity\system\CodeIgniter.php(964): App\Controllers\Tentang->file('1_8QgPF5tXwo5Nq...')
#1 C:\xampp\htdocs\e-smarcity\system\CodeIgniter.php(449): CodeIgniter\CodeIgniter->runController(Object(App\Controllers\Tentang))
#2 C:\xampp\htdocs\e-smarcity\system\CodeIgniter.php(357): CodeIgniter\CodeIgniter->handleRequest(NULL, Object(Config\Cache), false)
#3 C:\xampp\htdocs\e-smarcity\public\index.php(45): CodeIgniter\CodeIgniter->run()
#4 C:\xampp\htdocs\e-smarcity\system\Commands\Server\rewrite.php(35): require_once('C:\\xampp\\htdocs...')
#5 {main}
