CRITICAL - 2020-10-15 21:13:40 --> Undefined variable: kategori
#0 C:\xampp\htdocs\e-smarcity\app\Views\layout\v_content.php(3): CodeIgniter\Debug\Exceptions->errorHandler(8, 'Undefined varia...', 'C:\\xampp\\htdocs...', 3, Array)
#1 C:\xampp\htdocs\e-smarcity\system\View\View.php(241): include('C:\\xampp\\htdocs...')
#2 C:\xampp\htdocs\e-smarcity\system\Common.php(1217): CodeIgniter\View\View->render('layout/v_conten...', Array, true)
#3 C:\xampp\htdocs\e-smarcity\app\Views\layout\v_wrapper.php(5): view('layout/v_conten...')
#4 C:\xampp\htdocs\e-smarcity\system\View\View.php(241): include('C:\\xampp\\htdocs...')
#5 C:\xampp\htdocs\e-smarcity\system\Common.php(1217): CodeIgniter\View\View->render('layout/v_wrappe...', Array, true)
#6 C:\xampp\htdocs\e-smarcity\app\Controllers\Homefront.php(13): view('layout/v_wrappe...', Array)
#7 C:\xampp\htdocs\e-smarcity\system\CodeIgniter.php(964): App\Controllers\Homefront->index()
#8 C:\xampp\htdocs\e-smarcity\system\CodeIgniter.php(449): CodeIgniter\CodeIgniter->runController(Object(App\Controllers\Homefront))
#9 C:\xampp\htdocs\e-smarcity\system\CodeIgniter.php(357): CodeIgniter\CodeIgniter->handleRequest(NULL, Object(Config\Cache), false)
#10 C:\xampp\htdocs\e-smarcity\public\index.php(45): CodeIgniter\CodeIgniter->run()
#11 C:\xampp\htdocs\e-smarcity\system\Commands\Server\rewrite.php(35): require_once('C:\\xampp\\htdocs...')
#12 {main}
CRITICAL - 2020-10-15 21:16:46 --> Undefined variable: kategori
#0 C:\xampp\htdocs\e-smarcity\app\Views\layout\v_content.php(15): CodeIgniter\Debug\Exceptions->errorHandler(8, 'Undefined varia...', 'C:\\xampp\\htdocs...', 15, Array)
#1 C:\xampp\htdocs\e-smarcity\system\View\View.php(241): include('C:\\xampp\\htdocs...')
#2 C:\xampp\htdocs\e-smarcity\system\Common.php(1217): CodeIgniter\View\View->render('layout/v_conten...', Array, true)
#3 C:\xampp\htdocs\e-smarcity\app\Views\layout\v_wrapper.php(5): view('layout/v_conten...')
#4 C:\xampp\htdocs\e-smarcity\system\View\View.php(241): include('C:\\xampp\\htdocs...')
#5 C:\xampp\htdocs\e-smarcity\system\Common.php(1217): CodeIgniter\View\View->render('layout/v_wrappe...', Array, true)
#6 C:\xampp\htdocs\e-smarcity\app\Controllers\Homefront.php(13): view('layout/v_wrappe...', Array)
#7 C:\xampp\htdocs\e-smarcity\system\CodeIgniter.php(964): App\Controllers\Homefront->index()
#8 C:\xampp\htdocs\e-smarcity\system\CodeIgniter.php(449): CodeIgniter\CodeIgniter->runController(Object(App\Controllers\Homefront))
#9 C:\xampp\htdocs\e-smarcity\system\CodeIgniter.php(357): CodeIgniter\CodeIgniter->handleRequest(NULL, Object(Config\Cache), false)
#10 C:\xampp\htdocs\e-smarcity\public\index.php(45): CodeIgniter\CodeIgniter->run()
#11 C:\xampp\htdocs\e-smarcity\system\Commands\Server\rewrite.php(35): require_once('C:\\xampp\\htdocs...')
#12 {main}
