ERROR - 2020-10-26 11:02:32 --> mysqli_sql_exception: Table 'portal.modal' doesn't exist in C:\xampp\htdocs\e-smarcity\e-smarcity\system\Database\MySQLi\Connection.php:331
Stack trace:
#0 C:\xampp\htdocs\e-smarcity\e-smarcity\system\Database\MySQLi\Connection.php(331): mysqli->query('SELECT *\nFROM `...')
#1 C:\xampp\htdocs\e-smarcity\e-smarcity\system\Database\BaseConnection.php(724): CodeIgniter\Database\MySQLi\Connection->execute('SELECT *\nFROM `...')
#2 C:\xampp\htdocs\e-smarcity\e-smarcity\system\Database\BaseConnection.php(652): CodeIgniter\Database\BaseConnection->simpleQuery('SELECT *\nFROM `...')
#3 C:\xampp\htdocs\e-smarcity\e-smarcity\system\Database\BaseBuilder.php(1871): CodeIgniter\Database\BaseConnection->query('SELECT *\nFROM `...', Array, false)
#4 C:\xampp\htdocs\e-smarcity\e-smarcity\system\Model.php(517): CodeIgniter\Database\BaseBuilder->get()
#5 C:\xampp\htdocs\e-smarcity\e-smarcity\app\Models\ModelsBlog.php(10): CodeIgniter\Model->findAll()
#6 C:\xampp\htdocs\e-smarcity\e-smarcity\app\Controllers\Blog.php(14): App\Models\ModelsBlog->getArtikel()
#7 C:\xampp\htdocs\e-smarcity\e-smarcity\system\CodeIgniter.php(964): App\Controllers\Blog->index()
#8 C:\xampp\htdocs\e-smarcity\e-smarcity\system\CodeIgniter.php(449): CodeIgniter\CodeIgniter->runController(Object(App\Controllers\Blog))
#9 C:\xampp\htdocs\e-smarcity\e-smarcity\system\CodeIgniter.php(357): CodeIgniter\CodeIgniter->handleRequest(NULL, Object(Config\Cache), false)
#10 C:\xampp\htdocs\e-smarcity\e-smarcity\public\index.php(45): CodeIgniter\CodeIgniter->run()
#11 C:\xampp\htdocs\e-smarcity\e-smarcity\system\Commands\Server\rewrite.php(35): require_once('C:\\xampp\\htdocs...')
#12 {main}
CRITICAL - 2020-10-26 11:02:32 --> Table 'portal.modal' doesn't exist
#0 C:\xampp\htdocs\e-smarcity\e-smarcity\system\Database\MySQLi\Connection.php(331): mysqli->query('SELECT *\nFROM `...')
#1 C:\xampp\htdocs\e-smarcity\e-smarcity\system\Database\BaseConnection.php(724): CodeIgniter\Database\MySQLi\Connection->execute('SELECT *\nFROM `...')
#2 C:\xampp\htdocs\e-smarcity\e-smarcity\system\Database\BaseConnection.php(652): CodeIgniter\Database\BaseConnection->simpleQuery('SELECT *\nFROM `...')
#3 C:\xampp\htdocs\e-smarcity\e-smarcity\system\Database\BaseBuilder.php(1871): CodeIgniter\Database\BaseConnection->query('SELECT *\nFROM `...', Array, false)
#4 C:\xampp\htdocs\e-smarcity\e-smarcity\system\Model.php(517): CodeIgniter\Database\BaseBuilder->get()
#5 C:\xampp\htdocs\e-smarcity\e-smarcity\app\Models\ModelsBlog.php(10): CodeIgniter\Model->findAll()
#6 C:\xampp\htdocs\e-smarcity\e-smarcity\app\Controllers\Blog.php(14): App\Models\ModelsBlog->getArtikel()
#7 C:\xampp\htdocs\e-smarcity\e-smarcity\system\CodeIgniter.php(964): App\Controllers\Blog->index()
#8 C:\xampp\htdocs\e-smarcity\e-smarcity\system\CodeIgniter.php(449): CodeIgniter\CodeIgniter->runController(Object(App\Controllers\Blog))
#9 C:\xampp\htdocs\e-smarcity\e-smarcity\system\CodeIgniter.php(357): CodeIgniter\CodeIgniter->handleRequest(NULL, Object(Config\Cache), false)
#10 C:\xampp\htdocs\e-smarcity\e-smarcity\public\index.php(45): CodeIgniter\CodeIgniter->run()
#11 C:\xampp\htdocs\e-smarcity\e-smarcity\system\Commands\Server\rewrite.php(35): require_once('C:\\xampp\\htdocs...')
#12 {main}
ERROR - 2020-10-26 11:40:37 --> Error connecting to the database: No connection could be made because the target machine actively refused it.

CRITICAL - 2020-10-26 11:40:37 --> Unable to connect to the database.
#0 C:\xampp\htdocs\e-smarcity\e-smarcity\system\Database\BaseConnection.php(629): CodeIgniter\Database\BaseConnection->initialize()
#1 C:\xampp\htdocs\e-smarcity\e-smarcity\system\Database\BaseBuilder.php(1871): CodeIgniter\Database\BaseConnection->query('SELECT *\nFROM `...', Array, false)
#2 C:\xampp\htdocs\e-smarcity\e-smarcity\system\Model.php(517): CodeIgniter\Database\BaseBuilder->get()
#3 C:\xampp\htdocs\e-smarcity\e-smarcity\app\Controllers\Homefront.php(21): CodeIgniter\Model->findAll()
#4 C:\xampp\htdocs\e-smarcity\e-smarcity\system\CodeIgniter.php(964): App\Controllers\Homefront->index()
#5 C:\xampp\htdocs\e-smarcity\e-smarcity\system\CodeIgniter.php(449): CodeIgniter\CodeIgniter->runController(Object(App\Controllers\Homefront))
#6 C:\xampp\htdocs\e-smarcity\e-smarcity\system\CodeIgniter.php(357): CodeIgniter\CodeIgniter->handleRequest(NULL, Object(Config\Cache), false)
#7 C:\xampp\htdocs\e-smarcity\e-smarcity\public\index.php(45): CodeIgniter\CodeIgniter->run()
#8 C:\xampp\htdocs\e-smarcity\e-smarcity\system\Commands\Server\rewrite.php(35): require_once('C:\\xampp\\htdocs...')
#9 {main}
ERROR - 2020-10-26 12:01:00 --> Error connecting to the database: No connection could be made because the target machine actively refused it.

CRITICAL - 2020-10-26 12:01:00 --> Unable to connect to the database.
#0 C:\xampp\htdocs\e-smarcity\e-smarcity\system\Database\BaseConnection.php(629): CodeIgniter\Database\BaseConnection->initialize()
#1 C:\xampp\htdocs\e-smarcity\e-smarcity\system\Database\BaseBuilder.php(1871): CodeIgniter\Database\BaseConnection->query('SELECT *\nFROM `...', Array, false)
#2 C:\xampp\htdocs\e-smarcity\e-smarcity\system\Model.php(517): CodeIgniter\Database\BaseBuilder->get()
#3 C:\xampp\htdocs\e-smarcity\e-smarcity\app\Controllers\User.php(19): CodeIgniter\Model->findAll()
#4 C:\xampp\htdocs\e-smarcity\e-smarcity\system\CodeIgniter.php(964): App\Controllers\User->index()
#5 C:\xampp\htdocs\e-smarcity\e-smarcity\system\CodeIgniter.php(449): CodeIgniter\CodeIgniter->runController(Object(App\Controllers\User))
#6 C:\xampp\htdocs\e-smarcity\e-smarcity\system\CodeIgniter.php(357): CodeIgniter\CodeIgniter->handleRequest(NULL, Object(Config\Cache), false)
#7 C:\xampp\htdocs\e-smarcity\e-smarcity\public\index.php(45): CodeIgniter\CodeIgniter->run()
#8 C:\xampp\htdocs\e-smarcity\e-smarcity\system\Commands\Server\rewrite.php(35): require_once('C:\\xampp\\htdocs...')
#9 {main}
ERROR - 2020-10-26 12:01:21 --> Error connecting to the database: No connection could be made because the target machine actively refused it.

CRITICAL - 2020-10-26 12:01:21 --> Unable to connect to the database.
#0 C:\xampp\htdocs\e-smarcity\e-smarcity\system\Database\BaseConnection.php(629): CodeIgniter\Database\BaseConnection->initialize()
#1 C:\xampp\htdocs\e-smarcity\e-smarcity\system\Database\BaseBuilder.php(1871): CodeIgniter\Database\BaseConnection->query('SELECT *\nFROM `...', Array, false)
#2 C:\xampp\htdocs\e-smarcity\e-smarcity\system\Model.php(517): CodeIgniter\Database\BaseBuilder->get()
#3 C:\xampp\htdocs\e-smarcity\e-smarcity\app\Controllers\User.php(19): CodeIgniter\Model->findAll()
#4 C:\xampp\htdocs\e-smarcity\e-smarcity\system\CodeIgniter.php(964): App\Controllers\User->index()
#5 C:\xampp\htdocs\e-smarcity\e-smarcity\system\CodeIgniter.php(449): CodeIgniter\CodeIgniter->runController(Object(App\Controllers\User))
#6 C:\xampp\htdocs\e-smarcity\e-smarcity\system\CodeIgniter.php(357): CodeIgniter\CodeIgniter->handleRequest(NULL, Object(Config\Cache), false)
#7 C:\xampp\htdocs\e-smarcity\e-smarcity\public\index.php(45): CodeIgniter\CodeIgniter->run()
#8 C:\xampp\htdocs\e-smarcity\e-smarcity\system\Commands\Server\rewrite.php(35): require_once('C:\\xampp\\htdocs...')
#9 {main}
ERROR - 2020-10-26 12:01:33 --> Error connecting to the database: No connection could be made because the target machine actively refused it.

CRITICAL - 2020-10-26 12:01:33 --> Unable to connect to the database.
#0 C:\xampp\htdocs\e-smarcity\e-smarcity\system\Database\BaseConnection.php(629): CodeIgniter\Database\BaseConnection->initialize()
#1 C:\xampp\htdocs\e-smarcity\e-smarcity\system\Database\BaseBuilder.php(1871): CodeIgniter\Database\BaseConnection->query('SELECT *\nFROM `...', Array, false)
#2 C:\xampp\htdocs\e-smarcity\e-smarcity\system\Model.php(517): CodeIgniter\Database\BaseBuilder->get()
#3 C:\xampp\htdocs\e-smarcity\e-smarcity\app\Controllers\User.php(19): CodeIgniter\Model->findAll()
#4 C:\xampp\htdocs\e-smarcity\e-smarcity\system\CodeIgniter.php(964): App\Controllers\User->index()
#5 C:\xampp\htdocs\e-smarcity\e-smarcity\system\CodeIgniter.php(449): CodeIgniter\CodeIgniter->runController(Object(App\Controllers\User))
#6 C:\xampp\htdocs\e-smarcity\e-smarcity\system\CodeIgniter.php(357): CodeIgniter\CodeIgniter->handleRequest(NULL, Object(Config\Cache), false)
#7 C:\xampp\htdocs\e-smarcity\e-smarcity\public\index.php(45): CodeIgniter\CodeIgniter->run()
#8 C:\xampp\htdocs\e-smarcity\e-smarcity\system\Commands\Server\rewrite.php(35): require_once('C:\\xampp\\htdocs...')
#9 {main}
ERROR - 2020-10-26 12:06:08 --> Error connecting to the database: No connection could be made because the target machine actively refused it.

CRITICAL - 2020-10-26 12:06:08 --> Unable to connect to the database.
#0 C:\xampp\htdocs\e-smarcity\e-smarcity\system\Database\BaseConnection.php(629): CodeIgniter\Database\BaseConnection->initialize()
#1 C:\xampp\htdocs\e-smarcity\e-smarcity\system\Database\BaseBuilder.php(1871): CodeIgniter\Database\BaseConnection->query('SELECT *\nFROM `...', Array, false)
#2 C:\xampp\htdocs\e-smarcity\e-smarcity\system\Model.php(517): CodeIgniter\Database\BaseBuilder->get()
#3 C:\xampp\htdocs\e-smarcity\e-smarcity\app\Controllers\User.php(19): CodeIgniter\Model->findAll()
#4 C:\xampp\htdocs\e-smarcity\e-smarcity\system\CodeIgniter.php(964): App\Controllers\User->index()
#5 C:\xampp\htdocs\e-smarcity\e-smarcity\system\CodeIgniter.php(449): CodeIgniter\CodeIgniter->runController(Object(App\Controllers\User))
#6 C:\xampp\htdocs\e-smarcity\e-smarcity\system\CodeIgniter.php(357): CodeIgniter\CodeIgniter->handleRequest(NULL, Object(Config\Cache), false)
#7 C:\xampp\htdocs\e-smarcity\e-smarcity\public\index.php(45): CodeIgniter\CodeIgniter->run()
#8 C:\xampp\htdocs\e-smarcity\e-smarcity\system\Commands\Server\rewrite.php(35): require_once('C:\\xampp\\htdocs...')
#9 {main}
CRITICAL - 2020-10-26 12:12:54 --> Undefined variable: h
#0 C:\xampp\htdocs\e-smarcity\e-smarcity\app\Views\templateuser\v_content.php(31): CodeIgniter\Debug\Exceptions->errorHandler(8, 'Undefined varia...', 'C:\\xampp\\htdocs...', 31, Array)
#1 C:\xampp\htdocs\e-smarcity\e-smarcity\system\View\View.php(241): include('C:\\xampp\\htdocs...')
#2 C:\xampp\htdocs\e-smarcity\e-smarcity\system\Common.php(1217): CodeIgniter\View\View->render('templateuser/v_...', Array, true)
#3 C:\xampp\htdocs\e-smarcity\e-smarcity\app\Views\templateuser\v_wrapper.php(4): view('templateuser/v_...')
#4 C:\xampp\htdocs\e-smarcity\e-smarcity\system\View\View.php(241): include('C:\\xampp\\htdocs...')
#5 C:\xampp\htdocs\e-smarcity\e-smarcity\system\Common.php(1217): CodeIgniter\View\View->render('templateuser/v_...', Array, true)
#6 C:\xampp\htdocs\e-smarcity\e-smarcity\app\Controllers\User.php(26): view('templateuser/v_...', Array)
#7 C:\xampp\htdocs\e-smarcity\e-smarcity\system\CodeIgniter.php(964): App\Controllers\User->index()
#8 C:\xampp\htdocs\e-smarcity\e-smarcity\system\CodeIgniter.php(449): CodeIgniter\CodeIgniter->runController(Object(App\Controllers\User))
#9 C:\xampp\htdocs\e-smarcity\e-smarcity\system\CodeIgniter.php(357): CodeIgniter\CodeIgniter->handleRequest(NULL, Object(Config\Cache), false)
#10 C:\xampp\htdocs\e-smarcity\e-smarcity\public\index.php(45): CodeIgniter\CodeIgniter->run()
#11 C:\xampp\htdocs\e-smarcity\e-smarcity\system\Commands\Server\rewrite.php(35): require_once('C:\\xampp\\htdocs...')
#12 {main}
CRITICAL - 2020-10-26 12:13:07 --> Undefined variable: h
#0 C:\xampp\htdocs\e-smarcity\e-smarcity\app\Views\templateuser\v_content.php(31): CodeIgniter\Debug\Exceptions->errorHandler(8, 'Undefined varia...', 'C:\\xampp\\htdocs...', 31, Array)
#1 C:\xampp\htdocs\e-smarcity\e-smarcity\system\View\View.php(241): include('C:\\xampp\\htdocs...')
#2 C:\xampp\htdocs\e-smarcity\e-smarcity\system\Common.php(1217): CodeIgniter\View\View->render('templateuser/v_...', Array, true)
#3 C:\xampp\htdocs\e-smarcity\e-smarcity\app\Views\templateuser\v_wrapper.php(4): view('templateuser/v_...')
#4 C:\xampp\htdocs\e-smarcity\e-smarcity\system\View\View.php(241): include('C:\\xampp\\htdocs...')
#5 C:\xampp\htdocs\e-smarcity\e-smarcity\system\Common.php(1217): CodeIgniter\View\View->render('templateuser/v_...', Array, true)
#6 C:\xampp\htdocs\e-smarcity\e-smarcity\app\Controllers\User.php(26): view('templateuser/v_...', Array)
#7 C:\xampp\htdocs\e-smarcity\e-smarcity\system\CodeIgniter.php(964): App\Controllers\User->index()
#8 C:\xampp\htdocs\e-smarcity\e-smarcity\system\CodeIgniter.php(449): CodeIgniter\CodeIgniter->runController(Object(App\Controllers\User))
#9 C:\xampp\htdocs\e-smarcity\e-smarcity\system\CodeIgniter.php(357): CodeIgniter\CodeIgniter->handleRequest(NULL, Object(Config\Cache), false)
#10 C:\xampp\htdocs\e-smarcity\e-smarcity\public\index.php(45): CodeIgniter\CodeIgniter->run()
#11 C:\xampp\htdocs\e-smarcity\e-smarcity\system\Commands\Server\rewrite.php(35): require_once('C:\\xampp\\htdocs...')
#12 {main}
CRITICAL - 2020-10-26 12:13:22 --> Undefined index: gambar
#0 C:\xampp\htdocs\e-smarcity\e-smarcity\app\Views\templateuser\v_content.php(31): CodeIgniter\Debug\Exceptions->errorHandler(8, 'Undefined index...', 'C:\\xampp\\htdocs...', 31, Array)
#1 C:\xampp\htdocs\e-smarcity\e-smarcity\system\View\View.php(241): include('C:\\xampp\\htdocs...')
#2 C:\xampp\htdocs\e-smarcity\e-smarcity\system\Common.php(1217): CodeIgniter\View\View->render('templateuser/v_...', Array, true)
#3 C:\xampp\htdocs\e-smarcity\e-smarcity\app\Views\templateuser\v_wrapper.php(4): view('templateuser/v_...')
#4 C:\xampp\htdocs\e-smarcity\e-smarcity\system\View\View.php(241): include('C:\\xampp\\htdocs...')
#5 C:\xampp\htdocs\e-smarcity\e-smarcity\system\Common.php(1217): CodeIgniter\View\View->render('templateuser/v_...', Array, true)
#6 C:\xampp\htdocs\e-smarcity\e-smarcity\app\Controllers\User.php(26): view('templateuser/v_...', Array)
#7 C:\xampp\htdocs\e-smarcity\e-smarcity\system\CodeIgniter.php(964): App\Controllers\User->index()
#8 C:\xampp\htdocs\e-smarcity\e-smarcity\system\CodeIgniter.php(449): CodeIgniter\CodeIgniter->runController(Object(App\Controllers\User))
#9 C:\xampp\htdocs\e-smarcity\e-smarcity\system\CodeIgniter.php(357): CodeIgniter\CodeIgniter->handleRequest(NULL, Object(Config\Cache), false)
#10 C:\xampp\htdocs\e-smarcity\e-smarcity\public\index.php(45): CodeIgniter\CodeIgniter->run()
#11 C:\xampp\htdocs\e-smarcity\e-smarcity\system\Commands\Server\rewrite.php(35): require_once('C:\\xampp\\htdocs...')
#12 {main}
CRITICAL - 2020-10-26 12:13:41 --> Undefined index: nama_kategori
#0 C:\xampp\htdocs\e-smarcity\e-smarcity\app\Views\templateuser\v_content.php(33): CodeIgniter\Debug\Exceptions->errorHandler(8, 'Undefined index...', 'C:\\xampp\\htdocs...', 33, Array)
#1 C:\xampp\htdocs\e-smarcity\e-smarcity\system\View\View.php(241): include('C:\\xampp\\htdocs...')
#2 C:\xampp\htdocs\e-smarcity\e-smarcity\system\Common.php(1217): CodeIgniter\View\View->render('templateuser/v_...', Array, true)
#3 C:\xampp\htdocs\e-smarcity\e-smarcity\app\Views\templateuser\v_wrapper.php(4): view('templateuser/v_...')
#4 C:\xampp\htdocs\e-smarcity\e-smarcity\system\View\View.php(241): include('C:\\xampp\\htdocs...')
#5 C:\xampp\htdocs\e-smarcity\e-smarcity\system\Common.php(1217): CodeIgniter\View\View->render('templateuser/v_...', Array, true)
#6 C:\xampp\htdocs\e-smarcity\e-smarcity\app\Controllers\User.php(26): view('templateuser/v_...', Array)
#7 C:\xampp\htdocs\e-smarcity\e-smarcity\system\CodeIgniter.php(964): App\Controllers\User->index()
#8 C:\xampp\htdocs\e-smarcity\e-smarcity\system\CodeIgniter.php(449): CodeIgniter\CodeIgniter->runController(Object(App\Controllers\User))
#9 C:\xampp\htdocs\e-smarcity\e-smarcity\system\CodeIgniter.php(357): CodeIgniter\CodeIgniter->handleRequest(NULL, Object(Config\Cache), false)
#10 C:\xampp\htdocs\e-smarcity\e-smarcity\public\index.php(45): CodeIgniter\CodeIgniter->run()
#11 C:\xampp\htdocs\e-smarcity\e-smarcity\system\Commands\Server\rewrite.php(35): require_once('C:\\xampp\\htdocs...')
#12 {main}
CRITICAL - 2020-10-26 12:38:06 --> Undefined index: nama_kategori
#0 C:\xampp\htdocs\e-smarcity\e-smarcity\app\Views\templateuser\v_content.php(34): CodeIgniter\Debug\Exceptions->errorHandler(8, 'Undefined index...', 'C:\\xampp\\htdocs...', 34, Array)
#1 C:\xampp\htdocs\e-smarcity\e-smarcity\system\View\View.php(241): include('C:\\xampp\\htdocs...')
#2 C:\xampp\htdocs\e-smarcity\e-smarcity\system\Common.php(1217): CodeIgniter\View\View->render('templateuser/v_...', Array, true)
#3 C:\xampp\htdocs\e-smarcity\e-smarcity\app\Views\templateuser\v_wrapper.php(4): view('templateuser/v_...')
#4 C:\xampp\htdocs\e-smarcity\e-smarcity\system\View\View.php(241): include('C:\\xampp\\htdocs...')
#5 C:\xampp\htdocs\e-smarcity\e-smarcity\system\Common.php(1217): CodeIgniter\View\View->render('templateuser/v_...', Array, true)
#6 C:\xampp\htdocs\e-smarcity\e-smarcity\app\Controllers\User.php(26): view('templateuser/v_...', Array)
#7 C:\xampp\htdocs\e-smarcity\e-smarcity\system\CodeIgniter.php(964): App\Controllers\User->index()
#8 C:\xampp\htdocs\e-smarcity\e-smarcity\system\CodeIgniter.php(449): CodeIgniter\CodeIgniter->runController(Object(App\Controllers\User))
#9 C:\xampp\htdocs\e-smarcity\e-smarcity\system\CodeIgniter.php(357): CodeIgniter\CodeIgniter->handleRequest(NULL, Object(Config\Cache), false)
#10 C:\xampp\htdocs\e-smarcity\e-smarcity\public\index.php(45): CodeIgniter\CodeIgniter->run()
#11 C:\xampp\htdocs\e-smarcity\e-smarcity\system\Commands\Server\rewrite.php(35): require_once('C:\\xampp\\htdocs...')
#12 {main}
CRITICAL - 2020-10-26 12:38:20 --> Undefined index: nama_kategori
#0 C:\xampp\htdocs\e-smarcity\e-smarcity\app\Views\templateuser\v_content.php(34): CodeIgniter\Debug\Exceptions->errorHandler(8, 'Undefined index...', 'C:\\xampp\\htdocs...', 34, Array)
#1 C:\xampp\htdocs\e-smarcity\e-smarcity\system\View\View.php(241): include('C:\\xampp\\htdocs...')
#2 C:\xampp\htdocs\e-smarcity\e-smarcity\system\Common.php(1217): CodeIgniter\View\View->render('templateuser/v_...', Array, true)
#3 C:\xampp\htdocs\e-smarcity\e-smarcity\app\Views\templateuser\v_wrapper.php(4): view('templateuser/v_...')
#4 C:\xampp\htdocs\e-smarcity\e-smarcity\system\View\View.php(241): include('C:\\xampp\\htdocs...')
#5 C:\xampp\htdocs\e-smarcity\e-smarcity\system\Common.php(1217): CodeIgniter\View\View->render('templateuser/v_...', Array, true)
#6 C:\xampp\htdocs\e-smarcity\e-smarcity\app\Controllers\User.php(26): view('templateuser/v_...', Array)
#7 C:\xampp\htdocs\e-smarcity\e-smarcity\system\CodeIgniter.php(964): App\Controllers\User->index()
#8 C:\xampp\htdocs\e-smarcity\e-smarcity\system\CodeIgniter.php(449): CodeIgniter\CodeIgniter->runController(Object(App\Controllers\User))
#9 C:\xampp\htdocs\e-smarcity\e-smarcity\system\CodeIgniter.php(357): CodeIgniter\CodeIgniter->handleRequest(NULL, Object(Config\Cache), false)
#10 C:\xampp\htdocs\e-smarcity\e-smarcity\public\index.php(45): CodeIgniter\CodeIgniter->run()
#11 C:\xampp\htdocs\e-smarcity\e-smarcity\system\Commands\Server\rewrite.php(35): require_once('C:\\xampp\\htdocs...')
#12 {main}
CRITICAL - 2020-10-26 12:59:11 --> Undefined variable: link
#0 C:\xampp\htdocs\e-smarcity\e-smarcity\app\Views\templateuser\v_content.php(35): CodeIgniter\Debug\Exceptions->errorHandler(8, 'Undefined varia...', 'C:\\xampp\\htdocs...', 35, Array)
#1 C:\xampp\htdocs\e-smarcity\e-smarcity\system\View\View.php(241): include('C:\\xampp\\htdocs...')
#2 C:\xampp\htdocs\e-smarcity\e-smarcity\system\Common.php(1217): CodeIgniter\View\View->render('templateuser/v_...', Array, true)
#3 C:\xampp\htdocs\e-smarcity\e-smarcity\app\Views\templateuser\v_wrapper.php(4): view('templateuser/v_...')
#4 C:\xampp\htdocs\e-smarcity\e-smarcity\system\View\View.php(241): include('C:\\xampp\\htdocs...')
#5 C:\xampp\htdocs\e-smarcity\e-smarcity\system\Common.php(1217): CodeIgniter\View\View->render('templateuser/v_...', Array, true)
#6 C:\xampp\htdocs\e-smarcity\e-smarcity\app\Controllers\User.php(26): view('templateuser/v_...', Array)
#7 C:\xampp\htdocs\e-smarcity\e-smarcity\system\CodeIgniter.php(964): App\Controllers\User->index()
#8 C:\xampp\htdocs\e-smarcity\e-smarcity\system\CodeIgniter.php(449): CodeIgniter\CodeIgniter->runController(Object(App\Controllers\User))
#9 C:\xampp\htdocs\e-smarcity\e-smarcity\system\CodeIgniter.php(357): CodeIgniter\CodeIgniter->handleRequest(NULL, Object(Config\Cache), false)
#10 C:\xampp\htdocs\e-smarcity\e-smarcity\public\index.php(45): CodeIgniter\CodeIgniter->run()
#11 C:\xampp\htdocs\e-smarcity\e-smarcity\system\Commands\Server\rewrite.php(35): require_once('C:\\xampp\\htdocs...')
#12 {main}
CRITICAL - 2020-10-26 13:03:29 --> syntax error, unexpected '=', expecting ';' or ','
#0 C:\xampp\htdocs\e-smarcity\e-smarcity\system\Common.php(1217): CodeIgniter\View\View->render('templateuser/v_...', Array, true)
#1 C:\xampp\htdocs\e-smarcity\e-smarcity\app\Views\templateuser\v_wrapper.php(4): view('templateuser/v_...')
#2 C:\xampp\htdocs\e-smarcity\e-smarcity\system\View\View.php(241): include('C:\\xampp\\htdocs...')
#3 C:\xampp\htdocs\e-smarcity\e-smarcity\system\Common.php(1217): CodeIgniter\View\View->render('templateuser/v_...', Array, true)
#4 C:\xampp\htdocs\e-smarcity\e-smarcity\app\Controllers\User.php(26): view('templateuser/v_...', Array)
#5 C:\xampp\htdocs\e-smarcity\e-smarcity\system\CodeIgniter.php(964): App\Controllers\User->index()
#6 C:\xampp\htdocs\e-smarcity\e-smarcity\system\CodeIgniter.php(449): CodeIgniter\CodeIgniter->runController(Object(App\Controllers\User))
#7 C:\xampp\htdocs\e-smarcity\e-smarcity\system\CodeIgniter.php(357): CodeIgniter\CodeIgniter->handleRequest(NULL, Object(Config\Cache), false)
#8 C:\xampp\htdocs\e-smarcity\e-smarcity\public\index.php(45): CodeIgniter\CodeIgniter->run()
#9 C:\xampp\htdocs\e-smarcity\e-smarcity\system\Commands\Server\rewrite.php(35): require_once('C:\\xampp\\htdocs...')
#10 {main}
