CRITICAL - 2020-11-01 21:54:02 --> Undefined variable: login
#0 C:\xampp\htdocs\e-smarcity\app\Views\dashboard.php(224): CodeIgniter\Debug\Exceptions->errorHandler(8, 'Undefined varia...', 'C:\\xampp\\htdocs...', 224, Array)
#1 C:\xampp\htdocs\e-smarcity\system\View\View.php(241): include('C:\\xampp\\htdocs...')
#2 C:\xampp\htdocs\e-smarcity\system\Common.php(1217): CodeIgniter\View\View->render('dashboard', Array, true)
#3 C:\xampp\htdocs\e-smarcity\app\Controllers\Home.php(42): view('dashboard', Array)
#4 C:\xampp\htdocs\e-smarcity\system\CodeIgniter.php(964): App\Controllers\Home->dashboard()
#5 C:\xampp\htdocs\e-smarcity\system\CodeIgniter.php(449): CodeIgniter\CodeIgniter->runController(Object(App\Controllers\Home))
#6 C:\xampp\htdocs\e-smarcity\system\CodeIgniter.php(357): CodeIgniter\CodeIgniter->handleRequest(NULL, Object(Config\Cache), false)
#7 C:\xampp\htdocs\e-smarcity\public\index.php(45): CodeIgniter\CodeIgniter->run()
#8 C:\xampp\htdocs\e-smarcity\system\Commands\Server\rewrite.php(35): require_once('C:\\xampp\\htdocs...')
#9 {main}
CRITICAL - 2020-11-01 21:57:28 --> Class 'App\Controllers\Modellogin' not found
#0 C:\xampp\htdocs\e-smarcity\system\CodeIgniter.php(936): App\Controllers\Home->__Construct()
#1 C:\xampp\htdocs\e-smarcity\system\CodeIgniter.php(444): CodeIgniter\CodeIgniter->createController()
#2 C:\xampp\htdocs\e-smarcity\system\CodeIgniter.php(357): CodeIgniter\CodeIgniter->handleRequest(NULL, Object(Config\Cache), false)
#3 C:\xampp\htdocs\e-smarcity\public\index.php(45): CodeIgniter\CodeIgniter->run()
#4 C:\xampp\htdocs\e-smarcity\system\Commands\Server\rewrite.php(35): require_once('C:\\xampp\\htdocs...')
#5 {main}
CRITICAL - 2020-11-01 22:01:27 --> Class 'App\Controllers\Modellogin' not found
#0 C:\xampp\htdocs\e-smarcity\system\CodeIgniter.php(936): App\Controllers\Home->__Construct()
#1 C:\xampp\htdocs\e-smarcity\system\CodeIgniter.php(444): CodeIgniter\CodeIgniter->createController()
#2 C:\xampp\htdocs\e-smarcity\system\CodeIgniter.php(357): CodeIgniter\CodeIgniter->handleRequest(NULL, Object(Config\Cache), false)
#3 C:\xampp\htdocs\e-smarcity\public\index.php(45): CodeIgniter\CodeIgniter->run()
#4 C:\xampp\htdocs\e-smarcity\system\Commands\Server\rewrite.php(35): require_once('C:\\xampp\\htdocs...')
#5 {main}
CRITICAL - 2020-11-01 22:02:10 --> Class 'App\Controllers\Modellogin' not found
#0 C:\xampp\htdocs\e-smarcity\system\CodeIgniter.php(936): App\Controllers\Home->__Construct()
#1 C:\xampp\htdocs\e-smarcity\system\CodeIgniter.php(444): CodeIgniter\CodeIgniter->createController()
#2 C:\xampp\htdocs\e-smarcity\system\CodeIgniter.php(357): CodeIgniter\CodeIgniter->handleRequest(NULL, Object(Config\Cache), false)
#3 C:\xampp\htdocs\e-smarcity\public\index.php(45): CodeIgniter\CodeIgniter->run()
#4 C:\xampp\htdocs\e-smarcity\system\Commands\Server\rewrite.php(35): require_once('C:\\xampp\\htdocs...')
#5 {main}
CRITICAL - 2020-11-01 22:04:04 --> Class 'App\Controllers\Modellogin' not found
#0 C:\xampp\htdocs\e-smarcity\system\CodeIgniter.php(936): App\Controllers\Home->__Construct()
#1 C:\xampp\htdocs\e-smarcity\system\CodeIgniter.php(444): CodeIgniter\CodeIgniter->createController()
#2 C:\xampp\htdocs\e-smarcity\system\CodeIgniter.php(357): CodeIgniter\CodeIgniter->handleRequest(NULL, Object(Config\Cache), false)
#3 C:\xampp\htdocs\e-smarcity\public\index.php(45): CodeIgniter\CodeIgniter->run()
#4 C:\xampp\htdocs\e-smarcity\system\Commands\Server\rewrite.php(35): require_once('C:\\xampp\\htdocs...')
#5 {main}
CRITICAL - 2020-11-01 22:05:11 --> Class 'App\Controllers\Modellogin' not found
#0 C:\xampp\htdocs\e-smarcity\system\CodeIgniter.php(936): App\Controllers\Home->__Construct()
#1 C:\xampp\htdocs\e-smarcity\system\CodeIgniter.php(444): CodeIgniter\CodeIgniter->createController()
#2 C:\xampp\htdocs\e-smarcity\system\CodeIgniter.php(357): CodeIgniter\CodeIgniter->handleRequest(NULL, Object(Config\Cache), false)
#3 C:\xampp\htdocs\e-smarcity\public\index.php(45): CodeIgniter\CodeIgniter->run()
#4 C:\xampp\htdocs\e-smarcity\system\Commands\Server\rewrite.php(35): require_once('C:\\xampp\\htdocs...')
#5 {main}
CRITICAL - 2020-11-01 22:05:35 --> Undefined property: App\Controllers\Home::$Modellogin
#0 C:\xampp\htdocs\e-smarcity\app\Controllers\Home.php(37): CodeIgniter\Debug\Exceptions->errorHandler(8, 'Undefined prope...', 'C:\\xampp\\htdocs...', 37, Array)
#1 C:\xampp\htdocs\e-smarcity\system\CodeIgniter.php(964): App\Controllers\Home->dashboard()
#2 C:\xampp\htdocs\e-smarcity\system\CodeIgniter.php(449): CodeIgniter\CodeIgniter->runController(Object(App\Controllers\Home))
#3 C:\xampp\htdocs\e-smarcity\system\CodeIgniter.php(357): CodeIgniter\CodeIgniter->handleRequest(NULL, Object(Config\Cache), false)
#4 C:\xampp\htdocs\e-smarcity\public\index.php(45): CodeIgniter\CodeIgniter->run()
#5 C:\xampp\htdocs\e-smarcity\system\Commands\Server\rewrite.php(35): require_once('C:\\xampp\\htdocs...')
#6 {main}
CRITICAL - 2020-11-01 22:05:55 --> Undefined index: user_id
#0 C:\xampp\htdocs\e-smarcity\app\Views\dashboard.php(226): CodeIgniter\Debug\Exceptions->errorHandler(8, 'Undefined index...', 'C:\\xampp\\htdocs...', 226, Array)
#1 C:\xampp\htdocs\e-smarcity\system\View\View.php(241): include('C:\\xampp\\htdocs...')
#2 C:\xampp\htdocs\e-smarcity\system\Common.php(1217): CodeIgniter\View\View->render('dashboard', Array, true)
#3 C:\xampp\htdocs\e-smarcity\app\Controllers\Home.php(42): view('dashboard', Array)
#4 C:\xampp\htdocs\e-smarcity\system\CodeIgniter.php(964): App\Controllers\Home->dashboard()
#5 C:\xampp\htdocs\e-smarcity\system\CodeIgniter.php(449): CodeIgniter\CodeIgniter->runController(Object(App\Controllers\Home))
#6 C:\xampp\htdocs\e-smarcity\system\CodeIgniter.php(357): CodeIgniter\CodeIgniter->handleRequest(NULL, Object(Config\Cache), false)
#7 C:\xampp\htdocs\e-smarcity\public\index.php(45): CodeIgniter\CodeIgniter->run()
#8 C:\xampp\htdocs\e-smarcity\system\Commands\Server\rewrite.php(35): require_once('C:\\xampp\\htdocs...')
#9 {main}
CRITICAL - 2020-11-01 22:12:18 --> Undefined property: App\Controllers\Home::$load
#0 C:\xampp\htdocs\e-smarcity\app\Controllers\Home.php(37): CodeIgniter\Debug\Exceptions->errorHandler(8, 'Undefined prope...', 'C:\\xampp\\htdocs...', 37, Array)
#1 C:\xampp\htdocs\e-smarcity\system\CodeIgniter.php(964): App\Controllers\Home->dashboard()
#2 C:\xampp\htdocs\e-smarcity\system\CodeIgniter.php(449): CodeIgniter\CodeIgniter->runController(Object(App\Controllers\Home))
#3 C:\xampp\htdocs\e-smarcity\system\CodeIgniter.php(357): CodeIgniter\CodeIgniter->handleRequest(NULL, Object(Config\Cache), false)
#4 C:\xampp\htdocs\e-smarcity\public\index.php(45): CodeIgniter\CodeIgniter->run()
#5 C:\xampp\htdocs\e-smarcity\system\Commands\Server\rewrite.php(35): require_once('C:\\xampp\\htdocs...')
#6 {main}
CRITICAL - 2020-11-01 22:12:45 --> Undefined index: user_id
#0 C:\xampp\htdocs\e-smarcity\app\Views\dashboard.php(226): CodeIgniter\Debug\Exceptions->errorHandler(8, 'Undefined index...', 'C:\\xampp\\htdocs...', 226, Array)
#1 C:\xampp\htdocs\e-smarcity\system\View\View.php(241): include('C:\\xampp\\htdocs...')
#2 C:\xampp\htdocs\e-smarcity\system\Common.php(1217): CodeIgniter\View\View->render('dashboard', Array, true)
#3 C:\xampp\htdocs\e-smarcity\app\Controllers\Home.php(42): view('dashboard', Array)
#4 C:\xampp\htdocs\e-smarcity\system\CodeIgniter.php(964): App\Controllers\Home->dashboard()
#5 C:\xampp\htdocs\e-smarcity\system\CodeIgniter.php(449): CodeIgniter\CodeIgniter->runController(Object(App\Controllers\Home))
#6 C:\xampp\htdocs\e-smarcity\system\CodeIgniter.php(357): CodeIgniter\CodeIgniter->handleRequest(NULL, Object(Config\Cache), false)
#7 C:\xampp\htdocs\e-smarcity\public\index.php(45): CodeIgniter\CodeIgniter->run()
#8 C:\xampp\htdocs\e-smarcity\system\Commands\Server\rewrite.php(35): require_once('C:\\xampp\\htdocs...')
#9 {main}
CRITICAL - 2020-11-01 22:16:14 --> Undefined variable: login
#0 C:\xampp\htdocs\e-smarcity\app\Views\dashboard.php(224): CodeIgniter\Debug\Exceptions->errorHandler(8, 'Undefined varia...', 'C:\\xampp\\htdocs...', 224, Array)
#1 C:\xampp\htdocs\e-smarcity\system\View\View.php(241): include('C:\\xampp\\htdocs...')
#2 C:\xampp\htdocs\e-smarcity\system\Common.php(1217): CodeIgniter\View\View->render('dashboard', Array, true)
#3 C:\xampp\htdocs\e-smarcity\app\Controllers\Home.php(45): view('dashboard', Array)
#4 C:\xampp\htdocs\e-smarcity\system\CodeIgniter.php(964): App\Controllers\Home->dashboard()
#5 C:\xampp\htdocs\e-smarcity\system\CodeIgniter.php(449): CodeIgniter\CodeIgniter->runController(Object(App\Controllers\Home))
#6 C:\xampp\htdocs\e-smarcity\system\CodeIgniter.php(357): CodeIgniter\CodeIgniter->handleRequest(NULL, Object(Config\Cache), false)
#7 C:\xampp\htdocs\e-smarcity\public\index.php(45): CodeIgniter\CodeIgniter->run()
#8 C:\xampp\htdocs\e-smarcity\system\Commands\Server\rewrite.php(35): require_once('C:\\xampp\\htdocs...')
#9 {main}
CRITICAL - 2020-11-01 22:16:56 --> Undefined variable: login
#0 C:\xampp\htdocs\e-smarcity\app\Views\dashboard.php(224): CodeIgniter\Debug\Exceptions->errorHandler(8, 'Undefined varia...', 'C:\\xampp\\htdocs...', 224, Array)
#1 C:\xampp\htdocs\e-smarcity\system\View\View.php(241): include('C:\\xampp\\htdocs...')
#2 C:\xampp\htdocs\e-smarcity\system\Common.php(1217): CodeIgniter\View\View->render('dashboard', Array, true)
#3 C:\xampp\htdocs\e-smarcity\app\Controllers\Home.php(45): view('dashboard', Array)
#4 C:\xampp\htdocs\e-smarcity\system\CodeIgniter.php(964): App\Controllers\Home->dashboard()
#5 C:\xampp\htdocs\e-smarcity\system\CodeIgniter.php(449): CodeIgniter\CodeIgniter->runController(Object(App\Controllers\Home))
#6 C:\xampp\htdocs\e-smarcity\system\CodeIgniter.php(357): CodeIgniter\CodeIgniter->handleRequest(NULL, Object(Config\Cache), false)
#7 C:\xampp\htdocs\e-smarcity\public\index.php(45): CodeIgniter\CodeIgniter->run()
#8 C:\xampp\htdocs\e-smarcity\system\Commands\Server\rewrite.php(35): require_once('C:\\xampp\\htdocs...')
#9 {main}
CRITICAL - 2020-11-01 22:17:06 --> Undefined variable: home1
#0 C:\xampp\htdocs\e-smarcity\app\Views\dashboard.php(224): CodeIgniter\Debug\Exceptions->errorHandler(8, 'Undefined varia...', 'C:\\xampp\\htdocs...', 224, Array)
#1 C:\xampp\htdocs\e-smarcity\system\View\View.php(241): include('C:\\xampp\\htdocs...')
#2 C:\xampp\htdocs\e-smarcity\system\Common.php(1217): CodeIgniter\View\View->render('dashboard', Array, true)
#3 C:\xampp\htdocs\e-smarcity\app\Controllers\Home.php(45): view('dashboard', Array)
#4 C:\xampp\htdocs\e-smarcity\system\CodeIgniter.php(964): App\Controllers\Home->dashboard()
#5 C:\xampp\htdocs\e-smarcity\system\CodeIgniter.php(449): CodeIgniter\CodeIgniter->runController(Object(App\Controllers\Home))
#6 C:\xampp\htdocs\e-smarcity\system\CodeIgniter.php(357): CodeIgniter\CodeIgniter->handleRequest(NULL, Object(Config\Cache), false)
#7 C:\xampp\htdocs\e-smarcity\public\index.php(45): CodeIgniter\CodeIgniter->run()
#8 C:\xampp\htdocs\e-smarcity\system\Commands\Server\rewrite.php(35): require_once('C:\\xampp\\htdocs...')
#9 {main}
CRITICAL - 2020-11-01 22:18:00 --> Undefined index: user_id
#0 C:\xampp\htdocs\e-smarcity\app\Views\dashboard.php(226): CodeIgniter\Debug\Exceptions->errorHandler(8, 'Undefined index...', 'C:\\xampp\\htdocs...', 226, Array)
#1 C:\xampp\htdocs\e-smarcity\system\View\View.php(241): include('C:\\xampp\\htdocs...')
#2 C:\xampp\htdocs\e-smarcity\system\Common.php(1217): CodeIgniter\View\View->render('dashboard', Array, true)
#3 C:\xampp\htdocs\e-smarcity\app\Controllers\Home.php(45): view('dashboard', Array)
#4 C:\xampp\htdocs\e-smarcity\system\CodeIgniter.php(964): App\Controllers\Home->dashboard()
#5 C:\xampp\htdocs\e-smarcity\system\CodeIgniter.php(449): CodeIgniter\CodeIgniter->runController(Object(App\Controllers\Home))
#6 C:\xampp\htdocs\e-smarcity\system\CodeIgniter.php(357): CodeIgniter\CodeIgniter->handleRequest(NULL, Object(Config\Cache), false)
#7 C:\xampp\htdocs\e-smarcity\public\index.php(45): CodeIgniter\CodeIgniter->run()
#8 C:\xampp\htdocs\e-smarcity\system\Commands\Server\rewrite.php(35): require_once('C:\\xampp\\htdocs...')
#9 {main}
