ERROR - 2020-11-15 18:45:31 --> Error connecting to the database: No connection could be made because the target machine actively refused it.

CRITICAL - 2020-11-15 18:45:31 --> Unable to connect to the database.
#0 C:\xampp\htdocs\e-smarcity\system\Database\BaseConnection.php(629): CodeIgniter\Database\BaseConnection->initialize()
#1 C:\xampp\htdocs\e-smarcity\system\Database\BaseBuilder.php(1871): CodeIgniter\Database\BaseConnection->query('SELECT *\nFROM `...', Array, false)
#2 C:\xampp\htdocs\e-smarcity\system\Model.php(517): CodeIgniter\Database\BaseBuilder->get()
#3 C:\xampp\htdocs\e-smarcity\app\Controllers\User.php(19): CodeIgniter\Model->findAll()
#4 C:\xampp\htdocs\e-smarcity\system\CodeIgniter.php(964): App\Controllers\User->index()
#5 C:\xampp\htdocs\e-smarcity\system\CodeIgniter.php(449): CodeIgniter\CodeIgniter->runController(Object(App\Controllers\User))
#6 C:\xampp\htdocs\e-smarcity\system\CodeIgniter.php(357): CodeIgniter\CodeIgniter->handleRequest(NULL, Object(Config\Cache), false)
#7 C:\xampp\htdocs\e-smarcity\public\index.php(45): CodeIgniter\CodeIgniter->run()
#8 C:\xampp\htdocs\e-smarcity\system\Commands\Server\rewrite.php(35): require_once('C:\\xampp\\htdocs...')
#9 {main}
CRITICAL - 2020-11-15 20:15:40 --> Undefined variable: row
#0 C:\xampp\htdocs\e-smarcity\app\Views\templateuser\v_tentang.php(115): CodeIgniter\Debug\Exceptions->errorHandler(8, 'Undefined varia...', 'C:\\xampp\\htdocs...', 115, Array)
#1 C:\xampp\htdocs\e-smarcity\system\View\View.php(241): include('C:\\xampp\\htdocs...')
#2 C:\xampp\htdocs\e-smarcity\system\Common.php(1217): CodeIgniter\View\View->render('templateuser/v_...', Array, true)
#3 C:\xampp\htdocs\e-smarcity\app\Controllers\Tentang.php(26): view('templateuser/v_...', Array)
#4 C:\xampp\htdocs\e-smarcity\system\CodeIgniter.php(964): App\Controllers\Tentang->index()
#5 C:\xampp\htdocs\e-smarcity\system\CodeIgniter.php(449): CodeIgniter\CodeIgniter->runController(Object(App\Controllers\Tentang))
#6 C:\xampp\htdocs\e-smarcity\system\CodeIgniter.php(357): CodeIgniter\CodeIgniter->handleRequest(NULL, Object(Config\Cache), false)
#7 C:\xampp\htdocs\e-smarcity\public\index.php(45): CodeIgniter\CodeIgniter->run()
#8 C:\xampp\htdocs\e-smarcity\system\Commands\Server\rewrite.php(35): require_once('C:\\xampp\\htdocs...')
#9 {main}
CRITICAL - 2020-11-15 20:17:44 --> Undefined property: App\Controllers\Download::$uri
#0 C:\xampp\htdocs\e-smarcity\app\Controllers\Download.php(113): CodeIgniter\Debug\Exceptions->errorHandler(8, 'Undefined prope...', 'C:\\xampp\\htdocs...', 113, Array)
#1 C:\xampp\htdocs\e-smarcity\system\CodeIgniter.php(964): App\Controllers\Download->file('5')
#2 C:\xampp\htdocs\e-smarcity\system\CodeIgniter.php(449): CodeIgniter\CodeIgniter->runController(Object(App\Controllers\Download))
#3 C:\xampp\htdocs\e-smarcity\system\CodeIgniter.php(357): CodeIgniter\CodeIgniter->handleRequest(NULL, Object(Config\Cache), false)
#4 C:\xampp\htdocs\e-smarcity\public\index.php(45): CodeIgniter\CodeIgniter->run()
#5 C:\xampp\htdocs\e-smarcity\system\Commands\Server\rewrite.php(35): require_once('C:\\xampp\\htdocs...')
#6 {main}
CRITICAL - 2020-11-15 20:21:11 --> Object of class CodeIgniter\HTTP\IncomingRequest could not be converted to string
#0 C:\xampp\htdocs\e-smarcity\system\CodeIgniter.php(964): App\Controllers\Download->file('5')
#1 C:\xampp\htdocs\e-smarcity\system\CodeIgniter.php(449): CodeIgniter\CodeIgniter->runController(Object(App\Controllers\Download))
#2 C:\xampp\htdocs\e-smarcity\system\CodeIgniter.php(357): CodeIgniter\CodeIgniter->handleRequest(NULL, Object(Config\Cache), false)
#3 C:\xampp\htdocs\e-smarcity\public\index.php(45): CodeIgniter\CodeIgniter->run()
#4 C:\xampp\htdocs\e-smarcity\system\Commands\Server\rewrite.php(35): require_once('C:\\xampp\\htdocs...')
#5 {main}
CRITICAL - 2020-11-15 20:21:31 --> Object of class CodeIgniter\HTTP\IncomingRequest could not be converted to string
#0 C:\xampp\htdocs\e-smarcity\system\CodeIgniter.php(964): App\Controllers\Download->file('5')
#1 C:\xampp\htdocs\e-smarcity\system\CodeIgniter.php(449): CodeIgniter\CodeIgniter->runController(Object(App\Controllers\Download))
#2 C:\xampp\htdocs\e-smarcity\system\CodeIgniter.php(357): CodeIgniter\CodeIgniter->handleRequest(NULL, Object(Config\Cache), false)
#3 C:\xampp\htdocs\e-smarcity\public\index.php(45): CodeIgniter\CodeIgniter->run()
#4 C:\xampp\htdocs\e-smarcity\system\Commands\Server\rewrite.php(35): require_once('C:\\xampp\\htdocs...')
#5 {main}
CRITICAL - 2020-11-15 20:28:43 --> Object of class CodeIgniter\HTTP\IncomingRequest could not be converted to string
#0 C:\xampp\htdocs\e-smarcity\system\CodeIgniter.php(964): App\Controllers\Download->file('5')
#1 C:\xampp\htdocs\e-smarcity\system\CodeIgniter.php(449): CodeIgniter\CodeIgniter->runController(Object(App\Controllers\Download))
#2 C:\xampp\htdocs\e-smarcity\system\CodeIgniter.php(357): CodeIgniter\CodeIgniter->handleRequest(NULL, Object(Config\Cache), false)
#3 C:\xampp\htdocs\e-smarcity\public\index.php(45): CodeIgniter\CodeIgniter->run()
#4 C:\xampp\htdocs\e-smarcity\system\Commands\Server\rewrite.php(35): require_once('C:\\xampp\\htdocs...')
#5 {main}
CRITICAL - 2020-11-15 20:29:51 --> file_get_contents(./public/assets/img/file/5): failed to open stream: No such file or directory
#0 [internal function]: CodeIgniter\Debug\Exceptions->errorHandler(2, 'file_get_conten...', 'C:\\xampp\\htdocs...', 115, Array)
#1 C:\xampp\htdocs\e-smarcity\app\Controllers\Download.php(115): file_get_contents('./public/assets...')
#2 C:\xampp\htdocs\e-smarcity\system\CodeIgniter.php(964): App\Controllers\Download->file('5')
#3 C:\xampp\htdocs\e-smarcity\system\CodeIgniter.php(449): CodeIgniter\CodeIgniter->runController(Object(App\Controllers\Download))
#4 C:\xampp\htdocs\e-smarcity\system\CodeIgniter.php(357): CodeIgniter\CodeIgniter->handleRequest(NULL, Object(Config\Cache), false)
#5 C:\xampp\htdocs\e-smarcity\public\index.php(45): CodeIgniter\CodeIgniter->run()
#6 C:\xampp\htdocs\e-smarcity\system\Commands\Server\rewrite.php(35): require_once('C:\\xampp\\htdocs...')
#7 {main}
CRITICAL - 2020-11-15 20:30:06 --> file_get_contents(.nama_file5): failed to open stream: No such file or directory
#0 [internal function]: CodeIgniter\Debug\Exceptions->errorHandler(2, 'file_get_conten...', 'C:\\xampp\\htdocs...', 115, Array)
#1 C:\xampp\htdocs\e-smarcity\app\Controllers\Download.php(115): file_get_contents('.nama_file5')
#2 C:\xampp\htdocs\e-smarcity\system\CodeIgniter.php(964): App\Controllers\Download->file('5')
#3 C:\xampp\htdocs\e-smarcity\system\CodeIgniter.php(449): CodeIgniter\CodeIgniter->runController(Object(App\Controllers\Download))
#4 C:\xampp\htdocs\e-smarcity\system\CodeIgniter.php(357): CodeIgniter\CodeIgniter->handleRequest(NULL, Object(Config\Cache), false)
#5 C:\xampp\htdocs\e-smarcity\public\index.php(45): CodeIgniter\CodeIgniter->run()
#6 C:\xampp\htdocs\e-smarcity\system\Commands\Server\rewrite.php(35): require_once('C:\\xampp\\htdocs...')
#7 {main}
CRITICAL - 2020-11-15 20:30:58 --> file_get_contents(./public/assets/img/file/5): failed to open stream: No such file or directory
#0 [internal function]: CodeIgniter\Debug\Exceptions->errorHandler(2, 'file_get_conten...', 'C:\\xampp\\htdocs...', 115, Array)
#1 C:\xampp\htdocs\e-smarcity\app\Controllers\Download.php(115): file_get_contents('./public/assets...')
#2 C:\xampp\htdocs\e-smarcity\system\CodeIgniter.php(964): App\Controllers\Download->file('5')
#3 C:\xampp\htdocs\e-smarcity\system\CodeIgniter.php(449): CodeIgniter\CodeIgniter->runController(Object(App\Controllers\Download))
#4 C:\xampp\htdocs\e-smarcity\system\CodeIgniter.php(357): CodeIgniter\CodeIgniter->handleRequest(NULL, Object(Config\Cache), false)
#5 C:\xampp\htdocs\e-smarcity\public\index.php(45): CodeIgniter\CodeIgniter->run()
#6 C:\xampp\htdocs\e-smarcity\system\Commands\Server\rewrite.php(35): require_once('C:\\xampp\\htdocs...')
#7 {main}
CRITICAL - 2020-11-15 20:32:15 --> file_get_contents(./public/assets/img/file/5): failed to open stream: No such file or directory
#0 [internal function]: CodeIgniter\Debug\Exceptions->errorHandler(2, 'file_get_conten...', 'C:\\xampp\\htdocs...', 115, Array)
#1 C:\xampp\htdocs\e-smarcity\app\Controllers\Download.php(115): file_get_contents('./public/assets...')
#2 C:\xampp\htdocs\e-smarcity\system\CodeIgniter.php(964): App\Controllers\Download->file('5')
#3 C:\xampp\htdocs\e-smarcity\system\CodeIgniter.php(449): CodeIgniter\CodeIgniter->runController(Object(App\Controllers\Download))
#4 C:\xampp\htdocs\e-smarcity\system\CodeIgniter.php(357): CodeIgniter\CodeIgniter->handleRequest(NULL, Object(Config\Cache), false)
#5 C:\xampp\htdocs\e-smarcity\public\index.php(45): CodeIgniter\CodeIgniter->run()
#6 C:\xampp\htdocs\e-smarcity\system\Commands\Server\rewrite.php(35): require_once('C:\\xampp\\htdocs...')
#7 {main}
CRITICAL - 2020-11-15 20:36:00 --> file_get_contents(./public/assets/img/file/APK.pdf/5): failed to open stream: No such file or directory
#0 [internal function]: CodeIgniter\Debug\Exceptions->errorHandler(2, 'file_get_conten...', 'C:\\xampp\\htdocs...', 115, Array)
#1 C:\xampp\htdocs\e-smarcity\app\Controllers\Download.php(115): file_get_contents('./public/assets...')
#2 C:\xampp\htdocs\e-smarcity\system\CodeIgniter.php(964): App\Controllers\Download->file('5')
#3 C:\xampp\htdocs\e-smarcity\system\CodeIgniter.php(449): CodeIgniter\CodeIgniter->runController(Object(App\Controllers\Download))
#4 C:\xampp\htdocs\e-smarcity\system\CodeIgniter.php(357): CodeIgniter\CodeIgniter->handleRequest(NULL, Object(Config\Cache), false)
#5 C:\xampp\htdocs\e-smarcity\public\index.php(45): CodeIgniter\CodeIgniter->run()
#6 C:\xampp\htdocs\e-smarcity\system\Commands\Server\rewrite.php(35): require_once('C:\\xampp\\htdocs...')
#7 {main}
CRITICAL - 2020-11-15 20:36:22 --> file_get_contents(./public/assets/img/file/APK.pdf/): failed to open stream: No such file or directory
#0 [internal function]: CodeIgniter\Debug\Exceptions->errorHandler(2, 'file_get_conten...', 'C:\\xampp\\htdocs...', 115, Array)
#1 C:\xampp\htdocs\e-smarcity\app\Controllers\Download.php(115): file_get_contents('./public/assets...')
#2 C:\xampp\htdocs\e-smarcity\system\CodeIgniter.php(964): App\Controllers\Download->file('5')
#3 C:\xampp\htdocs\e-smarcity\system\CodeIgniter.php(449): CodeIgniter\CodeIgniter->runController(Object(App\Controllers\Download))
#4 C:\xampp\htdocs\e-smarcity\system\CodeIgniter.php(357): CodeIgniter\CodeIgniter->handleRequest(NULL, Object(Config\Cache), false)
#5 C:\xampp\htdocs\e-smarcity\public\index.php(45): CodeIgniter\CodeIgniter->run()
#6 C:\xampp\htdocs\e-smarcity\system\Commands\Server\rewrite.php(35): require_once('C:\\xampp\\htdocs...')
#7 {main}
CRITICAL - 2020-11-15 20:36:53 --> file_get_contents(./file_path/): failed to open stream: No such file or directory
#0 [internal function]: CodeIgniter\Debug\Exceptions->errorHandler(2, 'file_get_conten...', 'C:\\xampp\\htdocs...', 115, Array)
#1 C:\xampp\htdocs\e-smarcity\app\Controllers\Download.php(115): file_get_contents('./file_path/')
#2 C:\xampp\htdocs\e-smarcity\system\CodeIgniter.php(964): App\Controllers\Download->file('5')
#3 C:\xampp\htdocs\e-smarcity\system\CodeIgniter.php(449): CodeIgniter\CodeIgniter->runController(Object(App\Controllers\Download))
#4 C:\xampp\htdocs\e-smarcity\system\CodeIgniter.php(357): CodeIgniter\CodeIgniter->handleRequest(NULL, Object(Config\Cache), false)
#5 C:\xampp\htdocs\e-smarcity\public\index.php(45): CodeIgniter\CodeIgniter->run()
#6 C:\xampp\htdocs\e-smarcity\system\Commands\Server\rewrite.php(35): require_once('C:\\xampp\\htdocs...')
#7 {main}
CRITICAL - 2020-11-15 20:41:34 --> file_get_contents(../public/assets/img/file/): failed to open stream: No such file or directory
#0 [internal function]: CodeIgniter\Debug\Exceptions->errorHandler(2, 'file_get_conten...', 'C:\\xampp\\htdocs...', 116, Array)
#1 C:\xampp\htdocs\e-smarcity\app\Controllers\Download.php(116): file_get_contents('../public/asset...')
#2 C:\xampp\htdocs\e-smarcity\system\CodeIgniter.php(964): App\Controllers\Download->file('5')
#3 C:\xampp\htdocs\e-smarcity\system\CodeIgniter.php(449): CodeIgniter\CodeIgniter->runController(Object(App\Controllers\Download))
#4 C:\xampp\htdocs\e-smarcity\system\CodeIgniter.php(357): CodeIgniter\CodeIgniter->handleRequest(NULL, Object(Config\Cache), false)
#5 C:\xampp\htdocs\e-smarcity\public\index.php(45): CodeIgniter\CodeIgniter->run()
#6 C:\xampp\htdocs\e-smarcity\system\Commands\Server\rewrite.php(35): require_once('C:\\xampp\\htdocs...')
#7 {main}
CRITICAL - 2020-11-15 20:42:54 --> file_get_contents(public/assets/img/file/): failed to open stream: No such file or directory
#0 [internal function]: CodeIgniter\Debug\Exceptions->errorHandler(2, 'file_get_conten...', 'C:\\xampp\\htdocs...', 116, Array)
#1 C:\xampp\htdocs\e-smarcity\app\Controllers\Download.php(116): file_get_contents('public/assets/i...')
#2 C:\xampp\htdocs\e-smarcity\system\CodeIgniter.php(964): App\Controllers\Download->file('5')
#3 C:\xampp\htdocs\e-smarcity\system\CodeIgniter.php(449): CodeIgniter\CodeIgniter->runController(Object(App\Controllers\Download))
#4 C:\xampp\htdocs\e-smarcity\system\CodeIgniter.php(357): CodeIgniter\CodeIgniter->handleRequest(NULL, Object(Config\Cache), false)
#5 C:\xampp\htdocs\e-smarcity\public\index.php(45): CodeIgniter\CodeIgniter->run()
#6 C:\xampp\htdocs\e-smarcity\system\Commands\Server\rewrite.php(35): require_once('C:\\xampp\\htdocs...')
#7 {main}
CRITICAL - 2020-11-15 20:48:35 --> file_get_contents(file_upload): failed to open stream: No such file or directory
#0 [internal function]: CodeIgniter\Debug\Exceptions->errorHandler(2, 'file_get_conten...', 'C:\\xampp\\htdocs...', 116, Array)
#1 C:\xampp\htdocs\e-smarcity\app\Controllers\Download.php(116): file_get_contents('file_upload')
#2 C:\xampp\htdocs\e-smarcity\system\CodeIgniter.php(964): App\Controllers\Download->file('5')
#3 C:\xampp\htdocs\e-smarcity\system\CodeIgniter.php(449): CodeIgniter\CodeIgniter->runController(Object(App\Controllers\Download))
#4 C:\xampp\htdocs\e-smarcity\system\CodeIgniter.php(357): CodeIgniter\CodeIgniter->handleRequest(NULL, Object(Config\Cache), false)
#5 C:\xampp\htdocs\e-smarcity\public\index.php(45): CodeIgniter\CodeIgniter->run()
#6 C:\xampp\htdocs\e-smarcity\system\Commands\Server\rewrite.php(35): require_once('C:\\xampp\\htdocs...')
#7 {main}
