CRITICAL - 2020-10-12 11:52:03 --> Invalid file: layout/v_wrapper.php
#0 C:\xampp\htdocs\e-smarcity\system\View\View.php(225): CodeIgniter\Exceptions\FrameworkException::forInvalidFile('layout/v_wrappe...')
#1 C:\xampp\htdocs\e-smarcity\system\Common.php(1217): CodeIgniter\View\View->render('layout/v_wrappe...', Array, true)
#2 C:\xampp\htdocs\e-smarcity\app\Controllers\Home.php(13): view('layout/v_wrappe...', Array)
#3 C:\xampp\htdocs\e-smarcity\system\CodeIgniter.php(964): App\Controllers\Home->index()
#4 C:\xampp\htdocs\e-smarcity\system\CodeIgniter.php(449): CodeIgniter\CodeIgniter->runController(Object(App\Controllers\Home))
#5 C:\xampp\htdocs\e-smarcity\system\CodeIgniter.php(357): CodeIgniter\CodeIgniter->handleRequest(NULL, Object(Config\Cache), false)
#6 C:\xampp\htdocs\e-smarcity\public\index.php(45): CodeIgniter\CodeIgniter->run()
#7 C:\xampp\htdocs\e-smarcity\system\Commands\Server\rewrite.php(35): require_once('C:\\xampp\\htdocs...')
#8 {main}
CRITICAL - 2020-10-12 11:52:35 --> Invalid file: layout/v_wrapper.php
#0 C:\xampp\htdocs\e-smarcity\system\View\View.php(225): CodeIgniter\Exceptions\FrameworkException::forInvalidFile('layout/v_wrappe...')
#1 C:\xampp\htdocs\e-smarcity\system\Common.php(1217): CodeIgniter\View\View->render('layout/v_wrappe...', Array, true)
#2 C:\xampp\htdocs\e-smarcity\app\Controllers\Home.php(13): view('layout/v_wrappe...', Array)
#3 C:\xampp\htdocs\e-smarcity\system\CodeIgniter.php(964): App\Controllers\Home->index()
#4 C:\xampp\htdocs\e-smarcity\system\CodeIgniter.php(449): CodeIgniter\CodeIgniter->runController(Object(App\Controllers\Home))
#5 C:\xampp\htdocs\e-smarcity\system\CodeIgniter.php(357): CodeIgniter\CodeIgniter->handleRequest(NULL, Object(Config\Cache), false)
#6 C:\xampp\htdocs\e-smarcity\public\index.php(45): CodeIgniter\CodeIgniter->run()
#7 C:\xampp\htdocs\e-smarcity\system\Commands\Server\rewrite.php(35): require_once('C:\\xampp\\htdocs...')
#8 {main}
CRITICAL - 2020-10-12 12:33:08 --> Invalid file: templates/v_header.php
#0 C:\xampp\htdocs\e-smarcity\system\View\View.php(225): CodeIgniter\Exceptions\FrameworkException::forInvalidFile('templates/v_hea...')
#1 C:\xampp\htdocs\e-smarcity\system\Common.php(1217): CodeIgniter\View\View->render('templates/v_hea...', Array, true)
#2 C:\xampp\htdocs\e-smarcity\app\Controllers\Home.php(9): view('templates/v_hea...')
#3 C:\xampp\htdocs\e-smarcity\system\CodeIgniter.php(964): App\Controllers\Home->index()
#4 C:\xampp\htdocs\e-smarcity\system\CodeIgniter.php(449): CodeIgniter\CodeIgniter->runController(Object(App\Controllers\Home))
#5 C:\xampp\htdocs\e-smarcity\system\CodeIgniter.php(357): CodeIgniter\CodeIgniter->handleRequest(NULL, Object(Config\Cache), false)
#6 C:\xampp\htdocs\e-smarcity\public\index.php(45): CodeIgniter\CodeIgniter->run()
#7 C:\xampp\htdocs\e-smarcity\system\Commands\Server\rewrite.php(35): require_once('C:\\xampp\\htdocs...')
#8 {main}
CRITICAL - 2020-10-12 12:33:22 --> Invalid file: templates/v_header.php
#0 C:\xampp\htdocs\e-smarcity\system\View\View.php(225): CodeIgniter\Exceptions\FrameworkException::forInvalidFile('templates/v_hea...')
#1 C:\xampp\htdocs\e-smarcity\system\Common.php(1217): CodeIgniter\View\View->render('templates/v_hea...', Array, true)
#2 C:\xampp\htdocs\e-smarcity\app\Controllers\Home.php(9): view('templates/v_hea...')
#3 C:\xampp\htdocs\e-smarcity\system\CodeIgniter.php(964): App\Controllers\Home->index()
#4 C:\xampp\htdocs\e-smarcity\system\CodeIgniter.php(449): CodeIgniter\CodeIgniter->runController(Object(App\Controllers\Home))
#5 C:\xampp\htdocs\e-smarcity\system\CodeIgniter.php(357): CodeIgniter\CodeIgniter->handleRequest(NULL, Object(Config\Cache), false)
#6 C:\xampp\htdocs\e-smarcity\public\index.php(45): CodeIgniter\CodeIgniter->run()
#7 C:\xampp\htdocs\e-smarcity\system\Commands\Server\rewrite.php(35): require_once('C:\\xampp\\htdocs...')
#8 {main}
CRITICAL - 2020-10-12 14:37:43 --> Use of undefined constant s - assumed 's' (this will throw an Error in a future version of PHP)
#0 C:\xampp\htdocs\e-smarcity\app\Views\Kategori\index.php(27): CodeIgniter\Debug\Exceptions->errorHandler(2, 'Use of undefine...', 'C:\\xampp\\htdocs...', 27, Array)
#1 C:\xampp\htdocs\e-smarcity\system\View\View.php(241): include('C:\\xampp\\htdocs...')
#2 C:\xampp\htdocs\e-smarcity\system\Common.php(1217): CodeIgniter\View\View->render('kategori/index', Array, true)
#3 C:\xampp\htdocs\e-smarcity\app\Controllers\Kategori.php(24): view('kategori/index')
#4 C:\xampp\htdocs\e-smarcity\system\CodeIgniter.php(964): App\Controllers\Kategori->index()
#5 C:\xampp\htdocs\e-smarcity\system\CodeIgniter.php(449): CodeIgniter\CodeIgniter->runController(Object(App\Controllers\Kategori))
#6 C:\xampp\htdocs\e-smarcity\system\CodeIgniter.php(357): CodeIgniter\CodeIgniter->handleRequest(NULL, Object(Config\Cache), false)
#7 C:\xampp\htdocs\e-smarcity\public\index.php(45): CodeIgniter\CodeIgniter->run()
#8 C:\xampp\htdocs\e-smarcity\system\Commands\Server\rewrite.php(35): require_once('C:\\xampp\\htdocs...')
#9 {main}
CRITICAL - 2020-10-12 14:38:07 --> Cannot use object of type mysqli as array
#0 C:\xampp\htdocs\e-smarcity\system\View\View.php(241): include()
#1 C:\xampp\htdocs\e-smarcity\system\Common.php(1217): CodeIgniter\View\View->render('kategori/index', Array, true)
#2 C:\xampp\htdocs\e-smarcity\app\Controllers\Kategori.php(24): view('kategori/index')
#3 C:\xampp\htdocs\e-smarcity\system\CodeIgniter.php(964): App\Controllers\Kategori->index()
#4 C:\xampp\htdocs\e-smarcity\system\CodeIgniter.php(449): CodeIgniter\CodeIgniter->runController(Object(App\Controllers\Kategori))
#5 C:\xampp\htdocs\e-smarcity\system\CodeIgniter.php(357): CodeIgniter\CodeIgniter->handleRequest(NULL, Object(Config\Cache), false)
#6 C:\xampp\htdocs\e-smarcity\public\index.php(45): CodeIgniter\CodeIgniter->run()
#7 C:\xampp\htdocs\e-smarcity\system\Commands\Server\rewrite.php(35): require_once('C:\\xampp\\htdocs...')
#8 {main}
CRITICAL - 2020-10-12 14:39:06 --> Call to undefined method CodeIgniter\Database\MySQLi\Builder::getResultArray()
#0 C:\xampp\htdocs\e-smarcity\app\Controllers\Kategori.php(18): App\Models\Modelkategori->getAllData()
#1 C:\xampp\htdocs\e-smarcity\system\CodeIgniter.php(964): App\Controllers\Kategori->index()
#2 C:\xampp\htdocs\e-smarcity\system\CodeIgniter.php(449): CodeIgniter\CodeIgniter->runController(Object(App\Controllers\Kategori))
#3 C:\xampp\htdocs\e-smarcity\system\CodeIgniter.php(357): CodeIgniter\CodeIgniter->handleRequest(NULL, Object(Config\Cache), false)
#4 C:\xampp\htdocs\e-smarcity\public\index.php(45): CodeIgniter\CodeIgniter->run()
#5 C:\xampp\htdocs\e-smarcity\system\Commands\Server\rewrite.php(35): require_once('C:\\xampp\\htdocs...')
#6 {main}
CRITICAL - 2020-10-12 14:39:54 --> Call to undefined method CodeIgniter\Database\MySQLi\Result::ResultArray()
#0 C:\xampp\htdocs\e-smarcity\app\Controllers\Kategori.php(18): App\Models\Modelkategori->getAllData()
#1 C:\xampp\htdocs\e-smarcity\system\CodeIgniter.php(964): App\Controllers\Kategori->index()
#2 C:\xampp\htdocs\e-smarcity\system\CodeIgniter.php(449): CodeIgniter\CodeIgniter->runController(Object(App\Controllers\Kategori))
#3 C:\xampp\htdocs\e-smarcity\system\CodeIgniter.php(357): CodeIgniter\CodeIgniter->handleRequest(NULL, Object(Config\Cache), false)
#4 C:\xampp\htdocs\e-smarcity\public\index.php(45): CodeIgniter\CodeIgniter->run()
#5 C:\xampp\htdocs\e-smarcity\system\Commands\Server\rewrite.php(35): require_once('C:\\xampp\\htdocs...')
#6 {main}
CRITICAL - 2020-10-12 15:48:45 --> Undefined variable: model
#0 C:\xampp\htdocs\e-smarcity\app\Controllers\Kategori.php(20): CodeIgniter\Debug\Exceptions->errorHandler(8, 'Undefined varia...', 'C:\\xampp\\htdocs...', 20, Array)
#1 C:\xampp\htdocs\e-smarcity\system\CodeIgniter.php(964): App\Controllers\Kategori->index()
#2 C:\xampp\htdocs\e-smarcity\system\CodeIgniter.php(449): CodeIgniter\CodeIgniter->runController(Object(App\Controllers\Kategori))
#3 C:\xampp\htdocs\e-smarcity\system\CodeIgniter.php(357): CodeIgniter\CodeIgniter->handleRequest(NULL, Object(Config\Cache), false)
#4 C:\xampp\htdocs\e-smarcity\public\index.php(45): CodeIgniter\CodeIgniter->run()
#5 C:\xampp\htdocs\e-smarcity\system\Commands\Server\rewrite.php(35): require_once('C:\\xampp\\htdocs...')
#6 {main}
CRITICAL - 2020-10-12 15:49:24 --> Undefined variable: to
#0 C:\xampp\htdocs\e-smarcity\app\Controllers\Kategori.php(39): CodeIgniter\Debug\Exceptions->errorHandler(8, 'Undefined varia...', 'C:\\xampp\\htdocs...', 39, Array)
#1 C:\xampp\htdocs\e-smarcity\system\CodeIgniter.php(964): App\Controllers\Kategori->tambah()
#2 C:\xampp\htdocs\e-smarcity\system\CodeIgniter.php(449): CodeIgniter\CodeIgniter->runController(Object(App\Controllers\Kategori))
#3 C:\xampp\htdocs\e-smarcity\system\CodeIgniter.php(357): CodeIgniter\CodeIgniter->handleRequest(NULL, Object(Config\Cache), false)
#4 C:\xampp\htdocs\e-smarcity\public\index.php(45): CodeIgniter\CodeIgniter->run()
#5 C:\xampp\htdocs\e-smarcity\system\Commands\Server\rewrite.php(35): require_once('C:\\xampp\\htdocs...')
#6 {main}
CRITICAL - 2020-10-12 15:51:28 --> Undefined variable: to
#0 C:\xampp\htdocs\e-smarcity\app\Controllers\Kategori.php(39): CodeIgniter\Debug\Exceptions->errorHandler(8, 'Undefined varia...', 'C:\\xampp\\htdocs...', 39, Array)
#1 C:\xampp\htdocs\e-smarcity\system\CodeIgniter.php(964): App\Controllers\Kategori->tambah()
#2 C:\xampp\htdocs\e-smarcity\system\CodeIgniter.php(449): CodeIgniter\CodeIgniter->runController(Object(App\Controllers\Kategori))
#3 C:\xampp\htdocs\e-smarcity\system\CodeIgniter.php(357): CodeIgniter\CodeIgniter->handleRequest(NULL, Object(Config\Cache), false)
#4 C:\xampp\htdocs\e-smarcity\public\index.php(45): CodeIgniter\CodeIgniter->run()
#5 C:\xampp\htdocs\e-smarcity\system\Commands\Server\rewrite.php(35): require_once('C:\\xampp\\htdocs...')
#6 {main}
ERROR - 2020-10-12 15:51:49 --> mysqli_sql_exception: Column 'gambar' cannot be null in C:\xampp\htdocs\e-smarcity\system\Database\MySQLi\Connection.php:331
Stack trace:
#0 C:\xampp\htdocs\e-smarcity\system\Database\MySQLi\Connection.php(331): mysqli->query('INSERT INTO `ka...')
#1 C:\xampp\htdocs\e-smarcity\system\Database\BaseConnection.php(724): CodeIgniter\Database\MySQLi\Connection->execute('INSERT INTO `ka...')
#2 C:\xampp\htdocs\e-smarcity\system\Database\BaseConnection.php(652): CodeIgniter\Database\BaseConnection->simpleQuery('INSERT INTO `ka...')
#3 C:\xampp\htdocs\e-smarcity\system\Database\BaseBuilder.php(2268): CodeIgniter\Database\BaseConnection->query('INSERT INTO `ka...', Array, false)
#4 C:\xampp\htdocs\e-smarcity\app\Models\Modelkategori.php(20): CodeIgniter\Database\BaseBuilder->insert(Array)
#5 C:\xampp\htdocs\e-smarcity\app\Controllers\Kategori.php(37): App\Models\Modelkategori->tambah(Array)
#6 C:\xampp\htdocs\e-smarcity\system\CodeIgniter.php(964): App\Controllers\Kategori->tambah()
#7 C:\xampp\htdocs\e-smarcity\system\CodeIgniter.php(449): CodeIgniter\CodeIgniter->runController(Object(App\Controllers\Kategori))
#8 C:\xampp\htdocs\e-smarcity\system\CodeIgniter.php(357): CodeIgniter\CodeIgniter->handleRequest(NULL, Object(Config\Cache), false)
#9 C:\xampp\htdocs\e-smarcity\public\index.php(45): CodeIgniter\CodeIgniter->run()
#10 C:\xampp\htdocs\e-smarcity\system\Commands\Server\rewrite.php(35): require_once('C:\\xampp\\htdocs...')
#11 {main}
CRITICAL - 2020-10-12 15:51:49 --> Column 'gambar' cannot be null
#0 C:\xampp\htdocs\e-smarcity\system\Database\MySQLi\Connection.php(331): mysqli->query('INSERT INTO `ka...')
#1 C:\xampp\htdocs\e-smarcity\system\Database\BaseConnection.php(724): CodeIgniter\Database\MySQLi\Connection->execute('INSERT INTO `ka...')
#2 C:\xampp\htdocs\e-smarcity\system\Database\BaseConnection.php(652): CodeIgniter\Database\BaseConnection->simpleQuery('INSERT INTO `ka...')
#3 C:\xampp\htdocs\e-smarcity\system\Database\BaseBuilder.php(2268): CodeIgniter\Database\BaseConnection->query('INSERT INTO `ka...', Array, false)
#4 C:\xampp\htdocs\e-smarcity\app\Models\Modelkategori.php(20): CodeIgniter\Database\BaseBuilder->insert(Array)
#5 C:\xampp\htdocs\e-smarcity\app\Controllers\Kategori.php(37): App\Models\Modelkategori->tambah(Array)
#6 C:\xampp\htdocs\e-smarcity\system\CodeIgniter.php(964): App\Controllers\Kategori->tambah()
#7 C:\xampp\htdocs\e-smarcity\system\CodeIgniter.php(449): CodeIgniter\CodeIgniter->runController(Object(App\Controllers\Kategori))
#8 C:\xampp\htdocs\e-smarcity\system\CodeIgniter.php(357): CodeIgniter\CodeIgniter->handleRequest(NULL, Object(Config\Cache), false)
#9 C:\xampp\htdocs\e-smarcity\public\index.php(45): CodeIgniter\CodeIgniter->run()
#10 C:\xampp\htdocs\e-smarcity\system\Commands\Server\rewrite.php(35): require_once('C:\\xampp\\htdocs...')
#11 {main}
ERROR - 2020-10-12 15:52:14 --> mysqli_sql_exception: Column 'gambar' cannot be null in C:\xampp\htdocs\e-smarcity\system\Database\MySQLi\Connection.php:331
Stack trace:
#0 C:\xampp\htdocs\e-smarcity\system\Database\MySQLi\Connection.php(331): mysqli->query('INSERT INTO `ka...')
#1 C:\xampp\htdocs\e-smarcity\system\Database\BaseConnection.php(724): CodeIgniter\Database\MySQLi\Connection->execute('INSERT INTO `ka...')
#2 C:\xampp\htdocs\e-smarcity\system\Database\BaseConnection.php(652): CodeIgniter\Database\BaseConnection->simpleQuery('INSERT INTO `ka...')
#3 C:\xampp\htdocs\e-smarcity\system\Database\BaseBuilder.php(2268): CodeIgniter\Database\BaseConnection->query('INSERT INTO `ka...', Array, false)
#4 C:\xampp\htdocs\e-smarcity\app\Models\Modelkategori.php(20): CodeIgniter\Database\BaseBuilder->insert(Array)
#5 C:\xampp\htdocs\e-smarcity\app\Controllers\Kategori.php(37): App\Models\Modelkategori->tambah(Array)
#6 C:\xampp\htdocs\e-smarcity\system\CodeIgniter.php(964): App\Controllers\Kategori->tambah()
#7 C:\xampp\htdocs\e-smarcity\system\CodeIgniter.php(449): CodeIgniter\CodeIgniter->runController(Object(App\Controllers\Kategori))
#8 C:\xampp\htdocs\e-smarcity\system\CodeIgniter.php(357): CodeIgniter\CodeIgniter->handleRequest(NULL, Object(Config\Cache), false)
#9 C:\xampp\htdocs\e-smarcity\public\index.php(45): CodeIgniter\CodeIgniter->run()
#10 C:\xampp\htdocs\e-smarcity\system\Commands\Server\rewrite.php(35): require_once('C:\\xampp\\htdocs...')
#11 {main}
CRITICAL - 2020-10-12 15:52:14 --> Column 'gambar' cannot be null
#0 C:\xampp\htdocs\e-smarcity\system\Database\MySQLi\Connection.php(331): mysqli->query('INSERT INTO `ka...')
#1 C:\xampp\htdocs\e-smarcity\system\Database\BaseConnection.php(724): CodeIgniter\Database\MySQLi\Connection->execute('INSERT INTO `ka...')
#2 C:\xampp\htdocs\e-smarcity\system\Database\BaseConnection.php(652): CodeIgniter\Database\BaseConnection->simpleQuery('INSERT INTO `ka...')
#3 C:\xampp\htdocs\e-smarcity\system\Database\BaseBuilder.php(2268): CodeIgniter\Database\BaseConnection->query('INSERT INTO `ka...', Array, false)
#4 C:\xampp\htdocs\e-smarcity\app\Models\Modelkategori.php(20): CodeIgniter\Database\BaseBuilder->insert(Array)
#5 C:\xampp\htdocs\e-smarcity\app\Controllers\Kategori.php(37): App\Models\Modelkategori->tambah(Array)
#6 C:\xampp\htdocs\e-smarcity\system\CodeIgniter.php(964): App\Controllers\Kategori->tambah()
#7 C:\xampp\htdocs\e-smarcity\system\CodeIgniter.php(449): CodeIgniter\CodeIgniter->runController(Object(App\Controllers\Kategori))
#8 C:\xampp\htdocs\e-smarcity\system\CodeIgniter.php(357): CodeIgniter\CodeIgniter->handleRequest(NULL, Object(Config\Cache), false)
#9 C:\xampp\htdocs\e-smarcity\public\index.php(45): CodeIgniter\CodeIgniter->run()
#10 C:\xampp\htdocs\e-smarcity\system\Commands\Server\rewrite.php(35): require_once('C:\\xampp\\htdocs...')
#11 {main}
CRITICAL - 2020-10-12 15:56:01 --> Undefined variable: to
#0 C:\xampp\htdocs\e-smarcity\app\Controllers\Kategori.php(39): CodeIgniter\Debug\Exceptions->errorHandler(8, 'Undefined varia...', 'C:\\xampp\\htdocs...', 39, Array)
#1 C:\xampp\htdocs\e-smarcity\system\CodeIgniter.php(964): App\Controllers\Kategori->tambah()
#2 C:\xampp\htdocs\e-smarcity\system\CodeIgniter.php(449): CodeIgniter\CodeIgniter->runController(Object(App\Controllers\Kategori))
#3 C:\xampp\htdocs\e-smarcity\system\CodeIgniter.php(357): CodeIgniter\CodeIgniter->handleRequest(NULL, Object(Config\Cache), false)
#4 C:\xampp\htdocs\e-smarcity\public\index.php(45): CodeIgniter\CodeIgniter->run()
#5 C:\xampp\htdocs\e-smarcity\system\Commands\Server\rewrite.php(35): require_once('C:\\xampp\\htdocs...')
#6 {main}
