CRITICAL - 2020-10-10 09:22:54 --> Call to undefined method App\Controllers\Kategori::tampildata()
#0 C:\xampp\htdocs\e-smarcity\system\CodeIgniter.php(964): App\Controllers\Kategori->index()
#1 C:\xampp\htdocs\e-smarcity\system\CodeIgniter.php(449): CodeIgniter\CodeIgniter->runController(Object(App\Controllers\Kategori))
#2 C:\xampp\htdocs\e-smarcity\system\CodeIgniter.php(357): CodeIgniter\CodeIgniter->handleRequest(NULL, Object(Config\Cache), false)
#3 C:\xampp\htdocs\e-smarcity\public\index.php(45): CodeIgniter\CodeIgniter->run()
#4 C:\xampp\htdocs\e-smarcity\system\Commands\Server\rewrite.php(35): require_once('C:\\xampp\\htdocs...')
#5 {main}
CRITICAL - 2020-10-10 09:23:13 --> Call to undefined method App\Controllers\Kategori::tampildata()
#0 C:\xampp\htdocs\e-smarcity\system\CodeIgniter.php(964): App\Controllers\Kategori->index()
#1 C:\xampp\htdocs\e-smarcity\system\CodeIgniter.php(449): CodeIgniter\CodeIgniter->runController(Object(App\Controllers\Kategori))
#2 C:\xampp\htdocs\e-smarcity\system\CodeIgniter.php(357): CodeIgniter\CodeIgniter->handleRequest(NULL, Object(Config\Cache), false)
#3 C:\xampp\htdocs\e-smarcity\public\index.php(45): CodeIgniter\CodeIgniter->run()
#4 C:\xampp\htdocs\e-smarcity\system\Commands\Server\rewrite.php(35): require_once('C:\\xampp\\htdocs...')
#5 {main}
CRITICAL - 2020-10-10 10:28:28 --> Invalid argument supplied for foreach()
#0 C:\xampp\htdocs\e-smarcity\app\Views\v_kategori.php(13): CodeIgniter\Debug\Exceptions->errorHandler(2, 'Invalid argumen...', 'C:\\xampp\\htdocs...', 13, Array)
#1 C:\xampp\htdocs\e-smarcity\system\View\View.php(241): include('C:\\xampp\\htdocs...')
#2 C:\xampp\htdocs\e-smarcity\system\Common.php(1217): CodeIgniter\View\View->render('v_kategori.php', Array, true)
#3 C:\xampp\htdocs\e-smarcity\app\Views\layout\v_wrapper_kategori.php(6): view('v_kategori.php')
#4 C:\xampp\htdocs\e-smarcity\system\View\View.php(241): include('C:\\xampp\\htdocs...')
#5 C:\xampp\htdocs\e-smarcity\system\Common.php(1217): CodeIgniter\View\View->render('layout/v_wrappe...', Array, true)
#6 C:\xampp\htdocs\e-smarcity\app\Controllers\Home.php(20): view('layout/v_wrappe...', Array)
#7 C:\xampp\htdocs\e-smarcity\system\CodeIgniter.php(964): App\Controllers\Home->kategori()
#8 C:\xampp\htdocs\e-smarcity\system\CodeIgniter.php(449): CodeIgniter\CodeIgniter->runController(Object(App\Controllers\Home))
#9 C:\xampp\htdocs\e-smarcity\system\CodeIgniter.php(357): CodeIgniter\CodeIgniter->handleRequest(NULL, Object(Config\Cache), false)
#10 C:\xampp\htdocs\e-smarcity\public\index.php(45): CodeIgniter\CodeIgniter->run()
#11 C:\xampp\htdocs\e-smarcity\system\Commands\Server\rewrite.php(35): require_once('C:\\xampp\\htdocs...')
#12 {main}
CRITICAL - 2020-10-10 10:28:31 --> Invalid argument supplied for foreach()
#0 C:\xampp\htdocs\e-smarcity\app\Views\v_kategori.php(13): CodeIgniter\Debug\Exceptions->errorHandler(2, 'Invalid argumen...', 'C:\\xampp\\htdocs...', 13, Array)
#1 C:\xampp\htdocs\e-smarcity\system\View\View.php(241): include('C:\\xampp\\htdocs...')
#2 C:\xampp\htdocs\e-smarcity\system\Common.php(1217): CodeIgniter\View\View->render('v_kategori.php', Array, true)
#3 C:\xampp\htdocs\e-smarcity\app\Views\layout\v_wrapper_kategori.php(6): view('v_kategori.php')
#4 C:\xampp\htdocs\e-smarcity\system\View\View.php(241): include('C:\\xampp\\htdocs...')
#5 C:\xampp\htdocs\e-smarcity\system\Common.php(1217): CodeIgniter\View\View->render('layout/v_wrappe...', Array, true)
#6 C:\xampp\htdocs\e-smarcity\app\Controllers\Home.php(20): view('layout/v_wrappe...', Array)
#7 C:\xampp\htdocs\e-smarcity\system\CodeIgniter.php(964): App\Controllers\Home->kategori()
#8 C:\xampp\htdocs\e-smarcity\system\CodeIgniter.php(449): CodeIgniter\CodeIgniter->runController(Object(App\Controllers\Home))
#9 C:\xampp\htdocs\e-smarcity\system\CodeIgniter.php(357): CodeIgniter\CodeIgniter->handleRequest(NULL, Object(Config\Cache), false)
#10 C:\xampp\htdocs\e-smarcity\public\index.php(45): CodeIgniter\CodeIgniter->run()
#11 C:\xampp\htdocs\e-smarcity\system\Commands\Server\rewrite.php(35): require_once('C:\\xampp\\htdocs...')
#12 {main}
CRITICAL - 2020-10-10 10:29:12 --> Invalid argument supplied for foreach()
#0 C:\xampp\htdocs\e-smarcity\app\Views\v_kategori.php(13): CodeIgniter\Debug\Exceptions->errorHandler(2, 'Invalid argumen...', 'C:\\xampp\\htdocs...', 13, Array)
#1 C:\xampp\htdocs\e-smarcity\system\View\View.php(241): include('C:\\xampp\\htdocs...')
#2 C:\xampp\htdocs\e-smarcity\system\Common.php(1217): CodeIgniter\View\View->render('v_kategori.php', Array, true)
#3 C:\xampp\htdocs\e-smarcity\app\Views\layout\v_wrapper_kategori.php(6): view('v_kategori.php')
#4 C:\xampp\htdocs\e-smarcity\system\View\View.php(241): include('C:\\xampp\\htdocs...')
#5 C:\xampp\htdocs\e-smarcity\system\Common.php(1217): CodeIgniter\View\View->render('layout/v_wrappe...', Array, true)
#6 C:\xampp\htdocs\e-smarcity\app\Controllers\Home.php(20): view('layout/v_wrappe...', Array)
#7 C:\xampp\htdocs\e-smarcity\system\CodeIgniter.php(964): App\Controllers\Home->kategori()
#8 C:\xampp\htdocs\e-smarcity\system\CodeIgniter.php(449): CodeIgniter\CodeIgniter->runController(Object(App\Controllers\Home))
#9 C:\xampp\htdocs\e-smarcity\system\CodeIgniter.php(357): CodeIgniter\CodeIgniter->handleRequest(NULL, Object(Config\Cache), false)
#10 C:\xampp\htdocs\e-smarcity\public\index.php(45): CodeIgniter\CodeIgniter->run()
#11 C:\xampp\htdocs\e-smarcity\system\Commands\Server\rewrite.php(35): require_once('C:\\xampp\\htdocs...')
#12 {main}
CRITICAL - 2020-10-10 10:29:24 --> Invalid argument supplied for foreach()
#0 C:\xampp\htdocs\e-smarcity\app\Views\v_kategori.php(13): CodeIgniter\Debug\Exceptions->errorHandler(2, 'Invalid argumen...', 'C:\\xampp\\htdocs...', 13, Array)
#1 C:\xampp\htdocs\e-smarcity\system\View\View.php(241): include('C:\\xampp\\htdocs...')
#2 C:\xampp\htdocs\e-smarcity\system\Common.php(1217): CodeIgniter\View\View->render('v_kategori.php', Array, true)
#3 C:\xampp\htdocs\e-smarcity\app\Views\layout\v_wrapper_kategori.php(6): view('v_kategori.php')
#4 C:\xampp\htdocs\e-smarcity\system\View\View.php(241): include('C:\\xampp\\htdocs...')
#5 C:\xampp\htdocs\e-smarcity\system\Common.php(1217): CodeIgniter\View\View->render('layout/v_wrappe...', Array, true)
#6 C:\xampp\htdocs\e-smarcity\app\Controllers\Home.php(20): view('layout/v_wrappe...', Array)
#7 C:\xampp\htdocs\e-smarcity\system\CodeIgniter.php(964): App\Controllers\Home->kategori()
#8 C:\xampp\htdocs\e-smarcity\system\CodeIgniter.php(449): CodeIgniter\CodeIgniter->runController(Object(App\Controllers\Home))
#9 C:\xampp\htdocs\e-smarcity\system\CodeIgniter.php(357): CodeIgniter\CodeIgniter->handleRequest(NULL, Object(Config\Cache), false)
#10 C:\xampp\htdocs\e-smarcity\public\index.php(45): CodeIgniter\CodeIgniter->run()
#11 C:\xampp\htdocs\e-smarcity\system\Commands\Server\rewrite.php(35): require_once('C:\\xampp\\htdocs...')
#12 {main}
CRITICAL - 2020-10-10 10:29:25 --> Invalid argument supplied for foreach()
#0 C:\xampp\htdocs\e-smarcity\app\Views\v_kategori.php(13): CodeIgniter\Debug\Exceptions->errorHandler(2, 'Invalid argumen...', 'C:\\xampp\\htdocs...', 13, Array)
#1 C:\xampp\htdocs\e-smarcity\system\View\View.php(241): include('C:\\xampp\\htdocs...')
#2 C:\xampp\htdocs\e-smarcity\system\Common.php(1217): CodeIgniter\View\View->render('v_kategori.php', Array, true)
#3 C:\xampp\htdocs\e-smarcity\app\Views\layout\v_wrapper_kategori.php(6): view('v_kategori.php')
#4 C:\xampp\htdocs\e-smarcity\system\View\View.php(241): include('C:\\xampp\\htdocs...')
#5 C:\xampp\htdocs\e-smarcity\system\Common.php(1217): CodeIgniter\View\View->render('layout/v_wrappe...', Array, true)
#6 C:\xampp\htdocs\e-smarcity\app\Controllers\Home.php(20): view('layout/v_wrappe...', Array)
#7 C:\xampp\htdocs\e-smarcity\system\CodeIgniter.php(964): App\Controllers\Home->kategori()
#8 C:\xampp\htdocs\e-smarcity\system\CodeIgniter.php(449): CodeIgniter\CodeIgniter->runController(Object(App\Controllers\Home))
#9 C:\xampp\htdocs\e-smarcity\system\CodeIgniter.php(357): CodeIgniter\CodeIgniter->handleRequest(NULL, Object(Config\Cache), false)
#10 C:\xampp\htdocs\e-smarcity\public\index.php(45): CodeIgniter\CodeIgniter->run()
#11 C:\xampp\htdocs\e-smarcity\system\Commands\Server\rewrite.php(35): require_once('C:\\xampp\\htdocs...')
#12 {main}
CRITICAL - 2020-10-10 10:31:59 --> Invalid argument supplied for foreach()
#0 C:\xampp\htdocs\e-smarcity\app\Views\v_kategori.php(13): CodeIgniter\Debug\Exceptions->errorHandler(2, 'Invalid argumen...', 'C:\\xampp\\htdocs...', 13, Array)
#1 C:\xampp\htdocs\e-smarcity\system\View\View.php(241): include('C:\\xampp\\htdocs...')
#2 C:\xampp\htdocs\e-smarcity\system\Common.php(1217): CodeIgniter\View\View->render('v_kategori.php', Array, true)
#3 C:\xampp\htdocs\e-smarcity\app\Views\layout\v_wrapper_kategori.php(6): view('v_kategori.php')
#4 C:\xampp\htdocs\e-smarcity\system\View\View.php(241): include('C:\\xampp\\htdocs...')
#5 C:\xampp\htdocs\e-smarcity\system\Common.php(1217): CodeIgniter\View\View->render('layout/v_wrappe...', Array, true)
#6 C:\xampp\htdocs\e-smarcity\app\Controllers\Home.php(20): view('layout/v_wrappe...', Array)
#7 C:\xampp\htdocs\e-smarcity\system\CodeIgniter.php(964): App\Controllers\Home->kategori()
#8 C:\xampp\htdocs\e-smarcity\system\CodeIgniter.php(449): CodeIgniter\CodeIgniter->runController(Object(App\Controllers\Home))
#9 C:\xampp\htdocs\e-smarcity\system\CodeIgniter.php(357): CodeIgniter\CodeIgniter->handleRequest(NULL, Object(Config\Cache), false)
#10 C:\xampp\htdocs\e-smarcity\public\index.php(45): CodeIgniter\CodeIgniter->run()
#11 C:\xampp\htdocs\e-smarcity\system\Commands\Server\rewrite.php(35): require_once('C:\\xampp\\htdocs...')
#12 {main}
CRITICAL - 2020-10-10 10:32:03 --> Invalid argument supplied for foreach()
#0 C:\xampp\htdocs\e-smarcity\app\Views\v_kategori.php(13): CodeIgniter\Debug\Exceptions->errorHandler(2, 'Invalid argumen...', 'C:\\xampp\\htdocs...', 13, Array)
#1 C:\xampp\htdocs\e-smarcity\system\View\View.php(241): include('C:\\xampp\\htdocs...')
#2 C:\xampp\htdocs\e-smarcity\system\Common.php(1217): CodeIgniter\View\View->render('v_kategori.php', Array, true)
#3 C:\xampp\htdocs\e-smarcity\app\Views\layout\v_wrapper_kategori.php(6): view('v_kategori.php')
#4 C:\xampp\htdocs\e-smarcity\system\View\View.php(241): include('C:\\xampp\\htdocs...')
#5 C:\xampp\htdocs\e-smarcity\system\Common.php(1217): CodeIgniter\View\View->render('layout/v_wrappe...', Array, true)
#6 C:\xampp\htdocs\e-smarcity\app\Controllers\Home.php(20): view('layout/v_wrappe...', Array)
#7 C:\xampp\htdocs\e-smarcity\system\CodeIgniter.php(964): App\Controllers\Home->kategori()
#8 C:\xampp\htdocs\e-smarcity\system\CodeIgniter.php(449): CodeIgniter\CodeIgniter->runController(Object(App\Controllers\Home))
#9 C:\xampp\htdocs\e-smarcity\system\CodeIgniter.php(357): CodeIgniter\CodeIgniter->handleRequest(NULL, Object(Config\Cache), false)
#10 C:\xampp\htdocs\e-smarcity\public\index.php(45): CodeIgniter\CodeIgniter->run()
#11 C:\xampp\htdocs\e-smarcity\system\Commands\Server\rewrite.php(35): require_once('C:\\xampp\\htdocs...')
#12 {main}
CRITICAL - 2020-10-10 10:32:04 --> Invalid argument supplied for foreach()
#0 C:\xampp\htdocs\e-smarcity\app\Views\v_kategori.php(13): CodeIgniter\Debug\Exceptions->errorHandler(2, 'Invalid argumen...', 'C:\\xampp\\htdocs...', 13, Array)
#1 C:\xampp\htdocs\e-smarcity\system\View\View.php(241): include('C:\\xampp\\htdocs...')
#2 C:\xampp\htdocs\e-smarcity\system\Common.php(1217): CodeIgniter\View\View->render('v_kategori.php', Array, true)
#3 C:\xampp\htdocs\e-smarcity\app\Views\layout\v_wrapper_kategori.php(6): view('v_kategori.php')
#4 C:\xampp\htdocs\e-smarcity\system\View\View.php(241): include('C:\\xampp\\htdocs...')
#5 C:\xampp\htdocs\e-smarcity\system\Common.php(1217): CodeIgniter\View\View->render('layout/v_wrappe...', Array, true)
#6 C:\xampp\htdocs\e-smarcity\app\Controllers\Home.php(20): view('layout/v_wrappe...', Array)
#7 C:\xampp\htdocs\e-smarcity\system\CodeIgniter.php(964): App\Controllers\Home->kategori()
#8 C:\xampp\htdocs\e-smarcity\system\CodeIgniter.php(449): CodeIgniter\CodeIgniter->runController(Object(App\Controllers\Home))
#9 C:\xampp\htdocs\e-smarcity\system\CodeIgniter.php(357): CodeIgniter\CodeIgniter->handleRequest(NULL, Object(Config\Cache), false)
#10 C:\xampp\htdocs\e-smarcity\public\index.php(45): CodeIgniter\CodeIgniter->run()
#11 C:\xampp\htdocs\e-smarcity\system\Commands\Server\rewrite.php(35): require_once('C:\\xampp\\htdocs...')
#12 {main}
CRITICAL - 2020-10-10 10:32:06 --> Invalid argument supplied for foreach()
#0 C:\xampp\htdocs\e-smarcity\app\Views\v_kategori.php(13): CodeIgniter\Debug\Exceptions->errorHandler(2, 'Invalid argumen...', 'C:\\xampp\\htdocs...', 13, Array)
#1 C:\xampp\htdocs\e-smarcity\system\View\View.php(241): include('C:\\xampp\\htdocs...')
#2 C:\xampp\htdocs\e-smarcity\system\Common.php(1217): CodeIgniter\View\View->render('v_kategori.php', Array, true)
#3 C:\xampp\htdocs\e-smarcity\app\Views\layout\v_wrapper_kategori.php(6): view('v_kategori.php')
#4 C:\xampp\htdocs\e-smarcity\system\View\View.php(241): include('C:\\xampp\\htdocs...')
#5 C:\xampp\htdocs\e-smarcity\system\Common.php(1217): CodeIgniter\View\View->render('layout/v_wrappe...', Array, true)
#6 C:\xampp\htdocs\e-smarcity\app\Controllers\Home.php(20): view('layout/v_wrappe...', Array)
#7 C:\xampp\htdocs\e-smarcity\system\CodeIgniter.php(964): App\Controllers\Home->kategori()
#8 C:\xampp\htdocs\e-smarcity\system\CodeIgniter.php(449): CodeIgniter\CodeIgniter->runController(Object(App\Controllers\Home))
#9 C:\xampp\htdocs\e-smarcity\system\CodeIgniter.php(357): CodeIgniter\CodeIgniter->handleRequest(NULL, Object(Config\Cache), false)
#10 C:\xampp\htdocs\e-smarcity\public\index.php(45): CodeIgniter\CodeIgniter->run()
#11 C:\xampp\htdocs\e-smarcity\system\Commands\Server\rewrite.php(35): require_once('C:\\xampp\\htdocs...')
#12 {main}
CRITICAL - 2020-10-10 10:32:25 --> Invalid argument supplied for foreach()
#0 C:\xampp\htdocs\e-smarcity\app\Views\v_kategori.php(13): CodeIgniter\Debug\Exceptions->errorHandler(2, 'Invalid argumen...', 'C:\\xampp\\htdocs...', 13, Array)
#1 C:\xampp\htdocs\e-smarcity\system\View\View.php(241): include('C:\\xampp\\htdocs...')
#2 C:\xampp\htdocs\e-smarcity\system\Common.php(1217): CodeIgniter\View\View->render('v_kategori.php', Array, true)
#3 C:\xampp\htdocs\e-smarcity\app\Views\layout\v_wrapper_kategori.php(6): view('v_kategori.php')
#4 C:\xampp\htdocs\e-smarcity\system\View\View.php(241): include('C:\\xampp\\htdocs...')
#5 C:\xampp\htdocs\e-smarcity\system\Common.php(1217): CodeIgniter\View\View->render('layout/v_wrappe...', Array, true)
#6 C:\xampp\htdocs\e-smarcity\app\Controllers\Home.php(20): view('layout/v_wrappe...', Array)
#7 C:\xampp\htdocs\e-smarcity\system\CodeIgniter.php(964): App\Controllers\Home->kategori()
#8 C:\xampp\htdocs\e-smarcity\system\CodeIgniter.php(449): CodeIgniter\CodeIgniter->runController(Object(App\Controllers\Home))
#9 C:\xampp\htdocs\e-smarcity\system\CodeIgniter.php(357): CodeIgniter\CodeIgniter->handleRequest(NULL, Object(Config\Cache), false)
#10 C:\xampp\htdocs\e-smarcity\public\index.php(45): CodeIgniter\CodeIgniter->run()
#11 C:\xampp\htdocs\e-smarcity\system\Commands\Server\rewrite.php(35): require_once('C:\\xampp\\htdocs...')
#12 {main}
CRITICAL - 2020-10-10 10:44:42 --> Invalid argument supplied for foreach()
#0 C:\xampp\htdocs\e-smarcity\app\Views\v_kategori.php(13): CodeIgniter\Debug\Exceptions->errorHandler(2, 'Invalid argumen...', 'C:\\xampp\\htdocs...', 13, Array)
#1 C:\xampp\htdocs\e-smarcity\system\View\View.php(241): include('C:\\xampp\\htdocs...')
#2 C:\xampp\htdocs\e-smarcity\system\Common.php(1217): CodeIgniter\View\View->render('v_kategori.php', Array, true)
#3 C:\xampp\htdocs\e-smarcity\app\Views\layout\v_wrapper_kategori.php(6): view('v_kategori.php')
#4 C:\xampp\htdocs\e-smarcity\system\View\View.php(241): include('C:\\xampp\\htdocs...')
#5 C:\xampp\htdocs\e-smarcity\system\Common.php(1217): CodeIgniter\View\View->render('layout/v_wrappe...', Array, true)
#6 C:\xampp\htdocs\e-smarcity\app\Controllers\Home.php(20): view('layout/v_wrappe...', Array)
#7 C:\xampp\htdocs\e-smarcity\system\CodeIgniter.php(964): App\Controllers\Home->kategori()
#8 C:\xampp\htdocs\e-smarcity\system\CodeIgniter.php(449): CodeIgniter\CodeIgniter->runController(Object(App\Controllers\Home))
#9 C:\xampp\htdocs\e-smarcity\system\CodeIgniter.php(357): CodeIgniter\CodeIgniter->handleRequest(NULL, Object(Config\Cache), false)
#10 C:\xampp\htdocs\e-smarcity\public\index.php(45): CodeIgniter\CodeIgniter->run()
#11 C:\xampp\htdocs\e-smarcity\system\Commands\Server\rewrite.php(35): require_once('C:\\xampp\\htdocs...')
#12 {main}
CRITICAL - 2020-10-10 10:47:19 --> Invalid argument supplied for foreach()
#0 C:\xampp\htdocs\e-smarcity\app\Views\v_kategori.php(13): CodeIgniter\Debug\Exceptions->errorHandler(2, 'Invalid argumen...', 'C:\\xampp\\htdocs...', 13, Array)
#1 C:\xampp\htdocs\e-smarcity\system\View\View.php(241): include('C:\\xampp\\htdocs...')
#2 C:\xampp\htdocs\e-smarcity\system\Common.php(1217): CodeIgniter\View\View->render('v_kategori.php', Array, true)
#3 C:\xampp\htdocs\e-smarcity\app\Views\layout\v_wrapper_kategori.php(6): view('v_kategori.php')
#4 C:\xampp\htdocs\e-smarcity\system\View\View.php(241): include('C:\\xampp\\htdocs...')
#5 C:\xampp\htdocs\e-smarcity\system\Common.php(1217): CodeIgniter\View\View->render('layout/v_wrappe...', Array, true)
#6 C:\xampp\htdocs\e-smarcity\app\Controllers\Home.php(20): view('layout/v_wrappe...', Array)
#7 C:\xampp\htdocs\e-smarcity\system\CodeIgniter.php(964): App\Controllers\Home->kategori()
#8 C:\xampp\htdocs\e-smarcity\system\CodeIgniter.php(449): CodeIgniter\CodeIgniter->runController(Object(App\Controllers\Home))
#9 C:\xampp\htdocs\e-smarcity\system\CodeIgniter.php(357): CodeIgniter\CodeIgniter->handleRequest(NULL, Object(Config\Cache), false)
#10 C:\xampp\htdocs\e-smarcity\public\index.php(45): CodeIgniter\CodeIgniter->run()
#11 C:\xampp\htdocs\e-smarcity\system\Commands\Server\rewrite.php(35): require_once('C:\\xampp\\htdocs...')
#12 {main}
CRITICAL - 2020-10-10 10:48:57 --> Invalid argument supplied for foreach()
#0 C:\xampp\htdocs\e-smarcity\app\Views\v_kategori.php(13): CodeIgniter\Debug\Exceptions->errorHandler(2, 'Invalid argumen...', 'C:\\xampp\\htdocs...', 13, Array)
#1 C:\xampp\htdocs\e-smarcity\system\View\View.php(241): include('C:\\xampp\\htdocs...')
#2 C:\xampp\htdocs\e-smarcity\system\Common.php(1217): CodeIgniter\View\View->render('v_kategori.php', Array, true)
#3 C:\xampp\htdocs\e-smarcity\app\Views\layout\v_wrapper_kategori.php(6): view('v_kategori.php')
#4 C:\xampp\htdocs\e-smarcity\system\View\View.php(241): include('C:\\xampp\\htdocs...')
#5 C:\xampp\htdocs\e-smarcity\system\Common.php(1217): CodeIgniter\View\View->render('layout/v_wrappe...', Array, true)
#6 C:\xampp\htdocs\e-smarcity\app\Controllers\Home.php(20): view('layout/v_wrappe...', Array)
#7 C:\xampp\htdocs\e-smarcity\system\CodeIgniter.php(964): App\Controllers\Home->kategori()
#8 C:\xampp\htdocs\e-smarcity\system\CodeIgniter.php(449): CodeIgniter\CodeIgniter->runController(Object(App\Controllers\Home))
#9 C:\xampp\htdocs\e-smarcity\system\CodeIgniter.php(357): CodeIgniter\CodeIgniter->handleRequest(NULL, Object(Config\Cache), false)
#10 C:\xampp\htdocs\e-smarcity\public\index.php(45): CodeIgniter\CodeIgniter->run()
#11 C:\xampp\htdocs\e-smarcity\system\Commands\Server\rewrite.php(35): require_once('C:\\xampp\\htdocs...')
#12 {main}
CRITICAL - 2020-10-10 10:51:34 --> Invalid argument supplied for foreach()
#0 C:\xampp\htdocs\e-smarcity\app\Views\v_kategori.php(13): CodeIgniter\Debug\Exceptions->errorHandler(2, 'Invalid argumen...', 'C:\\xampp\\htdocs...', 13, Array)
#1 C:\xampp\htdocs\e-smarcity\system\View\View.php(241): include('C:\\xampp\\htdocs...')
#2 C:\xampp\htdocs\e-smarcity\system\Common.php(1217): CodeIgniter\View\View->render('v_kategori.php', Array, true)
#3 C:\xampp\htdocs\e-smarcity\app\Views\layout\v_wrapper_kategori.php(6): view('v_kategori.php')
#4 C:\xampp\htdocs\e-smarcity\system\View\View.php(241): include('C:\\xampp\\htdocs...')
#5 C:\xampp\htdocs\e-smarcity\system\Common.php(1217): CodeIgniter\View\View->render('layout/v_wrappe...', Array, true)
#6 C:\xampp\htdocs\e-smarcity\app\Controllers\Home.php(20): view('layout/v_wrappe...', Array)
#7 C:\xampp\htdocs\e-smarcity\system\CodeIgniter.php(964): App\Controllers\Home->kategori()
#8 C:\xampp\htdocs\e-smarcity\system\CodeIgniter.php(449): CodeIgniter\CodeIgniter->runController(Object(App\Controllers\Home))
#9 C:\xampp\htdocs\e-smarcity\system\CodeIgniter.php(357): CodeIgniter\CodeIgniter->handleRequest(NULL, Object(Config\Cache), false)
#10 C:\xampp\htdocs\e-smarcity\public\index.php(45): CodeIgniter\CodeIgniter->run()
#11 C:\xampp\htdocs\e-smarcity\system\Commands\Server\rewrite.php(35): require_once('C:\\xampp\\htdocs...')
#12 {main}
CRITICAL - 2020-10-10 10:51:46 --> syntax error, unexpected end of file
#0 C:\xampp\htdocs\e-smarcity\system\Common.php(1217): CodeIgniter\View\View->render('v_kategori.php', Array, true)
#1 C:\xampp\htdocs\e-smarcity\app\Views\layout\v_wrapper_kategori.php(6): view('v_kategori.php')
#2 C:\xampp\htdocs\e-smarcity\system\View\View.php(241): include('C:\\xampp\\htdocs...')
#3 C:\xampp\htdocs\e-smarcity\system\Common.php(1217): CodeIgniter\View\View->render('layout/v_wrappe...', Array, true)
#4 C:\xampp\htdocs\e-smarcity\app\Controllers\Home.php(20): view('layout/v_wrappe...', Array)
#5 C:\xampp\htdocs\e-smarcity\system\CodeIgniter.php(964): App\Controllers\Home->kategori()
#6 C:\xampp\htdocs\e-smarcity\system\CodeIgniter.php(449): CodeIgniter\CodeIgniter->runController(Object(App\Controllers\Home))
#7 C:\xampp\htdocs\e-smarcity\system\CodeIgniter.php(357): CodeIgniter\CodeIgniter->handleRequest(NULL, Object(Config\Cache), false)
#8 C:\xampp\htdocs\e-smarcity\public\index.php(45): CodeIgniter\CodeIgniter->run()
#9 C:\xampp\htdocs\e-smarcity\system\Commands\Server\rewrite.php(35): require_once('C:\\xampp\\htdocs...')
#10 {main}
CRITICAL - 2020-10-10 10:54:39 --> Invalid argument supplied for foreach()
#0 C:\xampp\htdocs\e-smarcity\app\Views\v_kategori.php(13): CodeIgniter\Debug\Exceptions->errorHandler(2, 'Invalid argumen...', 'C:\\xampp\\htdocs...', 13, Array)
#1 C:\xampp\htdocs\e-smarcity\system\View\View.php(241): include('C:\\xampp\\htdocs...')
#2 C:\xampp\htdocs\e-smarcity\system\Common.php(1217): CodeIgniter\View\View->render('v_kategori.php', Array, true)
#3 C:\xampp\htdocs\e-smarcity\app\Views\layout\v_wrapper_kategori.php(6): view('v_kategori.php')
#4 C:\xampp\htdocs\e-smarcity\system\View\View.php(241): include('C:\\xampp\\htdocs...')
#5 C:\xampp\htdocs\e-smarcity\system\Common.php(1217): CodeIgniter\View\View->render('layout/v_wrappe...', Array, true)
#6 C:\xampp\htdocs\e-smarcity\app\Controllers\Home.php(20): view('layout/v_wrappe...', Array)
#7 C:\xampp\htdocs\e-smarcity\system\CodeIgniter.php(964): App\Controllers\Home->kategori()
#8 C:\xampp\htdocs\e-smarcity\system\CodeIgniter.php(449): CodeIgniter\CodeIgniter->runController(Object(App\Controllers\Home))
#9 C:\xampp\htdocs\e-smarcity\system\CodeIgniter.php(357): CodeIgniter\CodeIgniter->handleRequest(NULL, Object(Config\Cache), false)
#10 C:\xampp\htdocs\e-smarcity\public\index.php(45): CodeIgniter\CodeIgniter->run()
#11 C:\xampp\htdocs\e-smarcity\system\Commands\Server\rewrite.php(35): require_once('C:\\xampp\\htdocs...')
#12 {main}
CRITICAL - 2020-10-10 10:54:56 --> Invalid argument supplied for foreach()
#0 C:\xampp\htdocs\e-smarcity\app\Views\v_kategori.php(13): CodeIgniter\Debug\Exceptions->errorHandler(2, 'Invalid argumen...', 'C:\\xampp\\htdocs...', 13, Array)
#1 C:\xampp\htdocs\e-smarcity\system\View\View.php(241): include('C:\\xampp\\htdocs...')
#2 C:\xampp\htdocs\e-smarcity\system\Common.php(1217): CodeIgniter\View\View->render('v_kategori.php', Array, true)
#3 C:\xampp\htdocs\e-smarcity\app\Views\layout\v_wrapper_kategori.php(6): view('v_kategori.php')
#4 C:\xampp\htdocs\e-smarcity\system\View\View.php(241): include('C:\\xampp\\htdocs...')
#5 C:\xampp\htdocs\e-smarcity\system\Common.php(1217): CodeIgniter\View\View->render('layout/v_wrappe...', Array, true)
#6 C:\xampp\htdocs\e-smarcity\app\Controllers\Home.php(20): view('layout/v_wrappe...', Array)
#7 C:\xampp\htdocs\e-smarcity\system\CodeIgniter.php(964): App\Controllers\Home->kategori()
#8 C:\xampp\htdocs\e-smarcity\system\CodeIgniter.php(449): CodeIgniter\CodeIgniter->runController(Object(App\Controllers\Home))
#9 C:\xampp\htdocs\e-smarcity\system\CodeIgniter.php(357): CodeIgniter\CodeIgniter->handleRequest(NULL, Object(Config\Cache), false)
#10 C:\xampp\htdocs\e-smarcity\public\index.php(45): CodeIgniter\CodeIgniter->run()
#11 C:\xampp\htdocs\e-smarcity\system\Commands\Server\rewrite.php(35): require_once('C:\\xampp\\htdocs...')
#12 {main}
CRITICAL - 2020-10-10 10:54:56 --> Invalid argument supplied for foreach()
#0 C:\xampp\htdocs\e-smarcity\app\Views\v_kategori.php(13): CodeIgniter\Debug\Exceptions->errorHandler(2, 'Invalid argumen...', 'C:\\xampp\\htdocs...', 13, Array)
#1 C:\xampp\htdocs\e-smarcity\system\View\View.php(241): include('C:\\xampp\\htdocs...')
#2 C:\xampp\htdocs\e-smarcity\system\Common.php(1217): CodeIgniter\View\View->render('v_kategori.php', Array, true)
#3 C:\xampp\htdocs\e-smarcity\app\Views\layout\v_wrapper_kategori.php(6): view('v_kategori.php')
#4 C:\xampp\htdocs\e-smarcity\system\View\View.php(241): include('C:\\xampp\\htdocs...')
#5 C:\xampp\htdocs\e-smarcity\system\Common.php(1217): CodeIgniter\View\View->render('layout/v_wrappe...', Array, true)
#6 C:\xampp\htdocs\e-smarcity\app\Controllers\Home.php(20): view('layout/v_wrappe...', Array)
#7 C:\xampp\htdocs\e-smarcity\system\CodeIgniter.php(964): App\Controllers\Home->kategori()
#8 C:\xampp\htdocs\e-smarcity\system\CodeIgniter.php(449): CodeIgniter\CodeIgniter->runController(Object(App\Controllers\Home))
#9 C:\xampp\htdocs\e-smarcity\system\CodeIgniter.php(357): CodeIgniter\CodeIgniter->handleRequest(NULL, Object(Config\Cache), false)
#10 C:\xampp\htdocs\e-smarcity\public\index.php(45): CodeIgniter\CodeIgniter->run()
#11 C:\xampp\htdocs\e-smarcity\system\Commands\Server\rewrite.php(35): require_once('C:\\xampp\\htdocs...')
#12 {main}
CRITICAL - 2020-10-10 10:54:57 --> Invalid argument supplied for foreach()
#0 C:\xampp\htdocs\e-smarcity\app\Views\v_kategori.php(13): CodeIgniter\Debug\Exceptions->errorHandler(2, 'Invalid argumen...', 'C:\\xampp\\htdocs...', 13, Array)
#1 C:\xampp\htdocs\e-smarcity\system\View\View.php(241): include('C:\\xampp\\htdocs...')
#2 C:\xampp\htdocs\e-smarcity\system\Common.php(1217): CodeIgniter\View\View->render('v_kategori.php', Array, true)
#3 C:\xampp\htdocs\e-smarcity\app\Views\layout\v_wrapper_kategori.php(6): view('v_kategori.php')
#4 C:\xampp\htdocs\e-smarcity\system\View\View.php(241): include('C:\\xampp\\htdocs...')
#5 C:\xampp\htdocs\e-smarcity\system\Common.php(1217): CodeIgniter\View\View->render('layout/v_wrappe...', Array, true)
#6 C:\xampp\htdocs\e-smarcity\app\Controllers\Home.php(20): view('layout/v_wrappe...', Array)
#7 C:\xampp\htdocs\e-smarcity\system\CodeIgniter.php(964): App\Controllers\Home->kategori()
#8 C:\xampp\htdocs\e-smarcity\system\CodeIgniter.php(449): CodeIgniter\CodeIgniter->runController(Object(App\Controllers\Home))
#9 C:\xampp\htdocs\e-smarcity\system\CodeIgniter.php(357): CodeIgniter\CodeIgniter->handleRequest(NULL, Object(Config\Cache), false)
#10 C:\xampp\htdocs\e-smarcity\public\index.php(45): CodeIgniter\CodeIgniter->run()
#11 C:\xampp\htdocs\e-smarcity\system\Commands\Server\rewrite.php(35): require_once('C:\\xampp\\htdocs...')
#12 {main}
CRITICAL - 2020-10-10 10:54:57 --> Invalid argument supplied for foreach()
#0 C:\xampp\htdocs\e-smarcity\app\Views\v_kategori.php(13): CodeIgniter\Debug\Exceptions->errorHandler(2, 'Invalid argumen...', 'C:\\xampp\\htdocs...', 13, Array)
#1 C:\xampp\htdocs\e-smarcity\system\View\View.php(241): include('C:\\xampp\\htdocs...')
#2 C:\xampp\htdocs\e-smarcity\system\Common.php(1217): CodeIgniter\View\View->render('v_kategori.php', Array, true)
#3 C:\xampp\htdocs\e-smarcity\app\Views\layout\v_wrapper_kategori.php(6): view('v_kategori.php')
#4 C:\xampp\htdocs\e-smarcity\system\View\View.php(241): include('C:\\xampp\\htdocs...')
#5 C:\xampp\htdocs\e-smarcity\system\Common.php(1217): CodeIgniter\View\View->render('layout/v_wrappe...', Array, true)
#6 C:\xampp\htdocs\e-smarcity\app\Controllers\Home.php(20): view('layout/v_wrappe...', Array)
#7 C:\xampp\htdocs\e-smarcity\system\CodeIgniter.php(964): App\Controllers\Home->kategori()
#8 C:\xampp\htdocs\e-smarcity\system\CodeIgniter.php(449): CodeIgniter\CodeIgniter->runController(Object(App\Controllers\Home))
#9 C:\xampp\htdocs\e-smarcity\system\CodeIgniter.php(357): CodeIgniter\CodeIgniter->handleRequest(NULL, Object(Config\Cache), false)
#10 C:\xampp\htdocs\e-smarcity\public\index.php(45): CodeIgniter\CodeIgniter->run()
#11 C:\xampp\htdocs\e-smarcity\system\Commands\Server\rewrite.php(35): require_once('C:\\xampp\\htdocs...')
#12 {main}
CRITICAL - 2020-10-10 10:55:18 --> Invalid argument supplied for foreach()
#0 C:\xampp\htdocs\e-smarcity\app\Views\v_kategori.php(13): CodeIgniter\Debug\Exceptions->errorHandler(2, 'Invalid argumen...', 'C:\\xampp\\htdocs...', 13, Array)
#1 C:\xampp\htdocs\e-smarcity\system\View\View.php(241): include('C:\\xampp\\htdocs...')
#2 C:\xampp\htdocs\e-smarcity\system\Common.php(1217): CodeIgniter\View\View->render('v_kategori.php', Array, true)
#3 C:\xampp\htdocs\e-smarcity\app\Views\layout\v_wrapper_kategori.php(6): view('v_kategori.php')
#4 C:\xampp\htdocs\e-smarcity\system\View\View.php(241): include('C:\\xampp\\htdocs...')
#5 C:\xampp\htdocs\e-smarcity\system\Common.php(1217): CodeIgniter\View\View->render('layout/v_wrappe...', Array, true)
#6 C:\xampp\htdocs\e-smarcity\app\Controllers\Home.php(20): view('layout/v_wrappe...', Array)
#7 C:\xampp\htdocs\e-smarcity\system\CodeIgniter.php(964): App\Controllers\Home->kategori()
#8 C:\xampp\htdocs\e-smarcity\system\CodeIgniter.php(449): CodeIgniter\CodeIgniter->runController(Object(App\Controllers\Home))
#9 C:\xampp\htdocs\e-smarcity\system\CodeIgniter.php(357): CodeIgniter\CodeIgniter->handleRequest(NULL, Object(Config\Cache), false)
#10 C:\xampp\htdocs\e-smarcity\public\index.php(45): CodeIgniter\CodeIgniter->run()
#11 C:\xampp\htdocs\e-smarcity\system\Commands\Server\rewrite.php(35): require_once('C:\\xampp\\htdocs...')
#12 {main}
CRITICAL - 2020-10-10 10:55:19 --> Invalid argument supplied for foreach()
#0 C:\xampp\htdocs\e-smarcity\app\Views\v_kategori.php(13): CodeIgniter\Debug\Exceptions->errorHandler(2, 'Invalid argumen...', 'C:\\xampp\\htdocs...', 13, Array)
#1 C:\xampp\htdocs\e-smarcity\system\View\View.php(241): include('C:\\xampp\\htdocs...')
#2 C:\xampp\htdocs\e-smarcity\system\Common.php(1217): CodeIgniter\View\View->render('v_kategori.php', Array, true)
#3 C:\xampp\htdocs\e-smarcity\app\Views\layout\v_wrapper_kategori.php(6): view('v_kategori.php')
#4 C:\xampp\htdocs\e-smarcity\system\View\View.php(241): include('C:\\xampp\\htdocs...')
#5 C:\xampp\htdocs\e-smarcity\system\Common.php(1217): CodeIgniter\View\View->render('layout/v_wrappe...', Array, true)
#6 C:\xampp\htdocs\e-smarcity\app\Controllers\Home.php(20): view('layout/v_wrappe...', Array)
#7 C:\xampp\htdocs\e-smarcity\system\CodeIgniter.php(964): App\Controllers\Home->kategori()
#8 C:\xampp\htdocs\e-smarcity\system\CodeIgniter.php(449): CodeIgniter\CodeIgniter->runController(Object(App\Controllers\Home))
#9 C:\xampp\htdocs\e-smarcity\system\CodeIgniter.php(357): CodeIgniter\CodeIgniter->handleRequest(NULL, Object(Config\Cache), false)
#10 C:\xampp\htdocs\e-smarcity\public\index.php(45): CodeIgniter\CodeIgniter->run()
#11 C:\xampp\htdocs\e-smarcity\system\Commands\Server\rewrite.php(35): require_once('C:\\xampp\\htdocs...')
#12 {main}
CRITICAL - 2020-10-10 10:55:19 --> Invalid argument supplied for foreach()
#0 C:\xampp\htdocs\e-smarcity\app\Views\v_kategori.php(13): CodeIgniter\Debug\Exceptions->errorHandler(2, 'Invalid argumen...', 'C:\\xampp\\htdocs...', 13, Array)
#1 C:\xampp\htdocs\e-smarcity\system\View\View.php(241): include('C:\\xampp\\htdocs...')
#2 C:\xampp\htdocs\e-smarcity\system\Common.php(1217): CodeIgniter\View\View->render('v_kategori.php', Array, true)
#3 C:\xampp\htdocs\e-smarcity\app\Views\layout\v_wrapper_kategori.php(6): view('v_kategori.php')
#4 C:\xampp\htdocs\e-smarcity\system\View\View.php(241): include('C:\\xampp\\htdocs...')
#5 C:\xampp\htdocs\e-smarcity\system\Common.php(1217): CodeIgniter\View\View->render('layout/v_wrappe...', Array, true)
#6 C:\xampp\htdocs\e-smarcity\app\Controllers\Home.php(20): view('layout/v_wrappe...', Array)
#7 C:\xampp\htdocs\e-smarcity\system\CodeIgniter.php(964): App\Controllers\Home->kategori()
#8 C:\xampp\htdocs\e-smarcity\system\CodeIgniter.php(449): CodeIgniter\CodeIgniter->runController(Object(App\Controllers\Home))
#9 C:\xampp\htdocs\e-smarcity\system\CodeIgniter.php(357): CodeIgniter\CodeIgniter->handleRequest(NULL, Object(Config\Cache), false)
#10 C:\xampp\htdocs\e-smarcity\public\index.php(45): CodeIgniter\CodeIgniter->run()
#11 C:\xampp\htdocs\e-smarcity\system\Commands\Server\rewrite.php(35): require_once('C:\\xampp\\htdocs...')
#12 {main}
CRITICAL - 2020-10-10 10:55:33 --> Invalid argument supplied for foreach()
#0 C:\xampp\htdocs\e-smarcity\app\Views\v_kategori.php(13): CodeIgniter\Debug\Exceptions->errorHandler(2, 'Invalid argumen...', 'C:\\xampp\\htdocs...', 13, Array)
#1 C:\xampp\htdocs\e-smarcity\system\View\View.php(241): include('C:\\xampp\\htdocs...')
#2 C:\xampp\htdocs\e-smarcity\system\Common.php(1217): CodeIgniter\View\View->render('v_kategori.php', Array, true)
#3 C:\xampp\htdocs\e-smarcity\app\Views\layout\v_wrapper_kategori.php(6): view('v_kategori.php')
#4 C:\xampp\htdocs\e-smarcity\system\View\View.php(241): include('C:\\xampp\\htdocs...')
#5 C:\xampp\htdocs\e-smarcity\system\Common.php(1217): CodeIgniter\View\View->render('layout/v_wrappe...', Array, true)
#6 C:\xampp\htdocs\e-smarcity\app\Controllers\Home.php(20): view('layout/v_wrappe...', Array)
#7 C:\xampp\htdocs\e-smarcity\system\CodeIgniter.php(964): App\Controllers\Home->kategori()
#8 C:\xampp\htdocs\e-smarcity\system\CodeIgniter.php(449): CodeIgniter\CodeIgniter->runController(Object(App\Controllers\Home))
#9 C:\xampp\htdocs\e-smarcity\system\CodeIgniter.php(357): CodeIgniter\CodeIgniter->handleRequest(NULL, Object(Config\Cache), false)
#10 C:\xampp\htdocs\e-smarcity\public\index.php(45): CodeIgniter\CodeIgniter->run()
#11 C:\xampp\htdocs\e-smarcity\system\Commands\Server\rewrite.php(35): require_once('C:\\xampp\\htdocs...')
#12 {main}
CRITICAL - 2020-10-10 10:55:33 --> Invalid argument supplied for foreach()
#0 C:\xampp\htdocs\e-smarcity\app\Views\v_kategori.php(13): CodeIgniter\Debug\Exceptions->errorHandler(2, 'Invalid argumen...', 'C:\\xampp\\htdocs...', 13, Array)
#1 C:\xampp\htdocs\e-smarcity\system\View\View.php(241): include('C:\\xampp\\htdocs...')
#2 C:\xampp\htdocs\e-smarcity\system\Common.php(1217): CodeIgniter\View\View->render('v_kategori.php', Array, true)
#3 C:\xampp\htdocs\e-smarcity\app\Views\layout\v_wrapper_kategori.php(6): view('v_kategori.php')
#4 C:\xampp\htdocs\e-smarcity\system\View\View.php(241): include('C:\\xampp\\htdocs...')
#5 C:\xampp\htdocs\e-smarcity\system\Common.php(1217): CodeIgniter\View\View->render('layout/v_wrappe...', Array, true)
#6 C:\xampp\htdocs\e-smarcity\app\Controllers\Home.php(20): view('layout/v_wrappe...', Array)
#7 C:\xampp\htdocs\e-smarcity\system\CodeIgniter.php(964): App\Controllers\Home->kategori()
#8 C:\xampp\htdocs\e-smarcity\system\CodeIgniter.php(449): CodeIgniter\CodeIgniter->runController(Object(App\Controllers\Home))
#9 C:\xampp\htdocs\e-smarcity\system\CodeIgniter.php(357): CodeIgniter\CodeIgniter->handleRequest(NULL, Object(Config\Cache), false)
#10 C:\xampp\htdocs\e-smarcity\public\index.php(45): CodeIgniter\CodeIgniter->run()
#11 C:\xampp\htdocs\e-smarcity\system\Commands\Server\rewrite.php(35): require_once('C:\\xampp\\htdocs...')
#12 {main}
CRITICAL - 2020-10-10 10:55:34 --> Invalid argument supplied for foreach()
#0 C:\xampp\htdocs\e-smarcity\app\Views\v_kategori.php(13): CodeIgniter\Debug\Exceptions->errorHandler(2, 'Invalid argumen...', 'C:\\xampp\\htdocs...', 13, Array)
#1 C:\xampp\htdocs\e-smarcity\system\View\View.php(241): include('C:\\xampp\\htdocs...')
#2 C:\xampp\htdocs\e-smarcity\system\Common.php(1217): CodeIgniter\View\View->render('v_kategori.php', Array, true)
#3 C:\xampp\htdocs\e-smarcity\app\Views\layout\v_wrapper_kategori.php(6): view('v_kategori.php')
#4 C:\xampp\htdocs\e-smarcity\system\View\View.php(241): include('C:\\xampp\\htdocs...')
#5 C:\xampp\htdocs\e-smarcity\system\Common.php(1217): CodeIgniter\View\View->render('layout/v_wrappe...', Array, true)
#6 C:\xampp\htdocs\e-smarcity\app\Controllers\Home.php(20): view('layout/v_wrappe...', Array)
#7 C:\xampp\htdocs\e-smarcity\system\CodeIgniter.php(964): App\Controllers\Home->kategori()
#8 C:\xampp\htdocs\e-smarcity\system\CodeIgniter.php(449): CodeIgniter\CodeIgniter->runController(Object(App\Controllers\Home))
#9 C:\xampp\htdocs\e-smarcity\system\CodeIgniter.php(357): CodeIgniter\CodeIgniter->handleRequest(NULL, Object(Config\Cache), false)
#10 C:\xampp\htdocs\e-smarcity\public\index.php(45): CodeIgniter\CodeIgniter->run()
#11 C:\xampp\htdocs\e-smarcity\system\Commands\Server\rewrite.php(35): require_once('C:\\xampp\\htdocs...')
#12 {main}
CRITICAL - 2020-10-10 10:55:34 --> Invalid argument supplied for foreach()
#0 C:\xampp\htdocs\e-smarcity\app\Views\v_kategori.php(13): CodeIgniter\Debug\Exceptions->errorHandler(2, 'Invalid argumen...', 'C:\\xampp\\htdocs...', 13, Array)
#1 C:\xampp\htdocs\e-smarcity\system\View\View.php(241): include('C:\\xampp\\htdocs...')
#2 C:\xampp\htdocs\e-smarcity\system\Common.php(1217): CodeIgniter\View\View->render('v_kategori.php', Array, true)
#3 C:\xampp\htdocs\e-smarcity\app\Views\layout\v_wrapper_kategori.php(6): view('v_kategori.php')
#4 C:\xampp\htdocs\e-smarcity\system\View\View.php(241): include('C:\\xampp\\htdocs...')
#5 C:\xampp\htdocs\e-smarcity\system\Common.php(1217): CodeIgniter\View\View->render('layout/v_wrappe...', Array, true)
#6 C:\xampp\htdocs\e-smarcity\app\Controllers\Home.php(20): view('layout/v_wrappe...', Array)
#7 C:\xampp\htdocs\e-smarcity\system\CodeIgniter.php(964): App\Controllers\Home->kategori()
#8 C:\xampp\htdocs\e-smarcity\system\CodeIgniter.php(449): CodeIgniter\CodeIgniter->runController(Object(App\Controllers\Home))
#9 C:\xampp\htdocs\e-smarcity\system\CodeIgniter.php(357): CodeIgniter\CodeIgniter->handleRequest(NULL, Object(Config\Cache), false)
#10 C:\xampp\htdocs\e-smarcity\public\index.php(45): CodeIgniter\CodeIgniter->run()
#11 C:\xampp\htdocs\e-smarcity\system\Commands\Server\rewrite.php(35): require_once('C:\\xampp\\htdocs...')
#12 {main}
CRITICAL - 2020-10-10 10:55:42 --> Invalid argument supplied for foreach()
#0 C:\xampp\htdocs\e-smarcity\app\Views\v_kategori.php(13): CodeIgniter\Debug\Exceptions->errorHandler(2, 'Invalid argumen...', 'C:\\xampp\\htdocs...', 13, Array)
#1 C:\xampp\htdocs\e-smarcity\system\View\View.php(241): include('C:\\xampp\\htdocs...')
#2 C:\xampp\htdocs\e-smarcity\system\Common.php(1217): CodeIgniter\View\View->render('v_kategori.php', Array, true)
#3 C:\xampp\htdocs\e-smarcity\app\Views\layout\v_wrapper_kategori.php(6): view('v_kategori.php')
#4 C:\xampp\htdocs\e-smarcity\system\View\View.php(241): include('C:\\xampp\\htdocs...')
#5 C:\xampp\htdocs\e-smarcity\system\Common.php(1217): CodeIgniter\View\View->render('layout/v_wrappe...', Array, true)
#6 C:\xampp\htdocs\e-smarcity\app\Controllers\Home.php(20): view('layout/v_wrappe...', Array)
#7 C:\xampp\htdocs\e-smarcity\system\CodeIgniter.php(964): App\Controllers\Home->kategori()
#8 C:\xampp\htdocs\e-smarcity\system\CodeIgniter.php(449): CodeIgniter\CodeIgniter->runController(Object(App\Controllers\Home))
#9 C:\xampp\htdocs\e-smarcity\system\CodeIgniter.php(357): CodeIgniter\CodeIgniter->handleRequest(NULL, Object(Config\Cache), false)
#10 C:\xampp\htdocs\e-smarcity\public\index.php(45): CodeIgniter\CodeIgniter->run()
#11 C:\xampp\htdocs\e-smarcity\system\Commands\Server\rewrite.php(35): require_once('C:\\xampp\\htdocs...')
#12 {main}
CRITICAL - 2020-10-10 10:57:16 --> Invalid argument supplied for foreach()
#0 C:\xampp\htdocs\e-smarcity\app\Views\v_kategori.php(13): CodeIgniter\Debug\Exceptions->errorHandler(2, 'Invalid argumen...', 'C:\\xampp\\htdocs...', 13, Array)
#1 C:\xampp\htdocs\e-smarcity\system\View\View.php(241): include('C:\\xampp\\htdocs...')
#2 C:\xampp\htdocs\e-smarcity\system\Common.php(1217): CodeIgniter\View\View->render('v_kategori.php', Array, true)
#3 C:\xampp\htdocs\e-smarcity\app\Views\layout\v_wrapper_kategori.php(6): view('v_kategori.php')
#4 C:\xampp\htdocs\e-smarcity\system\View\View.php(241): include('C:\\xampp\\htdocs...')
#5 C:\xampp\htdocs\e-smarcity\system\Common.php(1217): CodeIgniter\View\View->render('layout/v_wrappe...', Array, true)
#6 C:\xampp\htdocs\e-smarcity\app\Controllers\Home.php(20): view('layout/v_wrappe...', Array)
#7 C:\xampp\htdocs\e-smarcity\system\CodeIgniter.php(964): App\Controllers\Home->kategori()
#8 C:\xampp\htdocs\e-smarcity\system\CodeIgniter.php(449): CodeIgniter\CodeIgniter->runController(Object(App\Controllers\Home))
#9 C:\xampp\htdocs\e-smarcity\system\CodeIgniter.php(357): CodeIgniter\CodeIgniter->handleRequest(NULL, Object(Config\Cache), false)
#10 C:\xampp\htdocs\e-smarcity\public\index.php(45): CodeIgniter\CodeIgniter->run()
#11 C:\xampp\htdocs\e-smarcity\system\Commands\Server\rewrite.php(35): require_once('C:\\xampp\\htdocs...')
#12 {main}
ERROR - 2020-10-10 12:26:03 --> Error connecting to the database: Access denied for user ''@'localhost' (using password: NO)
CRITICAL - 2020-10-10 12:26:03 --> Unable to connect to the database.
#0 C:\xampp\htdocs\e-smarcity\system\Database\BaseConnection.php(629): CodeIgniter\Database\BaseConnection->initialize()
#1 C:\xampp\htdocs\e-smarcity\system\Database\BaseBuilder.php(1871): CodeIgniter\Database\BaseConnection->query('SELECT *\nFROM `...', Array, false)
#2 C:\xampp\htdocs\e-smarcity\app\Models\Modelkategori.php(8): CodeIgniter\Database\BaseBuilder->get()
#3 C:\xampp\htdocs\e-smarcity\app\Controllers\Kategori.php(18): App\Models\Modelkategori->get_kategori()
#4 C:\xampp\htdocs\e-smarcity\system\CodeIgniter.php(964): App\Controllers\Kategori->index()
#5 C:\xampp\htdocs\e-smarcity\system\CodeIgniter.php(449): CodeIgniter\CodeIgniter->runController(Object(App\Controllers\Kategori))
#6 C:\xampp\htdocs\e-smarcity\system\CodeIgniter.php(357): CodeIgniter\CodeIgniter->handleRequest(NULL, Object(Config\Cache), false)
#7 C:\xampp\htdocs\e-smarcity\public\index.php(45): CodeIgniter\CodeIgniter->run()
#8 C:\xampp\htdocs\e-smarcity\system\Commands\Server\rewrite.php(35): require_once('C:\\xampp\\htdocs...')
#9 {main}
ERROR - 2020-10-10 12:27:55 --> Error connecting to the database: Access denied for user ''@'localhost' (using password: NO)
CRITICAL - 2020-10-10 12:27:55 --> Unable to connect to the database.
#0 C:\xampp\htdocs\e-smarcity\system\Database\BaseConnection.php(629): CodeIgniter\Database\BaseConnection->initialize()
#1 C:\xampp\htdocs\e-smarcity\system\Database\BaseBuilder.php(1871): CodeIgniter\Database\BaseConnection->query('SELECT *\nFROM `...', Array, false)
#2 C:\xampp\htdocs\e-smarcity\app\Models\Modelkategori.php(8): CodeIgniter\Database\BaseBuilder->get()
#3 C:\xampp\htdocs\e-smarcity\app\Controllers\Kategori.php(18): App\Models\Modelkategori->get_kategori()
#4 C:\xampp\htdocs\e-smarcity\system\CodeIgniter.php(964): App\Controllers\Kategori->index()
#5 C:\xampp\htdocs\e-smarcity\system\CodeIgniter.php(449): CodeIgniter\CodeIgniter->runController(Object(App\Controllers\Kategori))
#6 C:\xampp\htdocs\e-smarcity\system\CodeIgniter.php(357): CodeIgniter\CodeIgniter->handleRequest(NULL, Object(Config\Cache), false)
#7 C:\xampp\htdocs\e-smarcity\public\index.php(45): CodeIgniter\CodeIgniter->run()
#8 C:\xampp\htdocs\e-smarcity\system\Commands\Server\rewrite.php(35): require_once('C:\\xampp\\htdocs...')
#9 {main}
ERROR - 2020-10-10 12:30:48 --> Error connecting to the database: Access denied for user ''@'localhost' (using password: NO)
CRITICAL - 2020-10-10 12:30:48 --> Unable to connect to the database.
#0 C:\xampp\htdocs\e-smarcity\system\Database\BaseConnection.php(629): CodeIgniter\Database\BaseConnection->initialize()
#1 C:\xampp\htdocs\e-smarcity\system\Database\BaseBuilder.php(1871): CodeIgniter\Database\BaseConnection->query('SELECT *\nFROM `...', Array, false)
#2 C:\xampp\htdocs\e-smarcity\app\Models\Modelkategori.php(8): CodeIgniter\Database\BaseBuilder->get()
#3 C:\xampp\htdocs\e-smarcity\app\Controllers\Home.php(28): App\Models\Modelkategori->get_kategori()
#4 C:\xampp\htdocs\e-smarcity\system\CodeIgniter.php(964): App\Controllers\Home->kategori()
#5 C:\xampp\htdocs\e-smarcity\system\CodeIgniter.php(449): CodeIgniter\CodeIgniter->runController(Object(App\Controllers\Home))
#6 C:\xampp\htdocs\e-smarcity\system\CodeIgniter.php(357): CodeIgniter\CodeIgniter->handleRequest(NULL, Object(Config\Cache), false)
#7 C:\xampp\htdocs\e-smarcity\public\index.php(45): CodeIgniter\CodeIgniter->run()
#8 C:\xampp\htdocs\e-smarcity\system\Commands\Server\rewrite.php(35): require_once('C:\\xampp\\htdocs...')
#9 {main}
ERROR - 2020-10-10 12:31:37 --> Error connecting to the database: Access denied for user ''@'localhost' (using password: NO)
CRITICAL - 2020-10-10 12:31:37 --> Unable to connect to the database.
#0 C:\xampp\htdocs\e-smarcity\system\Database\BaseConnection.php(629): CodeIgniter\Database\BaseConnection->initialize()
#1 C:\xampp\htdocs\e-smarcity\system\Database\BaseBuilder.php(1871): CodeIgniter\Database\BaseConnection->query('SELECT *\nFROM `...', Array, false)
#2 C:\xampp\htdocs\e-smarcity\app\Models\Modelkategori.php(8): CodeIgniter\Database\BaseBuilder->get()
#3 C:\xampp\htdocs\e-smarcity\app\Controllers\Home.php(28): App\Models\Modelkategori->get_kategori()
#4 C:\xampp\htdocs\e-smarcity\system\CodeIgniter.php(964): App\Controllers\Home->kategori()
#5 C:\xampp\htdocs\e-smarcity\system\CodeIgniter.php(449): CodeIgniter\CodeIgniter->runController(Object(App\Controllers\Home))
#6 C:\xampp\htdocs\e-smarcity\system\CodeIgniter.php(357): CodeIgniter\CodeIgniter->handleRequest(NULL, Object(Config\Cache), false)
#7 C:\xampp\htdocs\e-smarcity\public\index.php(45): CodeIgniter\CodeIgniter->run()
#8 C:\xampp\htdocs\e-smarcity\system\Commands\Server\rewrite.php(35): require_once('C:\\xampp\\htdocs...')
#9 {main}
ERROR - 2020-10-10 12:31:40 --> Error connecting to the database: Access denied for user ''@'localhost' (using password: NO)
CRITICAL - 2020-10-10 12:31:40 --> Unable to connect to the database.
#0 C:\xampp\htdocs\e-smarcity\system\Database\BaseConnection.php(629): CodeIgniter\Database\BaseConnection->initialize()
#1 C:\xampp\htdocs\e-smarcity\system\Database\BaseBuilder.php(1871): CodeIgniter\Database\BaseConnection->query('SELECT *\nFROM `...', Array, false)
#2 C:\xampp\htdocs\e-smarcity\app\Models\Modelkategori.php(8): CodeIgniter\Database\BaseBuilder->get()
#3 C:\xampp\htdocs\e-smarcity\app\Controllers\Home.php(28): App\Models\Modelkategori->get_kategori()
#4 C:\xampp\htdocs\e-smarcity\system\CodeIgniter.php(964): App\Controllers\Home->kategori()
#5 C:\xampp\htdocs\e-smarcity\system\CodeIgniter.php(449): CodeIgniter\CodeIgniter->runController(Object(App\Controllers\Home))
#6 C:\xampp\htdocs\e-smarcity\system\CodeIgniter.php(357): CodeIgniter\CodeIgniter->handleRequest(NULL, Object(Config\Cache), false)
#7 C:\xampp\htdocs\e-smarcity\public\index.php(45): CodeIgniter\CodeIgniter->run()
#8 C:\xampp\htdocs\e-smarcity\system\Commands\Server\rewrite.php(35): require_once('C:\\xampp\\htdocs...')
#9 {main}
ERROR - 2020-10-10 12:31:53 --> Error connecting to the database: Access denied for user ''@'localhost' (using password: NO)
CRITICAL - 2020-10-10 12:31:53 --> Unable to connect to the database.
#0 C:\xampp\htdocs\e-smarcity\system\Database\BaseConnection.php(629): CodeIgniter\Database\BaseConnection->initialize()
#1 C:\xampp\htdocs\e-smarcity\system\Database\BaseBuilder.php(1871): CodeIgniter\Database\BaseConnection->query('SELECT *\nFROM `...', Array, false)
#2 C:\xampp\htdocs\e-smarcity\app\Models\Modelkategori.php(8): CodeIgniter\Database\BaseBuilder->get()
#3 C:\xampp\htdocs\e-smarcity\app\Controllers\Home.php(28): App\Models\Modelkategori->get_kategori()
#4 C:\xampp\htdocs\e-smarcity\system\CodeIgniter.php(964): App\Controllers\Home->kategori()
#5 C:\xampp\htdocs\e-smarcity\system\CodeIgniter.php(449): CodeIgniter\CodeIgniter->runController(Object(App\Controllers\Home))
#6 C:\xampp\htdocs\e-smarcity\system\CodeIgniter.php(357): CodeIgniter\CodeIgniter->handleRequest(NULL, Object(Config\Cache), false)
#7 C:\xampp\htdocs\e-smarcity\public\index.php(45): CodeIgniter\CodeIgniter->run()
#8 C:\xampp\htdocs\e-smarcity\system\Commands\Server\rewrite.php(35): require_once('C:\\xampp\\htdocs...')
#9 {main}
ERROR - 2020-10-10 12:32:08 --> Error connecting to the database: Access denied for user ''@'localhost' (using password: NO)
CRITICAL - 2020-10-10 12:32:08 --> Unable to connect to the database.
#0 C:\xampp\htdocs\e-smarcity\system\Database\BaseConnection.php(629): CodeIgniter\Database\BaseConnection->initialize()
#1 C:\xampp\htdocs\e-smarcity\system\Database\BaseBuilder.php(1871): CodeIgniter\Database\BaseConnection->query('SELECT *\nFROM `...', Array, false)
#2 C:\xampp\htdocs\e-smarcity\app\Models\Modelkategori.php(8): CodeIgniter\Database\BaseBuilder->get()
#3 C:\xampp\htdocs\e-smarcity\app\Controllers\Home.php(28): App\Models\Modelkategori->get_kategori()
#4 C:\xampp\htdocs\e-smarcity\system\CodeIgniter.php(964): App\Controllers\Home->kategori()
#5 C:\xampp\htdocs\e-smarcity\system\CodeIgniter.php(449): CodeIgniter\CodeIgniter->runController(Object(App\Controllers\Home))
#6 C:\xampp\htdocs\e-smarcity\system\CodeIgniter.php(357): CodeIgniter\CodeIgniter->handleRequest(NULL, Object(Config\Cache), false)
#7 C:\xampp\htdocs\e-smarcity\public\index.php(45): CodeIgniter\CodeIgniter->run()
#8 C:\xampp\htdocs\e-smarcity\system\Commands\Server\rewrite.php(35): require_once('C:\\xampp\\htdocs...')
#9 {main}
ERROR - 2020-10-10 12:32:50 --> Error connecting to the database: Access denied for user ''@'localhost' (using password: NO)
CRITICAL - 2020-10-10 12:32:50 --> Unable to connect to the database.
#0 C:\xampp\htdocs\e-smarcity\system\Database\BaseConnection.php(629): CodeIgniter\Database\BaseConnection->initialize()
#1 C:\xampp\htdocs\e-smarcity\system\Database\BaseBuilder.php(1871): CodeIgniter\Database\BaseConnection->query('SELECT *\nFROM `...', Array, false)
#2 C:\xampp\htdocs\e-smarcity\app\Models\Modelkategori.php(8): CodeIgniter\Database\BaseBuilder->get()
#3 C:\xampp\htdocs\e-smarcity\app\Controllers\Home.php(28): App\Models\Modelkategori->get_kategori()
#4 C:\xampp\htdocs\e-smarcity\system\CodeIgniter.php(964): App\Controllers\Home->kategori()
#5 C:\xampp\htdocs\e-smarcity\system\CodeIgniter.php(449): CodeIgniter\CodeIgniter->runController(Object(App\Controllers\Home))
#6 C:\xampp\htdocs\e-smarcity\system\CodeIgniter.php(357): CodeIgniter\CodeIgniter->handleRequest(NULL, Object(Config\Cache), false)
#7 C:\xampp\htdocs\e-smarcity\public\index.php(45): CodeIgniter\CodeIgniter->run()
#8 C:\xampp\htdocs\e-smarcity\system\Commands\Server\rewrite.php(35): require_once('C:\\xampp\\htdocs...')
#9 {main}
ERROR - 2020-10-10 12:34:26 --> Error connecting to the database: Access denied for user ''@'localhost' (using password: NO)
CRITICAL - 2020-10-10 12:34:26 --> Unable to connect to the database.
#0 C:\xampp\htdocs\e-smarcity\system\Database\BaseConnection.php(629): CodeIgniter\Database\BaseConnection->initialize()
#1 C:\xampp\htdocs\e-smarcity\system\Database\BaseBuilder.php(1871): CodeIgniter\Database\BaseConnection->query('SELECT *\nFROM `...', Array, false)
#2 C:\xampp\htdocs\e-smarcity\app\Models\Modelkategori.php(9): CodeIgniter\Database\BaseBuilder->get()
#3 C:\xampp\htdocs\e-smarcity\app\Controllers\Home.php(28): App\Models\Modelkategori->get_kategori()
#4 C:\xampp\htdocs\e-smarcity\system\CodeIgniter.php(964): App\Controllers\Home->kategori()
#5 C:\xampp\htdocs\e-smarcity\system\CodeIgniter.php(449): CodeIgniter\CodeIgniter->runController(Object(App\Controllers\Home))
#6 C:\xampp\htdocs\e-smarcity\system\CodeIgniter.php(357): CodeIgniter\CodeIgniter->handleRequest(NULL, Object(Config\Cache), false)
#7 C:\xampp\htdocs\e-smarcity\public\index.php(45): CodeIgniter\CodeIgniter->run()
#8 C:\xampp\htdocs\e-smarcity\system\Commands\Server\rewrite.php(35): require_once('C:\\xampp\\htdocs...')
#9 {main}
CRITICAL - 2020-10-10 12:34:56 --> Invalid argument supplied for foreach()
#0 C:\xampp\htdocs\e-smarcity\app\Views\v_kategori.php(14): CodeIgniter\Debug\Exceptions->errorHandler(2, 'Invalid argumen...', 'C:\\xampp\\htdocs...', 14, Array)
#1 C:\xampp\htdocs\e-smarcity\system\View\View.php(241): include('C:\\xampp\\htdocs...')
#2 C:\xampp\htdocs\e-smarcity\system\Common.php(1217): CodeIgniter\View\View->render('v_kategori.php', Array, true)
#3 C:\xampp\htdocs\e-smarcity\app\Views\layout\v_wrapper_kategori.php(6): view('v_kategori.php')
#4 C:\xampp\htdocs\e-smarcity\system\View\View.php(241): include('C:\\xampp\\htdocs...')
#5 C:\xampp\htdocs\e-smarcity\system\Common.php(1217): CodeIgniter\View\View->render('layout/v_wrappe...', Array, true)
#6 C:\xampp\htdocs\e-smarcity\app\Controllers\Home.php(23): view('layout/v_wrappe...', Array)
#7 C:\xampp\htdocs\e-smarcity\system\CodeIgniter.php(964): App\Controllers\Home->kategori()
#8 C:\xampp\htdocs\e-smarcity\system\CodeIgniter.php(449): CodeIgniter\CodeIgniter->runController(Object(App\Controllers\Home))
#9 C:\xampp\htdocs\e-smarcity\system\CodeIgniter.php(357): CodeIgniter\CodeIgniter->handleRequest(NULL, Object(Config\Cache), false)
#10 C:\xampp\htdocs\e-smarcity\public\index.php(45): CodeIgniter\CodeIgniter->run()
#11 C:\xampp\htdocs\e-smarcity\system\Commands\Server\rewrite.php(35): require_once('C:\\xampp\\htdocs...')
#12 {main}
CRITICAL - 2020-10-10 12:35:18 --> Invalid argument supplied for foreach()
#0 C:\xampp\htdocs\e-smarcity\app\Views\v_kategori.php(14): CodeIgniter\Debug\Exceptions->errorHandler(2, 'Invalid argumen...', 'C:\\xampp\\htdocs...', 14, Array)
#1 C:\xampp\htdocs\e-smarcity\system\View\View.php(241): include('C:\\xampp\\htdocs...')
#2 C:\xampp\htdocs\e-smarcity\system\Common.php(1217): CodeIgniter\View\View->render('v_kategori.php', Array, true)
#3 C:\xampp\htdocs\e-smarcity\app\Views\layout\v_wrapper_kategori.php(6): view('v_kategori.php')
#4 C:\xampp\htdocs\e-smarcity\system\View\View.php(241): include('C:\\xampp\\htdocs...')
#5 C:\xampp\htdocs\e-smarcity\system\Common.php(1217): CodeIgniter\View\View->render('layout/v_wrappe...', Array, true)
#6 C:\xampp\htdocs\e-smarcity\app\Controllers\Home.php(22): view('layout/v_wrappe...', Array)
#7 C:\xampp\htdocs\e-smarcity\system\CodeIgniter.php(964): App\Controllers\Home->kategori()
#8 C:\xampp\htdocs\e-smarcity\system\CodeIgniter.php(449): CodeIgniter\CodeIgniter->runController(Object(App\Controllers\Home))
#9 C:\xampp\htdocs\e-smarcity\system\CodeIgniter.php(357): CodeIgniter\CodeIgniter->handleRequest(NULL, Object(Config\Cache), false)
#10 C:\xampp\htdocs\e-smarcity\public\index.php(45): CodeIgniter\CodeIgniter->run()
#11 C:\xampp\htdocs\e-smarcity\system\Commands\Server\rewrite.php(35): require_once('C:\\xampp\\htdocs...')
#12 {main}
CRITICAL - 2020-10-10 13:36:42 --> syntax error, unexpected '{', expecting function (T_FUNCTION) or const (T_CONST)
#0 C:\xampp\htdocs\e-smarcity\system\Autoloader\Autoloader.php(311): CodeIgniter\Autoloader\Autoloader->includeFile('C:\\xampp\\htdocs...')
#1 C:\xampp\htdocs\e-smarcity\system\Autoloader\Autoloader.php(265): CodeIgniter\Autoloader\Autoloader->loadInNamespace('App\\Models\\Mode...')
#2 [internal function]: CodeIgniter\Autoloader\Autoloader->loadClass('App\\Models\\Mode...')
#3 C:\xampp\htdocs\e-smarcity\app\Controllers\Home.php(14): spl_autoload_call('App\\Models\\Mode...')
#4 C:\xampp\htdocs\e-smarcity\system\CodeIgniter.php(936): App\Controllers\Home->__construct()
#5 C:\xampp\htdocs\e-smarcity\system\CodeIgniter.php(444): CodeIgniter\CodeIgniter->createController()
#6 C:\xampp\htdocs\e-smarcity\system\CodeIgniter.php(357): CodeIgniter\CodeIgniter->handleRequest(NULL, Object(Config\Cache), false)
#7 C:\xampp\htdocs\e-smarcity\public\index.php(45): CodeIgniter\CodeIgniter->run()
#8 C:\xampp\htdocs\e-smarcity\system\Commands\Server\rewrite.php(35): require_once('C:\\xampp\\htdocs...')
#9 {main}
CRITICAL - 2020-10-10 13:36:44 --> syntax error, unexpected '{', expecting function (T_FUNCTION) or const (T_CONST)
#0 C:\xampp\htdocs\e-smarcity\system\Autoloader\Autoloader.php(311): CodeIgniter\Autoloader\Autoloader->includeFile('C:\\xampp\\htdocs...')
#1 C:\xampp\htdocs\e-smarcity\system\Autoloader\Autoloader.php(265): CodeIgniter\Autoloader\Autoloader->loadInNamespace('App\\Models\\Mode...')
#2 [internal function]: CodeIgniter\Autoloader\Autoloader->loadClass('App\\Models\\Mode...')
#3 C:\xampp\htdocs\e-smarcity\app\Controllers\Home.php(14): spl_autoload_call('App\\Models\\Mode...')
#4 C:\xampp\htdocs\e-smarcity\system\CodeIgniter.php(936): App\Controllers\Home->__construct()
#5 C:\xampp\htdocs\e-smarcity\system\CodeIgniter.php(444): CodeIgniter\CodeIgniter->createController()
#6 C:\xampp\htdocs\e-smarcity\system\CodeIgniter.php(357): CodeIgniter\CodeIgniter->handleRequest(NULL, Object(Config\Cache), false)
#7 C:\xampp\htdocs\e-smarcity\public\index.php(45): CodeIgniter\CodeIgniter->run()
#8 C:\xampp\htdocs\e-smarcity\system\Commands\Server\rewrite.php(35): require_once('C:\\xampp\\htdocs...')
#9 {main}
CRITICAL - 2020-10-10 13:36:44 --> syntax error, unexpected '{', expecting function (T_FUNCTION) or const (T_CONST)
#0 C:\xampp\htdocs\e-smarcity\system\Autoloader\Autoloader.php(311): CodeIgniter\Autoloader\Autoloader->includeFile('C:\\xampp\\htdocs...')
#1 C:\xampp\htdocs\e-smarcity\system\Autoloader\Autoloader.php(265): CodeIgniter\Autoloader\Autoloader->loadInNamespace('App\\Models\\Mode...')
#2 [internal function]: CodeIgniter\Autoloader\Autoloader->loadClass('App\\Models\\Mode...')
#3 C:\xampp\htdocs\e-smarcity\app\Controllers\Home.php(14): spl_autoload_call('App\\Models\\Mode...')
#4 C:\xampp\htdocs\e-smarcity\system\CodeIgniter.php(936): App\Controllers\Home->__construct()
#5 C:\xampp\htdocs\e-smarcity\system\CodeIgniter.php(444): CodeIgniter\CodeIgniter->createController()
#6 C:\xampp\htdocs\e-smarcity\system\CodeIgniter.php(357): CodeIgniter\CodeIgniter->handleRequest(NULL, Object(Config\Cache), false)
#7 C:\xampp\htdocs\e-smarcity\public\index.php(45): CodeIgniter\CodeIgniter->run()
#8 C:\xampp\htdocs\e-smarcity\system\Commands\Server\rewrite.php(35): require_once('C:\\xampp\\htdocs...')
#9 {main}
CRITICAL - 2020-10-10 13:36:45 --> syntax error, unexpected '{', expecting function (T_FUNCTION) or const (T_CONST)
#0 C:\xampp\htdocs\e-smarcity\system\Autoloader\Autoloader.php(311): CodeIgniter\Autoloader\Autoloader->includeFile('C:\\xampp\\htdocs...')
#1 C:\xampp\htdocs\e-smarcity\system\Autoloader\Autoloader.php(265): CodeIgniter\Autoloader\Autoloader->loadInNamespace('App\\Models\\Mode...')
#2 [internal function]: CodeIgniter\Autoloader\Autoloader->loadClass('App\\Models\\Mode...')
#3 C:\xampp\htdocs\e-smarcity\app\Controllers\Home.php(14): spl_autoload_call('App\\Models\\Mode...')
#4 C:\xampp\htdocs\e-smarcity\system\CodeIgniter.php(936): App\Controllers\Home->__construct()
#5 C:\xampp\htdocs\e-smarcity\system\CodeIgniter.php(444): CodeIgniter\CodeIgniter->createController()
#6 C:\xampp\htdocs\e-smarcity\system\CodeIgniter.php(357): CodeIgniter\CodeIgniter->handleRequest(NULL, Object(Config\Cache), false)
#7 C:\xampp\htdocs\e-smarcity\public\index.php(45): CodeIgniter\CodeIgniter->run()
#8 C:\xampp\htdocs\e-smarcity\system\Commands\Server\rewrite.php(35): require_once('C:\\xampp\\htdocs...')
#9 {main}
CRITICAL - 2020-10-10 13:38:06 --> syntax error, unexpected '{', expecting function (T_FUNCTION) or const (T_CONST)
#0 C:\xampp\htdocs\e-smarcity\system\Autoloader\Autoloader.php(311): CodeIgniter\Autoloader\Autoloader->includeFile('C:\\xampp\\htdocs...')
#1 C:\xampp\htdocs\e-smarcity\system\Autoloader\Autoloader.php(265): CodeIgniter\Autoloader\Autoloader->loadInNamespace('App\\Models\\Mode...')
#2 [internal function]: CodeIgniter\Autoloader\Autoloader->loadClass('App\\Models\\Mode...')
#3 C:\xampp\htdocs\e-smarcity\app\Controllers\Home.php(14): spl_autoload_call('App\\Models\\Mode...')
#4 C:\xampp\htdocs\e-smarcity\system\CodeIgniter.php(936): App\Controllers\Home->__construct()
#5 C:\xampp\htdocs\e-smarcity\system\CodeIgniter.php(444): CodeIgniter\CodeIgniter->createController()
#6 C:\xampp\htdocs\e-smarcity\system\CodeIgniter.php(357): CodeIgniter\CodeIgniter->handleRequest(NULL, Object(Config\Cache), false)
#7 C:\xampp\htdocs\e-smarcity\public\index.php(45): CodeIgniter\CodeIgniter->run()
#8 C:\xampp\htdocs\e-smarcity\system\Commands\Server\rewrite.php(35): require_once('C:\\xampp\\htdocs...')
#9 {main}
CRITICAL - 2020-10-10 13:38:24 --> syntax error, unexpected '{', expecting function (T_FUNCTION) or const (T_CONST)
#0 C:\xampp\htdocs\e-smarcity\system\Autoloader\Autoloader.php(311): CodeIgniter\Autoloader\Autoloader->includeFile('C:\\xampp\\htdocs...')
#1 C:\xampp\htdocs\e-smarcity\system\Autoloader\Autoloader.php(265): CodeIgniter\Autoloader\Autoloader->loadInNamespace('App\\Models\\Mode...')
#2 [internal function]: CodeIgniter\Autoloader\Autoloader->loadClass('App\\Models\\Mode...')
#3 C:\xampp\htdocs\e-smarcity\app\Controllers\Home.php(14): spl_autoload_call('App\\Models\\Mode...')
#4 C:\xampp\htdocs\e-smarcity\system\CodeIgniter.php(936): App\Controllers\Home->__construct()
#5 C:\xampp\htdocs\e-smarcity\system\CodeIgniter.php(444): CodeIgniter\CodeIgniter->createController()
#6 C:\xampp\htdocs\e-smarcity\system\CodeIgniter.php(357): CodeIgniter\CodeIgniter->handleRequest(NULL, Object(Config\Cache), false)
#7 C:\xampp\htdocs\e-smarcity\public\index.php(45): CodeIgniter\CodeIgniter->run()
#8 C:\xampp\htdocs\e-smarcity\system\Commands\Server\rewrite.php(35): require_once('C:\\xampp\\htdocs...')
#9 {main}
CRITICAL - 2020-10-10 13:38:50 --> syntax error, unexpected '{', expecting function (T_FUNCTION) or const (T_CONST)
#0 C:\xampp\htdocs\e-smarcity\system\Autoloader\Autoloader.php(311): CodeIgniter\Autoloader\Autoloader->includeFile('C:\\xampp\\htdocs...')
#1 C:\xampp\htdocs\e-smarcity\system\Autoloader\Autoloader.php(265): CodeIgniter\Autoloader\Autoloader->loadInNamespace('App\\Models\\Mode...')
#2 [internal function]: CodeIgniter\Autoloader\Autoloader->loadClass('App\\Models\\Mode...')
#3 C:\xampp\htdocs\e-smarcity\app\Controllers\Home.php(14): spl_autoload_call('App\\Models\\Mode...')
#4 C:\xampp\htdocs\e-smarcity\system\CodeIgniter.php(936): App\Controllers\Home->__construct()
#5 C:\xampp\htdocs\e-smarcity\system\CodeIgniter.php(444): CodeIgniter\CodeIgniter->createController()
#6 C:\xampp\htdocs\e-smarcity\system\CodeIgniter.php(357): CodeIgniter\CodeIgniter->handleRequest(NULL, Object(Config\Cache), false)
#7 C:\xampp\htdocs\e-smarcity\public\index.php(45): CodeIgniter\CodeIgniter->run()
#8 C:\xampp\htdocs\e-smarcity\system\Commands\Server\rewrite.php(35): require_once('C:\\xampp\\htdocs...')
#9 {main}
CRITICAL - 2020-10-10 13:38:51 --> syntax error, unexpected '{', expecting function (T_FUNCTION) or const (T_CONST)
#0 C:\xampp\htdocs\e-smarcity\system\Autoloader\Autoloader.php(311): CodeIgniter\Autoloader\Autoloader->includeFile('C:\\xampp\\htdocs...')
#1 C:\xampp\htdocs\e-smarcity\system\Autoloader\Autoloader.php(265): CodeIgniter\Autoloader\Autoloader->loadInNamespace('App\\Models\\Mode...')
#2 [internal function]: CodeIgniter\Autoloader\Autoloader->loadClass('App\\Models\\Mode...')
#3 C:\xampp\htdocs\e-smarcity\app\Controllers\Home.php(14): spl_autoload_call('App\\Models\\Mode...')
#4 C:\xampp\htdocs\e-smarcity\system\CodeIgniter.php(936): App\Controllers\Home->__construct()
#5 C:\xampp\htdocs\e-smarcity\system\CodeIgniter.php(444): CodeIgniter\CodeIgniter->createController()
#6 C:\xampp\htdocs\e-smarcity\system\CodeIgniter.php(357): CodeIgniter\CodeIgniter->handleRequest(NULL, Object(Config\Cache), false)
#7 C:\xampp\htdocs\e-smarcity\public\index.php(45): CodeIgniter\CodeIgniter->run()
#8 C:\xampp\htdocs\e-smarcity\system\Commands\Server\rewrite.php(35): require_once('C:\\xampp\\htdocs...')
#9 {main}
CRITICAL - 2020-10-10 13:38:51 --> syntax error, unexpected '{', expecting function (T_FUNCTION) or const (T_CONST)
#0 C:\xampp\htdocs\e-smarcity\system\Autoloader\Autoloader.php(311): CodeIgniter\Autoloader\Autoloader->includeFile('C:\\xampp\\htdocs...')
#1 C:\xampp\htdocs\e-smarcity\system\Autoloader\Autoloader.php(265): CodeIgniter\Autoloader\Autoloader->loadInNamespace('App\\Models\\Mode...')
#2 [internal function]: CodeIgniter\Autoloader\Autoloader->loadClass('App\\Models\\Mode...')
#3 C:\xampp\htdocs\e-smarcity\app\Controllers\Home.php(14): spl_autoload_call('App\\Models\\Mode...')
#4 C:\xampp\htdocs\e-smarcity\system\CodeIgniter.php(936): App\Controllers\Home->__construct()
#5 C:\xampp\htdocs\e-smarcity\system\CodeIgniter.php(444): CodeIgniter\CodeIgniter->createController()
#6 C:\xampp\htdocs\e-smarcity\system\CodeIgniter.php(357): CodeIgniter\CodeIgniter->handleRequest(NULL, Object(Config\Cache), false)
#7 C:\xampp\htdocs\e-smarcity\public\index.php(45): CodeIgniter\CodeIgniter->run()
#8 C:\xampp\htdocs\e-smarcity\system\Commands\Server\rewrite.php(35): require_once('C:\\xampp\\htdocs...')
#9 {main}
CRITICAL - 2020-10-10 14:15:09 --> Invalid argument supplied for foreach()
#0 C:\xampp\htdocs\e-smarcity\app\Views\v_kategori.php(13): CodeIgniter\Debug\Exceptions->errorHandler(2, 'Invalid argumen...', 'C:\\xampp\\htdocs...', 13, Array)
#1 C:\xampp\htdocs\e-smarcity\system\View\View.php(241): include('C:\\xampp\\htdocs...')
#2 C:\xampp\htdocs\e-smarcity\system\Common.php(1217): CodeIgniter\View\View->render('v_kategori.php', Array, true)
#3 C:\xampp\htdocs\e-smarcity\app\Views\layout\v_wrapper_kategori.php(6): view('v_kategori.php')
#4 C:\xampp\htdocs\e-smarcity\system\View\View.php(241): include('C:\\xampp\\htdocs...')
#5 C:\xampp\htdocs\e-smarcity\system\Common.php(1217): CodeIgniter\View\View->render('layout/v_wrappe...', Array, true)
#6 C:\xampp\htdocs\e-smarcity\app\Controllers\Home.php(22): view('layout/v_wrappe...', Array)
#7 C:\xampp\htdocs\e-smarcity\system\CodeIgniter.php(964): App\Controllers\Home->kategori()
#8 C:\xampp\htdocs\e-smarcity\system\CodeIgniter.php(449): CodeIgniter\CodeIgniter->runController(Object(App\Controllers\Home))
#9 C:\xampp\htdocs\e-smarcity\system\CodeIgniter.php(357): CodeIgniter\CodeIgniter->handleRequest(NULL, Object(Config\Cache), false)
#10 C:\xampp\htdocs\e-smarcity\public\index.php(45): CodeIgniter\CodeIgniter->run()
#11 C:\xampp\htdocs\e-smarcity\system\Commands\Server\rewrite.php(35): require_once('C:\\xampp\\htdocs...')
#12 {main}
CRITICAL - 2020-10-10 14:15:12 --> Invalid argument supplied for foreach()
#0 C:\xampp\htdocs\e-smarcity\app\Views\v_kategori.php(13): CodeIgniter\Debug\Exceptions->errorHandler(2, 'Invalid argumen...', 'C:\\xampp\\htdocs...', 13, Array)
#1 C:\xampp\htdocs\e-smarcity\system\View\View.php(241): include('C:\\xampp\\htdocs...')
#2 C:\xampp\htdocs\e-smarcity\system\Common.php(1217): CodeIgniter\View\View->render('v_kategori.php', Array, true)
#3 C:\xampp\htdocs\e-smarcity\app\Views\layout\v_wrapper_kategori.php(6): view('v_kategori.php')
#4 C:\xampp\htdocs\e-smarcity\system\View\View.php(241): include('C:\\xampp\\htdocs...')
#5 C:\xampp\htdocs\e-smarcity\system\Common.php(1217): CodeIgniter\View\View->render('layout/v_wrappe...', Array, true)
#6 C:\xampp\htdocs\e-smarcity\app\Controllers\Home.php(22): view('layout/v_wrappe...', Array)
#7 C:\xampp\htdocs\e-smarcity\system\CodeIgniter.php(964): App\Controllers\Home->kategori()
#8 C:\xampp\htdocs\e-smarcity\system\CodeIgniter.php(449): CodeIgniter\CodeIgniter->runController(Object(App\Controllers\Home))
#9 C:\xampp\htdocs\e-smarcity\system\CodeIgniter.php(357): CodeIgniter\CodeIgniter->handleRequest(NULL, Object(Config\Cache), false)
#10 C:\xampp\htdocs\e-smarcity\public\index.php(45): CodeIgniter\CodeIgniter->run()
#11 C:\xampp\htdocs\e-smarcity\system\Commands\Server\rewrite.php(35): require_once('C:\\xampp\\htdocs...')
#12 {main}
CRITICAL - 2020-10-10 14:15:13 --> Invalid argument supplied for foreach()
#0 C:\xampp\htdocs\e-smarcity\app\Views\v_kategori.php(13): CodeIgniter\Debug\Exceptions->errorHandler(2, 'Invalid argumen...', 'C:\\xampp\\htdocs...', 13, Array)
#1 C:\xampp\htdocs\e-smarcity\system\View\View.php(241): include('C:\\xampp\\htdocs...')
#2 C:\xampp\htdocs\e-smarcity\system\Common.php(1217): CodeIgniter\View\View->render('v_kategori.php', Array, true)
#3 C:\xampp\htdocs\e-smarcity\app\Views\layout\v_wrapper_kategori.php(6): view('v_kategori.php')
#4 C:\xampp\htdocs\e-smarcity\system\View\View.php(241): include('C:\\xampp\\htdocs...')
#5 C:\xampp\htdocs\e-smarcity\system\Common.php(1217): CodeIgniter\View\View->render('layout/v_wrappe...', Array, true)
#6 C:\xampp\htdocs\e-smarcity\app\Controllers\Home.php(22): view('layout/v_wrappe...', Array)
#7 C:\xampp\htdocs\e-smarcity\system\CodeIgniter.php(964): App\Controllers\Home->kategori()
#8 C:\xampp\htdocs\e-smarcity\system\CodeIgniter.php(449): CodeIgniter\CodeIgniter->runController(Object(App\Controllers\Home))
#9 C:\xampp\htdocs\e-smarcity\system\CodeIgniter.php(357): CodeIgniter\CodeIgniter->handleRequest(NULL, Object(Config\Cache), false)
#10 C:\xampp\htdocs\e-smarcity\public\index.php(45): CodeIgniter\CodeIgniter->run()
#11 C:\xampp\htdocs\e-smarcity\system\Commands\Server\rewrite.php(35): require_once('C:\\xampp\\htdocs...')
#12 {main}
CRITICAL - 2020-10-10 14:15:46 --> Invalid argument supplied for foreach()
#0 C:\xampp\htdocs\e-smarcity\app\Views\v_kategori.php(13): CodeIgniter\Debug\Exceptions->errorHandler(2, 'Invalid argumen...', 'C:\\xampp\\htdocs...', 13, Array)
#1 C:\xampp\htdocs\e-smarcity\system\View\View.php(241): include('C:\\xampp\\htdocs...')
#2 C:\xampp\htdocs\e-smarcity\system\Common.php(1217): CodeIgniter\View\View->render('v_kategori.php', Array, true)
#3 C:\xampp\htdocs\e-smarcity\app\Views\layout\v_wrapper_kategori.php(6): view('v_kategori.php')
#4 C:\xampp\htdocs\e-smarcity\system\View\View.php(241): include('C:\\xampp\\htdocs...')
#5 C:\xampp\htdocs\e-smarcity\system\Common.php(1217): CodeIgniter\View\View->render('layout/v_wrappe...', Array, true)
#6 C:\xampp\htdocs\e-smarcity\app\Controllers\Home.php(22): view('layout/v_wrappe...', Array)
#7 C:\xampp\htdocs\e-smarcity\system\CodeIgniter.php(964): App\Controllers\Home->kategori()
#8 C:\xampp\htdocs\e-smarcity\system\CodeIgniter.php(449): CodeIgniter\CodeIgniter->runController(Object(App\Controllers\Home))
#9 C:\xampp\htdocs\e-smarcity\system\CodeIgniter.php(357): CodeIgniter\CodeIgniter->handleRequest(NULL, Object(Config\Cache), false)
#10 C:\xampp\htdocs\e-smarcity\public\index.php(45): CodeIgniter\CodeIgniter->run()
#11 C:\xampp\htdocs\e-smarcity\system\Commands\Server\rewrite.php(35): require_once('C:\\xampp\\htdocs...')
#12 {main}
