CRITICAL - 2020-10-13 12:05:07 --> Trying to get property 'gambar' of non-object
#0 C:\xampp\htdocs\e-smarcity\e-smarcity\app\Controllers\Kategori.php(72): CodeIgniter\Debug\Exceptions->errorHandler(8, 'Trying to get p...', 'C:\\xampp\\htdocs...', 72, Array)
#1 C:\xampp\htdocs\e-smarcity\e-smarcity\system\CodeIgniter.php(964): App\Controllers\Kategori->edit()
#2 C:\xampp\htdocs\e-smarcity\e-smarcity\system\CodeIgniter.php(449): CodeIgniter\CodeIgniter->runController(Object(App\Controllers\Kategori))
#3 C:\xampp\htdocs\e-smarcity\e-smarcity\system\CodeIgniter.php(357): CodeIgniter\CodeIgniter->handleRequest(NULL, Object(Config\Cache), false)
#4 C:\xampp\htdocs\e-smarcity\e-smarcity\public\index.php(45): CodeIgniter\CodeIgniter->run()
#5 C:\xampp\htdocs\e-smarcity\e-smarcity\system\Commands\Server\rewrite.php(35): require_once('C:\\xampp\\htdocs...')
#6 {main}
CRITICAL - 2020-10-13 12:06:52 --> Trying to get property 'id_kategori' of non-object
#0 C:\xampp\htdocs\e-smarcity\e-smarcity\app\Views\v_kategoriedit.php(36): CodeIgniter\Debug\Exceptions->errorHandler(8, 'Trying to get p...', 'C:\\xampp\\htdocs...', 36, Array)
#1 C:\xampp\htdocs\e-smarcity\e-smarcity\system\View\View.php(241): include('C:\\xampp\\htdocs...')
#2 C:\xampp\htdocs\e-smarcity\e-smarcity\system\Common.php(1217): CodeIgniter\View\View->render('v_kategoriedit', Array, true)
#3 C:\xampp\htdocs\e-smarcity\e-smarcity\app\Controllers\Kategori.php(53): view('v_kategoriedit', Array)
#4 C:\xampp\htdocs\e-smarcity\e-smarcity\system\CodeIgniter.php(964): App\Controllers\Kategori->form_edit('1')
#5 C:\xampp\htdocs\e-smarcity\e-smarcity\system\CodeIgniter.php(449): CodeIgniter\CodeIgniter->runController(Object(App\Controllers\Kategori))
#6 C:\xampp\htdocs\e-smarcity\e-smarcity\system\CodeIgniter.php(357): CodeIgniter\CodeIgniter->handleRequest(NULL, Object(Config\Cache), false)
#7 C:\xampp\htdocs\e-smarcity\e-smarcity\public\index.php(45): CodeIgniter\CodeIgniter->run()
#8 C:\xampp\htdocs\e-smarcity\e-smarcity\system\Commands\Server\rewrite.php(35): require_once('C:\\xampp\\htdocs...')
#9 {main}
CRITICAL - 2020-10-13 23:01:17 --> Invalid file: template/v_content.php
#0 C:\xampp\htdocs\e-smarcity\e-smarcity\system\View\View.php(225): CodeIgniter\Exceptions\FrameworkException::forInvalidFile('template/v_cont...')
#1 C:\xampp\htdocs\e-smarcity\e-smarcity\system\Common.php(1217): CodeIgniter\View\View->render('template/v_cont...', Array, true)
#2 C:\xampp\htdocs\e-smarcity\e-smarcity\app\Controllers\Homefront.php(16): view('template/v_cont...')
#3 C:\xampp\htdocs\e-smarcity\e-smarcity\system\CodeIgniter.php(964): App\Controllers\Homefront->index()
#4 C:\xampp\htdocs\e-smarcity\e-smarcity\system\CodeIgniter.php(449): CodeIgniter\CodeIgniter->runController(Object(App\Controllers\Homefront))
#5 C:\xampp\htdocs\e-smarcity\e-smarcity\system\CodeIgniter.php(357): CodeIgniter\CodeIgniter->handleRequest(NULL, Object(Config\Cache), false)
#6 C:\xampp\htdocs\e-smarcity\e-smarcity\public\index.php(45): CodeIgniter\CodeIgniter->run()
#7 C:\xampp\htdocs\e-smarcity\e-smarcity\system\Commands\Server\rewrite.php(35): require_once('C:\\xampp\\htdocs...')
#8 {main}
CRITICAL - 2020-10-13 23:01:42 --> Invalid file: homefront/index.php
#0 C:\xampp\htdocs\e-smarcity\e-smarcity\system\View\View.php(225): CodeIgniter\Exceptions\FrameworkException::forInvalidFile('homefront/index...')
#1 C:\xampp\htdocs\e-smarcity\e-smarcity\system\Common.php(1217): CodeIgniter\View\View->render('homefront/index', Array, true)
#2 C:\xampp\htdocs\e-smarcity\e-smarcity\app\Controllers\Homefront.php(17): view('homefront/index')
#3 C:\xampp\htdocs\e-smarcity\e-smarcity\system\CodeIgniter.php(964): App\Controllers\Homefront->index()
#4 C:\xampp\htdocs\e-smarcity\e-smarcity\system\CodeIgniter.php(449): CodeIgniter\CodeIgniter->runController(Object(App\Controllers\Homefront))
#5 C:\xampp\htdocs\e-smarcity\e-smarcity\system\CodeIgniter.php(357): CodeIgniter\CodeIgniter->handleRequest(NULL, Object(Config\Cache), false)
#6 C:\xampp\htdocs\e-smarcity\e-smarcity\public\index.php(45): CodeIgniter\CodeIgniter->run()
#7 C:\xampp\htdocs\e-smarcity\e-smarcity\system\Commands\Server\rewrite.php(35): require_once('C:\\xampp\\htdocs...')
#8 {main}
CRITICAL - 2020-10-13 23:05:57 --> Invalid file: homefront/index.php
#0 C:\xampp\htdocs\e-smarcity\e-smarcity\system\View\View.php(225): CodeIgniter\Exceptions\FrameworkException::forInvalidFile('homefront/index...')
#1 C:\xampp\htdocs\e-smarcity\e-smarcity\system\Common.php(1217): CodeIgniter\View\View->render('homefront/index', Array, true)
#2 C:\xampp\htdocs\e-smarcity\e-smarcity\app\Controllers\Homefront.php(17): view('homefront/index')
#3 C:\xampp\htdocs\e-smarcity\e-smarcity\system\CodeIgniter.php(964): App\Controllers\Homefront->index()
#4 C:\xampp\htdocs\e-smarcity\e-smarcity\system\CodeIgniter.php(449): CodeIgniter\CodeIgniter->runController(Object(App\Controllers\Homefront))
#5 C:\xampp\htdocs\e-smarcity\e-smarcity\system\CodeIgniter.php(357): CodeIgniter\CodeIgniter->handleRequest(NULL, Object(Config\Cache), false)
#6 C:\xampp\htdocs\e-smarcity\e-smarcity\public\index.php(45): CodeIgniter\CodeIgniter->run()
#7 C:\xampp\htdocs\e-smarcity\e-smarcity\system\Commands\Server\rewrite.php(35): require_once('C:\\xampp\\htdocs...')
#8 {main}
CRITICAL - 2020-10-13 23:18:37 --> Invalid file: homefront/index.php
#0 C:\xampp\htdocs\e-smarcity\e-smarcity\system\View\View.php(225): CodeIgniter\Exceptions\FrameworkException::forInvalidFile('homefront/index...')
#1 C:\xampp\htdocs\e-smarcity\e-smarcity\system\Common.php(1217): CodeIgniter\View\View->render('homefront/index', Array, true)
#2 C:\xampp\htdocs\e-smarcity\e-smarcity\app\Controllers\Homefront.php(17): view('homefront/index')
#3 C:\xampp\htdocs\e-smarcity\e-smarcity\system\CodeIgniter.php(964): App\Controllers\Homefront->index()
#4 C:\xampp\htdocs\e-smarcity\e-smarcity\system\CodeIgniter.php(449): CodeIgniter\CodeIgniter->runController(Object(App\Controllers\Homefront))
#5 C:\xampp\htdocs\e-smarcity\e-smarcity\system\CodeIgniter.php(357): CodeIgniter\CodeIgniter->handleRequest(NULL, Object(Config\Cache), false)
#6 C:\xampp\htdocs\e-smarcity\e-smarcity\public\index.php(45): CodeIgniter\CodeIgniter->run()
#7 C:\xampp\htdocs\e-smarcity\e-smarcity\system\Commands\Server\rewrite.php(35): require_once('C:\\xampp\\htdocs...')
#8 {main}
CRITICAL - 2020-10-13 23:31:20 --> Invalid file: homefront/index.php
#0 C:\xampp\htdocs\e-smarcity\e-smarcity\system\View\View.php(225): CodeIgniter\Exceptions\FrameworkException::forInvalidFile('homefront/index...')
#1 C:\xampp\htdocs\e-smarcity\e-smarcity\system\Common.php(1217): CodeIgniter\View\View->render('homefront/index', Array, true)
#2 C:\xampp\htdocs\e-smarcity\e-smarcity\app\Controllers\Homefront.php(17): view('homefront/index')
#3 C:\xampp\htdocs\e-smarcity\e-smarcity\system\CodeIgniter.php(964): App\Controllers\Homefront->index()
#4 C:\xampp\htdocs\e-smarcity\e-smarcity\system\CodeIgniter.php(449): CodeIgniter\CodeIgniter->runController(Object(App\Controllers\Homefront))
#5 C:\xampp\htdocs\e-smarcity\e-smarcity\system\CodeIgniter.php(357): CodeIgniter\CodeIgniter->handleRequest(NULL, Object(Config\Cache), false)
#6 C:\xampp\htdocs\e-smarcity\e-smarcity\public\index.php(45): CodeIgniter\CodeIgniter->run()
#7 C:\xampp\htdocs\e-smarcity\e-smarcity\system\Commands\Server\rewrite.php(35): require_once('C:\\xampp\\htdocs...')
#8 {main}
CRITICAL - 2020-10-13 23:42:36 --> Invalid file: homefront/index.php
#0 C:\xampp\htdocs\e-smarcity\e-smarcity\system\View\View.php(225): CodeIgniter\Exceptions\FrameworkException::forInvalidFile('homefront/index...')
#1 C:\xampp\htdocs\e-smarcity\e-smarcity\system\Common.php(1217): CodeIgniter\View\View->render('homefront/index', Array, true)
#2 C:\xampp\htdocs\e-smarcity\e-smarcity\app\Controllers\Homefront.php(17): view('homefront/index')
#3 C:\xampp\htdocs\e-smarcity\e-smarcity\system\CodeIgniter.php(964): App\Controllers\Homefront->index()
#4 C:\xampp\htdocs\e-smarcity\e-smarcity\system\CodeIgniter.php(449): CodeIgniter\CodeIgniter->runController(Object(App\Controllers\Homefront))
#5 C:\xampp\htdocs\e-smarcity\e-smarcity\system\CodeIgniter.php(357): CodeIgniter\CodeIgniter->handleRequest(NULL, Object(Config\Cache), false)
#6 C:\xampp\htdocs\e-smarcity\e-smarcity\public\index.php(45): CodeIgniter\CodeIgniter->run()
#7 C:\xampp\htdocs\e-smarcity\e-smarcity\system\Commands\Server\rewrite.php(35): require_once('C:\\xampp\\htdocs...')
#8 {main}
CRITICAL - 2020-10-13 23:45:52 --> Invalid file: homefront/index.php
#0 C:\xampp\htdocs\e-smarcity\e-smarcity\system\View\View.php(225): CodeIgniter\Exceptions\FrameworkException::forInvalidFile('homefront/index...')
#1 C:\xampp\htdocs\e-smarcity\e-smarcity\system\Common.php(1217): CodeIgniter\View\View->render('homefront/index', Array, true)
#2 C:\xampp\htdocs\e-smarcity\e-smarcity\app\Controllers\Homefront.php(17): view('homefront/index')
#3 C:\xampp\htdocs\e-smarcity\e-smarcity\system\CodeIgniter.php(964): App\Controllers\Homefront->index()
#4 C:\xampp\htdocs\e-smarcity\e-smarcity\system\CodeIgniter.php(449): CodeIgniter\CodeIgniter->runController(Object(App\Controllers\Homefront))
#5 C:\xampp\htdocs\e-smarcity\e-smarcity\system\CodeIgniter.php(357): CodeIgniter\CodeIgniter->handleRequest(NULL, Object(Config\Cache), false)
#6 C:\xampp\htdocs\e-smarcity\e-smarcity\public\index.php(45): CodeIgniter\CodeIgniter->run()
#7 C:\xampp\htdocs\e-smarcity\e-smarcity\system\Commands\Server\rewrite.php(35): require_once('C:\\xampp\\htdocs...')
#8 {main}
