CRITICAL - 2020-10-11 09:28:00 --> Invalid file: kategori/index.php
#0 C:\xampp\htdocs\e-smarcity\system\View\View.php(225): CodeIgniter\Exceptions\FrameworkException::forInvalidFile('kategori/index....')
#1 C:\xampp\htdocs\e-smarcity\system\Common.php(1217): CodeIgniter\View\View->render('kategori/index', Array, true)
#2 C:\xampp\htdocs\e-smarcity\app\Controllers\Kategori.php(25): view('kategori/index', Array)
#3 C:\xampp\htdocs\e-smarcity\system\CodeIgniter.php(964): App\Controllers\Kategori->index()
#4 C:\xampp\htdocs\e-smarcity\system\CodeIgniter.php(449): CodeIgniter\CodeIgniter->runController(Object(App\Controllers\Kategori))
#5 C:\xampp\htdocs\e-smarcity\system\CodeIgniter.php(357): CodeIgniter\CodeIgniter->handleRequest(NULL, Object(Config\Cache), false)
#6 C:\xampp\htdocs\e-smarcity\public\index.php(45): CodeIgniter\CodeIgniter->run()
#7 C:\xampp\htdocs\e-smarcity\system\Commands\Server\rewrite.php(35): require_once('C:\\xampp\\htdocs...')
#8 {main}
ERROR - 2020-10-11 09:28:06 --> mysqli_sql_exception: Table 'smartcity.uploads' doesn't exist in C:\xampp\htdocs\e-smarcity\system\Database\MySQLi\Connection.php:331
Stack trace:
#0 C:\xampp\htdocs\e-smarcity\system\Database\MySQLi\Connection.php(331): mysqli->query('SELECT *\nFROM `...')
#1 C:\xampp\htdocs\e-smarcity\system\Database\BaseConnection.php(724): CodeIgniter\Database\MySQLi\Connection->execute('SELECT *\nFROM `...')
#2 C:\xampp\htdocs\e-smarcity\system\Database\BaseConnection.php(652): CodeIgniter\Database\BaseConnection->simpleQuery('SELECT *\nFROM `...')
#3 C:\xampp\htdocs\e-smarcity\system\Database\BaseBuilder.php(1871): CodeIgniter\Database\BaseConnection->query('SELECT *\nFROM `...', Array, false)
#4 C:\xampp\htdocs\e-smarcity\app\Models\uploadmodel.php(18): CodeIgniter\Database\BaseBuilder->get()
#5 C:\xampp\htdocs\e-smarcity\app\Controllers\upload.php(24): App\Models\UploadModel->get_uploads()
#6 C:\xampp\htdocs\e-smarcity\system\CodeIgniter.php(964): App\Controllers\Upload->index()
#7 C:\xampp\htdocs\e-smarcity\system\CodeIgniter.php(449): CodeIgniter\CodeIgniter->runController(Object(App\Controllers\Upload))
#8 C:\xampp\htdocs\e-smarcity\system\CodeIgniter.php(357): CodeIgniter\CodeIgniter->handleRequest(NULL, Object(Config\Cache), false)
#9 C:\xampp\htdocs\e-smarcity\public\index.php(45): CodeIgniter\CodeIgniter->run()
#10 C:\xampp\htdocs\e-smarcity\system\Commands\Server\rewrite.php(35): require_once('C:\\xampp\\htdocs...')
#11 {main}
CRITICAL - 2020-10-11 09:28:06 --> Invalid file: form_upload.php
#0 C:\xampp\htdocs\e-smarcity\system\View\View.php(225): CodeIgniter\Exceptions\FrameworkException::forInvalidFile('form_upload.php')
#1 C:\xampp\htdocs\e-smarcity\system\Common.php(1217): CodeIgniter\View\View->render('form_upload', Array, true)
#2 C:\xampp\htdocs\e-smarcity\app\Controllers\upload.php(25): view('form_upload', Array)
#3 C:\xampp\htdocs\e-smarcity\system\CodeIgniter.php(964): App\Controllers\Upload->index()
#4 C:\xampp\htdocs\e-smarcity\system\CodeIgniter.php(449): CodeIgniter\CodeIgniter->runController(Object(App\Controllers\Upload))
#5 C:\xampp\htdocs\e-smarcity\system\CodeIgniter.php(357): CodeIgniter\CodeIgniter->handleRequest(NULL, Object(Config\Cache), false)
#6 C:\xampp\htdocs\e-smarcity\public\index.php(45): CodeIgniter\CodeIgniter->run()
#7 C:\xampp\htdocs\e-smarcity\system\Commands\Server\rewrite.php(35): require_once('C:\\xampp\\htdocs...')
#8 {main}
CRITICAL - 2020-10-11 09:46:20 --> Class App\Database\Migrations\Uploads contains 1 abstract method and must therefore be declared abstract or implement the remaining methods (CodeIgniter\Database\Migration::down)
#0 [internal function]: CodeIgniter\Debug\Exceptions->shutdownHandler()
#1 {main}
CRITICAL - 2020-10-11 09:50:26 --> Invalid file: v_kategori.php
#0 C:\xampp\htdocs\e-smarcity\system\View\View.php(225): CodeIgniter\Exceptions\FrameworkException::forInvalidFile('v_kategori.php')
#1 C:\xampp\htdocs\e-smarcity\system\Common.php(1217): CodeIgniter\View\View->render('v_kategori.php', Array, true)
#2 C:\xampp\htdocs\e-smarcity\app\Views\layout\v_wrapper_kategori.php(6): view('v_kategori.php')
#3 C:\xampp\htdocs\e-smarcity\system\View\View.php(241): include('C:\\xampp\\htdocs...')
#4 C:\xampp\htdocs\e-smarcity\system\Common.php(1217): CodeIgniter\View\View->render('layout/v_wrappe...', Array, true)
#5 C:\xampp\htdocs\e-smarcity\app\Controllers\Home.php(22): view('layout/v_wrappe...', Array)
#6 C:\xampp\htdocs\e-smarcity\system\CodeIgniter.php(964): App\Controllers\Home->kategori()
#7 C:\xampp\htdocs\e-smarcity\system\CodeIgniter.php(449): CodeIgniter\CodeIgniter->runController(Object(App\Controllers\Home))
#8 C:\xampp\htdocs\e-smarcity\system\CodeIgniter.php(357): CodeIgniter\CodeIgniter->handleRequest(NULL, Object(Config\Cache), false)
#9 C:\xampp\htdocs\e-smarcity\public\index.php(45): CodeIgniter\CodeIgniter->run()
#10 C:\xampp\htdocs\e-smarcity\system\Commands\Server\rewrite.php(35): require_once('C:\\xampp\\htdocs...')
#11 {main}
CRITICAL - 2020-10-11 09:55:18 --> Invalid argument supplied for foreach()
#0 C:\xampp\htdocs\e-smarcity\app\Views\v_kategori.php(39): CodeIgniter\Debug\Exceptions->errorHandler(2, 'Invalid argumen...', 'C:\\xampp\\htdocs...', 39, Array)
#1 C:\xampp\htdocs\e-smarcity\system\View\View.php(241): include('C:\\xampp\\htdocs...')
#2 C:\xampp\htdocs\e-smarcity\system\Common.php(1217): CodeIgniter\View\View->render('v_kategori.php', Array, true)
#3 C:\xampp\htdocs\e-smarcity\app\Views\layout\v_wrapper_kategori.php(6): view('v_kategori.php')
#4 C:\xampp\htdocs\e-smarcity\system\View\View.php(241): include('C:\\xampp\\htdocs...')
#5 C:\xampp\htdocs\e-smarcity\system\Common.php(1217): CodeIgniter\View\View->render('layout/v_wrappe...', Array, true)
#6 C:\xampp\htdocs\e-smarcity\app\Controllers\Home.php(22): view('layout/v_wrappe...', Array)
#7 C:\xampp\htdocs\e-smarcity\system\CodeIgniter.php(964): App\Controllers\Home->kategori()
#8 C:\xampp\htdocs\e-smarcity\system\CodeIgniter.php(449): CodeIgniter\CodeIgniter->runController(Object(App\Controllers\Home))
#9 C:\xampp\htdocs\e-smarcity\system\CodeIgniter.php(357): CodeIgniter\CodeIgniter->handleRequest(NULL, Object(Config\Cache), false)
#10 C:\xampp\htdocs\e-smarcity\public\index.php(45): CodeIgniter\CodeIgniter->run()
#11 C:\xampp\htdocs\e-smarcity\system\Commands\Server\rewrite.php(35): require_once('C:\\xampp\\htdocs...')
#12 {main}
CRITICAL - 2020-10-11 09:55:31 --> Invalid argument supplied for foreach()
#0 C:\xampp\htdocs\e-smarcity\app\Views\v_kategori.php(39): CodeIgniter\Debug\Exceptions->errorHandler(2, 'Invalid argumen...', 'C:\\xampp\\htdocs...', 39, Array)
#1 C:\xampp\htdocs\e-smarcity\system\View\View.php(241): include('C:\\xampp\\htdocs...')
#2 C:\xampp\htdocs\e-smarcity\system\Common.php(1217): CodeIgniter\View\View->render('v_kategori.php', Array, true)
#3 C:\xampp\htdocs\e-smarcity\app\Views\layout\v_wrapper_kategori.php(6): view('v_kategori.php')
#4 C:\xampp\htdocs\e-smarcity\system\View\View.php(241): include('C:\\xampp\\htdocs...')
#5 C:\xampp\htdocs\e-smarcity\system\Common.php(1217): CodeIgniter\View\View->render('layout/v_wrappe...', Array, true)
#6 C:\xampp\htdocs\e-smarcity\app\Controllers\Home.php(22): view('layout/v_wrappe...', Array)
#7 C:\xampp\htdocs\e-smarcity\system\CodeIgniter.php(964): App\Controllers\Home->kategori()
#8 C:\xampp\htdocs\e-smarcity\system\CodeIgniter.php(449): CodeIgniter\CodeIgniter->runController(Object(App\Controllers\Home))
#9 C:\xampp\htdocs\e-smarcity\system\CodeIgniter.php(357): CodeIgniter\CodeIgniter->handleRequest(NULL, Object(Config\Cache), false)
#10 C:\xampp\htdocs\e-smarcity\public\index.php(45): CodeIgniter\CodeIgniter->run()
#11 C:\xampp\htdocs\e-smarcity\system\Commands\Server\rewrite.php(35): require_once('C:\\xampp\\htdocs...')
#12 {main}
CRITICAL - 2020-10-11 10:28:10 --> Undefined variable: isi
#0 C:\xampp\htdocs\e-smarcity\app\Views\layout\v_content.php(3): CodeIgniter\Debug\Exceptions->errorHandler(8, 'Undefined varia...', 'C:\\xampp\\htdocs...', 3, Array)
#1 C:\xampp\htdocs\e-smarcity\system\View\View.php(241): include('C:\\xampp\\htdocs...')
#2 C:\xampp\htdocs\e-smarcity\system\Common.php(1217): CodeIgniter\View\View->render('layout/v_conten...', Array, true)
#3 C:\xampp\htdocs\e-smarcity\app\Views\layout\v_wrapper_kategori.php(5): view('layout/v_conten...')
#4 C:\xampp\htdocs\e-smarcity\system\View\View.php(241): include('C:\\xampp\\htdocs...')
#5 C:\xampp\htdocs\e-smarcity\system\Common.php(1217): CodeIgniter\View\View->render('layout/v_wrappe...', Array, true)
#6 C:\xampp\htdocs\e-smarcity\app\Controllers\Home.php(22): view('layout/v_wrappe...', Array)
#7 C:\xampp\htdocs\e-smarcity\system\CodeIgniter.php(964): App\Controllers\Home->kategori()
#8 C:\xampp\htdocs\e-smarcity\system\CodeIgniter.php(449): CodeIgniter\CodeIgniter->runController(Object(App\Controllers\Home))
#9 C:\xampp\htdocs\e-smarcity\system\CodeIgniter.php(357): CodeIgniter\CodeIgniter->handleRequest(NULL, Object(Config\Cache), false)
#10 C:\xampp\htdocs\e-smarcity\public\index.php(45): CodeIgniter\CodeIgniter->run()
#11 C:\xampp\htdocs\e-smarcity\system\Commands\Server\rewrite.php(35): require_once('C:\\xampp\\htdocs...')
#12 {main}
CRITICAL - 2020-10-11 10:34:26 --> Undefined variable: isi
#0 C:\xampp\htdocs\e-smarcity\app\Views\layout\v_content.php(3): CodeIgniter\Debug\Exceptions->errorHandler(8, 'Undefined varia...', 'C:\\xampp\\htdocs...', 3, Array)
#1 C:\xampp\htdocs\e-smarcity\system\View\View.php(241): include('C:\\xampp\\htdocs...')
#2 C:\xampp\htdocs\e-smarcity\system\Common.php(1217): CodeIgniter\View\View->render('layout/v_conten...', Array, true)
#3 C:\xampp\htdocs\e-smarcity\app\Views\layout\v_wrapper_kategori.php(5): view('layout/v_conten...')
#4 C:\xampp\htdocs\e-smarcity\system\View\View.php(241): include('C:\\xampp\\htdocs...')
#5 C:\xampp\htdocs\e-smarcity\system\Common.php(1217): CodeIgniter\View\View->render('layout/v_wrappe...', Array, true)
#6 C:\xampp\htdocs\e-smarcity\app\Controllers\Home.php(22): view('layout/v_wrappe...', Array)
#7 C:\xampp\htdocs\e-smarcity\system\CodeIgniter.php(964): App\Controllers\Home->kategori()
#8 C:\xampp\htdocs\e-smarcity\system\CodeIgniter.php(449): CodeIgniter\CodeIgniter->runController(Object(App\Controllers\Home))
#9 C:\xampp\htdocs\e-smarcity\system\CodeIgniter.php(357): CodeIgniter\CodeIgniter->handleRequest(NULL, Object(Config\Cache), false)
#10 C:\xampp\htdocs\e-smarcity\public\index.php(45): CodeIgniter\CodeIgniter->run()
#11 C:\xampp\htdocs\e-smarcity\system\Commands\Server\rewrite.php(35): require_once('C:\\xampp\\htdocs...')
#12 {main}
CRITICAL - 2020-10-11 10:49:27 --> Undefined variable: key
#0 C:\xampp\htdocs\e-smarcity\app\Views\v_kategori.php(40): CodeIgniter\Debug\Exceptions->errorHandler(8, 'Undefined varia...', 'C:\\xampp\\htdocs...', 40, Array)
#1 C:\xampp\htdocs\e-smarcity\system\View\View.php(241): include('C:\\xampp\\htdocs...')
#2 C:\xampp\htdocs\e-smarcity\system\Common.php(1217): CodeIgniter\View\View->render('v_kategori.php', Array, true)
#3 C:\xampp\htdocs\e-smarcity\app\Views\layout\v_wrapper_kategori.php(6): view('v_kategori.php')
#4 C:\xampp\htdocs\e-smarcity\system\View\View.php(241): include('C:\\xampp\\htdocs...')
#5 C:\xampp\htdocs\e-smarcity\system\Common.php(1217): CodeIgniter\View\View->render('layout/v_wrappe...', Array, true)
#6 C:\xampp\htdocs\e-smarcity\app\Controllers\Home.php(22): view('layout/v_wrappe...', Array)
#7 C:\xampp\htdocs\e-smarcity\system\CodeIgniter.php(964): App\Controllers\Home->kategori()
#8 C:\xampp\htdocs\e-smarcity\system\CodeIgniter.php(449): CodeIgniter\CodeIgniter->runController(Object(App\Controllers\Home))
#9 C:\xampp\htdocs\e-smarcity\system\CodeIgniter.php(357): CodeIgniter\CodeIgniter->handleRequest(NULL, Object(Config\Cache), false)
#10 C:\xampp\htdocs\e-smarcity\public\index.php(45): CodeIgniter\CodeIgniter->run()
#11 C:\xampp\htdocs\e-smarcity\system\Commands\Server\rewrite.php(35): require_once('C:\\xampp\\htdocs...')
#12 {main}
CRITICAL - 2020-10-11 10:50:02 --> Undefined variable: k
#0 C:\xampp\htdocs\e-smarcity\app\Views\v_kategori.php(40): CodeIgniter\Debug\Exceptions->errorHandler(8, 'Undefined varia...', 'C:\\xampp\\htdocs...', 40, Array)
#1 C:\xampp\htdocs\e-smarcity\system\View\View.php(241): include('C:\\xampp\\htdocs...')
#2 C:\xampp\htdocs\e-smarcity\system\Common.php(1217): CodeIgniter\View\View->render('v_kategori.php', Array, true)
#3 C:\xampp\htdocs\e-smarcity\app\Views\layout\v_wrapper_kategori.php(6): view('v_kategori.php')
#4 C:\xampp\htdocs\e-smarcity\system\View\View.php(241): include('C:\\xampp\\htdocs...')
#5 C:\xampp\htdocs\e-smarcity\system\Common.php(1217): CodeIgniter\View\View->render('layout/v_wrappe...', Array, true)
#6 C:\xampp\htdocs\e-smarcity\app\Controllers\Home.php(22): view('layout/v_wrappe...', Array)
#7 C:\xampp\htdocs\e-smarcity\system\CodeIgniter.php(964): App\Controllers\Home->kategori()
#8 C:\xampp\htdocs\e-smarcity\system\CodeIgniter.php(449): CodeIgniter\CodeIgniter->runController(Object(App\Controllers\Home))
#9 C:\xampp\htdocs\e-smarcity\system\CodeIgniter.php(357): CodeIgniter\CodeIgniter->handleRequest(NULL, Object(Config\Cache), false)
#10 C:\xampp\htdocs\e-smarcity\public\index.php(45): CodeIgniter\CodeIgniter->run()
#11 C:\xampp\htdocs\e-smarcity\system\Commands\Server\rewrite.php(35): require_once('C:\\xampp\\htdocs...')
#12 {main}
CRITICAL - 2020-10-11 10:50:14 --> Undefined variable: key
#0 C:\xampp\htdocs\e-smarcity\app\Views\v_kategori.php(40): CodeIgniter\Debug\Exceptions->errorHandler(8, 'Undefined varia...', 'C:\\xampp\\htdocs...', 40, Array)
#1 C:\xampp\htdocs\e-smarcity\system\View\View.php(241): include('C:\\xampp\\htdocs...')
#2 C:\xampp\htdocs\e-smarcity\system\Common.php(1217): CodeIgniter\View\View->render('v_kategori.php', Array, true)
#3 C:\xampp\htdocs\e-smarcity\app\Views\layout\v_wrapper_kategori.php(6): view('v_kategori.php')
#4 C:\xampp\htdocs\e-smarcity\system\View\View.php(241): include('C:\\xampp\\htdocs...')
#5 C:\xampp\htdocs\e-smarcity\system\Common.php(1217): CodeIgniter\View\View->render('layout/v_wrappe...', Array, true)
#6 C:\xampp\htdocs\e-smarcity\app\Controllers\Home.php(22): view('layout/v_wrappe...', Array)
#7 C:\xampp\htdocs\e-smarcity\system\CodeIgniter.php(964): App\Controllers\Home->kategori()
#8 C:\xampp\htdocs\e-smarcity\system\CodeIgniter.php(449): CodeIgniter\CodeIgniter->runController(Object(App\Controllers\Home))
#9 C:\xampp\htdocs\e-smarcity\system\CodeIgniter.php(357): CodeIgniter\CodeIgniter->handleRequest(NULL, Object(Config\Cache), false)
#10 C:\xampp\htdocs\e-smarcity\public\index.php(45): CodeIgniter\CodeIgniter->run()
#11 C:\xampp\htdocs\e-smarcity\system\Commands\Server\rewrite.php(35): require_once('C:\\xampp\\htdocs...')
#12 {main}
CRITICAL - 2020-10-11 10:53:08 --> Undefined variable: kategori
#0 C:\xampp\htdocs\e-smarcity\app\Views\v_kategori.php(40): CodeIgniter\Debug\Exceptions->errorHandler(8, 'Undefined varia...', 'C:\\xampp\\htdocs...', 40, Array)
#1 C:\xampp\htdocs\e-smarcity\system\View\View.php(241): include('C:\\xampp\\htdocs...')
#2 C:\xampp\htdocs\e-smarcity\system\Common.php(1217): CodeIgniter\View\View->render('v_kategori.php', Array, true)
#3 C:\xampp\htdocs\e-smarcity\app\Views\layout\v_wrapper_kategori.php(6): view('v_kategori.php')
#4 C:\xampp\htdocs\e-smarcity\system\View\View.php(241): include('C:\\xampp\\htdocs...')
#5 C:\xampp\htdocs\e-smarcity\system\Common.php(1217): CodeIgniter\View\View->render('layout/v_wrappe...', Array, true)
#6 C:\xampp\htdocs\e-smarcity\app\Controllers\Home.php(22): view('layout/v_wrappe...', Array)
#7 C:\xampp\htdocs\e-smarcity\system\CodeIgniter.php(964): App\Controllers\Home->kategori()
#8 C:\xampp\htdocs\e-smarcity\system\CodeIgniter.php(449): CodeIgniter\CodeIgniter->runController(Object(App\Controllers\Home))
#9 C:\xampp\htdocs\e-smarcity\system\CodeIgniter.php(357): CodeIgniter\CodeIgniter->handleRequest(NULL, Object(Config\Cache), false)
#10 C:\xampp\htdocs\e-smarcity\public\index.php(45): CodeIgniter\CodeIgniter->run()
#11 C:\xampp\htdocs\e-smarcity\system\Commands\Server\rewrite.php(35): require_once('C:\\xampp\\htdocs...')
#12 {main}
CRITICAL - 2020-10-11 10:54:12 --> Undefined variable: kategori
#0 C:\xampp\htdocs\e-smarcity\app\Views\v_kategori.php(39): CodeIgniter\Debug\Exceptions->errorHandler(8, 'Undefined varia...', 'C:\\xampp\\htdocs...', 39, Array)
#1 C:\xampp\htdocs\e-smarcity\system\View\View.php(241): include('C:\\xampp\\htdocs...')
#2 C:\xampp\htdocs\e-smarcity\system\Common.php(1217): CodeIgniter\View\View->render('v_kategori.php', Array, true)
#3 C:\xampp\htdocs\e-smarcity\app\Views\layout\v_wrapper_kategori.php(6): view('v_kategori.php')
#4 C:\xampp\htdocs\e-smarcity\system\View\View.php(241): include('C:\\xampp\\htdocs...')
#5 C:\xampp\htdocs\e-smarcity\system\Common.php(1217): CodeIgniter\View\View->render('layout/v_wrappe...', Array, true)
#6 C:\xampp\htdocs\e-smarcity\app\Controllers\Home.php(22): view('layout/v_wrappe...', Array)
#7 C:\xampp\htdocs\e-smarcity\system\CodeIgniter.php(964): App\Controllers\Home->kategori()
#8 C:\xampp\htdocs\e-smarcity\system\CodeIgniter.php(449): CodeIgniter\CodeIgniter->runController(Object(App\Controllers\Home))
#9 C:\xampp\htdocs\e-smarcity\system\CodeIgniter.php(357): CodeIgniter\CodeIgniter->handleRequest(NULL, Object(Config\Cache), false)
#10 C:\xampp\htdocs\e-smarcity\public\index.php(45): CodeIgniter\CodeIgniter->run()
#11 C:\xampp\htdocs\e-smarcity\system\Commands\Server\rewrite.php(35): require_once('C:\\xampp\\htdocs...')
#12 {main}
CRITICAL - 2020-10-11 11:09:25 --> Undefined variable: kategori
#0 C:\xampp\htdocs\e-smarcity\app\Views\v_kategori.php(39): CodeIgniter\Debug\Exceptions->errorHandler(8, 'Undefined varia...', 'C:\\xampp\\htdocs...', 39, Array)
#1 C:\xampp\htdocs\e-smarcity\system\View\View.php(241): include('C:\\xampp\\htdocs...')
#2 C:\xampp\htdocs\e-smarcity\system\Common.php(1217): CodeIgniter\View\View->render('v_kategori.php', Array, true)
#3 C:\xampp\htdocs\e-smarcity\app\Views\layout\v_wrapper_kategori.php(6): view('v_kategori.php')
#4 C:\xampp\htdocs\e-smarcity\system\View\View.php(241): include('C:\\xampp\\htdocs...')
#5 C:\xampp\htdocs\e-smarcity\system\Common.php(1217): CodeIgniter\View\View->render('layout/v_wrappe...', Array, true)
#6 C:\xampp\htdocs\e-smarcity\app\Controllers\Home.php(22): view('layout/v_wrappe...', Array)
#7 C:\xampp\htdocs\e-smarcity\system\CodeIgniter.php(964): App\Controllers\Home->kategori()
#8 C:\xampp\htdocs\e-smarcity\system\CodeIgniter.php(449): CodeIgniter\CodeIgniter->runController(Object(App\Controllers\Home))
#9 C:\xampp\htdocs\e-smarcity\system\CodeIgniter.php(357): CodeIgniter\CodeIgniter->handleRequest(NULL, Object(Config\Cache), false)
#10 C:\xampp\htdocs\e-smarcity\public\index.php(45): CodeIgniter\CodeIgniter->run()
#11 C:\xampp\htdocs\e-smarcity\system\Commands\Server\rewrite.php(35): require_once('C:\\xampp\\htdocs...')
#12 {main}
CRITICAL - 2020-10-11 11:10:55 --> Undefined variable: kategori
#0 C:\xampp\htdocs\e-smarcity\app\Views\v_kategori.php(39): CodeIgniter\Debug\Exceptions->errorHandler(8, 'Undefined varia...', 'C:\\xampp\\htdocs...', 39, Array)
#1 C:\xampp\htdocs\e-smarcity\system\View\View.php(241): include('C:\\xampp\\htdocs...')
#2 C:\xampp\htdocs\e-smarcity\system\Common.php(1217): CodeIgniter\View\View->render('v_kategori.php', Array, true)
#3 C:\xampp\htdocs\e-smarcity\app\Views\layout\v_wrapper_kategori.php(6): view('v_kategori.php')
#4 C:\xampp\htdocs\e-smarcity\system\View\View.php(241): include('C:\\xampp\\htdocs...')
#5 C:\xampp\htdocs\e-smarcity\system\Common.php(1217): CodeIgniter\View\View->render('layout/v_wrappe...', Array, true)
#6 C:\xampp\htdocs\e-smarcity\app\Controllers\Home.php(22): view('layout/v_wrappe...', Array)
#7 C:\xampp\htdocs\e-smarcity\system\CodeIgniter.php(964): App\Controllers\Home->kategori()
#8 C:\xampp\htdocs\e-smarcity\system\CodeIgniter.php(449): CodeIgniter\CodeIgniter->runController(Object(App\Controllers\Home))
#9 C:\xampp\htdocs\e-smarcity\system\CodeIgniter.php(357): CodeIgniter\CodeIgniter->handleRequest(NULL, Object(Config\Cache), false)
#10 C:\xampp\htdocs\e-smarcity\public\index.php(45): CodeIgniter\CodeIgniter->run()
#11 C:\xampp\htdocs\e-smarcity\system\Commands\Server\rewrite.php(35): require_once('C:\\xampp\\htdocs...')
#12 {main}
CRITICAL - 2020-10-11 11:13:35 --> Undefined variable: kategori
#0 C:\xampp\htdocs\e-smarcity\app\Views\v_kategori.php(13): CodeIgniter\Debug\Exceptions->errorHandler(8, 'Undefined varia...', 'C:\\xampp\\htdocs...', 13, Array)
#1 C:\xampp\htdocs\e-smarcity\system\View\View.php(241): include('C:\\xampp\\htdocs...')
#2 C:\xampp\htdocs\e-smarcity\system\Common.php(1217): CodeIgniter\View\View->render('v_kategori.php', Array, true)
#3 C:\xampp\htdocs\e-smarcity\app\Views\layout\v_wrapper_kategori.php(6): view('v_kategori.php')
#4 C:\xampp\htdocs\e-smarcity\system\View\View.php(241): include('C:\\xampp\\htdocs...')
#5 C:\xampp\htdocs\e-smarcity\system\Common.php(1217): CodeIgniter\View\View->render('layout/v_wrappe...', Array, true)
#6 C:\xampp\htdocs\e-smarcity\app\Controllers\Home.php(25): view('layout/v_wrappe...', Array)
#7 C:\xampp\htdocs\e-smarcity\system\CodeIgniter.php(964): App\Controllers\Home->kategori()
#8 C:\xampp\htdocs\e-smarcity\system\CodeIgniter.php(449): CodeIgniter\CodeIgniter->runController(Object(App\Controllers\Home))
#9 C:\xampp\htdocs\e-smarcity\system\CodeIgniter.php(357): CodeIgniter\CodeIgniter->handleRequest(NULL, Object(Config\Cache), false)
#10 C:\xampp\htdocs\e-smarcity\public\index.php(45): CodeIgniter\CodeIgniter->run()
#11 C:\xampp\htdocs\e-smarcity\system\Commands\Server\rewrite.php(35): require_once('C:\\xampp\\htdocs...')
#12 {main}
CRITICAL - 2020-10-11 11:14:35 --> Undefined property: App\Controllers\Home::$kategori
#0 C:\xampp\htdocs\e-smarcity\app\Controllers\Home.php(23): CodeIgniter\Debug\Exceptions->errorHandler(8, 'Undefined prope...', 'C:\\xampp\\htdocs...', 23, Array)
#1 C:\xampp\htdocs\e-smarcity\system\CodeIgniter.php(964): App\Controllers\Home->kategori()
#2 C:\xampp\htdocs\e-smarcity\system\CodeIgniter.php(449): CodeIgniter\CodeIgniter->runController(Object(App\Controllers\Home))
#3 C:\xampp\htdocs\e-smarcity\system\CodeIgniter.php(357): CodeIgniter\CodeIgniter->handleRequest(NULL, Object(Config\Cache), false)
#4 C:\xampp\htdocs\e-smarcity\public\index.php(45): CodeIgniter\CodeIgniter->run()
#5 C:\xampp\htdocs\e-smarcity\system\Commands\Server\rewrite.php(35): require_once('C:\\xampp\\htdocs...')
#6 {main}
CRITICAL - 2020-10-11 11:15:21 --> Undefined property: App\Controllers\Home::$kategori
#0 C:\xampp\htdocs\e-smarcity\app\Controllers\Home.php(23): CodeIgniter\Debug\Exceptions->errorHandler(8, 'Undefined prope...', 'C:\\xampp\\htdocs...', 23, Array)
#1 C:\xampp\htdocs\e-smarcity\system\CodeIgniter.php(964): App\Controllers\Home->kategori()
#2 C:\xampp\htdocs\e-smarcity\system\CodeIgniter.php(449): CodeIgniter\CodeIgniter->runController(Object(App\Controllers\Home))
#3 C:\xampp\htdocs\e-smarcity\system\CodeIgniter.php(357): CodeIgniter\CodeIgniter->handleRequest(NULL, Object(Config\Cache), false)
#4 C:\xampp\htdocs\e-smarcity\public\index.php(45): CodeIgniter\CodeIgniter->run()
#5 C:\xampp\htdocs\e-smarcity\system\Commands\Server\rewrite.php(35): require_once('C:\\xampp\\htdocs...')
#6 {main}
CRITICAL - 2020-10-11 11:15:22 --> Undefined property: App\Controllers\Home::$kategori
#0 C:\xampp\htdocs\e-smarcity\app\Controllers\Home.php(23): CodeIgniter\Debug\Exceptions->errorHandler(8, 'Undefined prope...', 'C:\\xampp\\htdocs...', 23, Array)
#1 C:\xampp\htdocs\e-smarcity\system\CodeIgniter.php(964): App\Controllers\Home->kategori()
#2 C:\xampp\htdocs\e-smarcity\system\CodeIgniter.php(449): CodeIgniter\CodeIgniter->runController(Object(App\Controllers\Home))
#3 C:\xampp\htdocs\e-smarcity\system\CodeIgniter.php(357): CodeIgniter\CodeIgniter->handleRequest(NULL, Object(Config\Cache), false)
#4 C:\xampp\htdocs\e-smarcity\public\index.php(45): CodeIgniter\CodeIgniter->run()
#5 C:\xampp\htdocs\e-smarcity\system\Commands\Server\rewrite.php(35): require_once('C:\\xampp\\htdocs...')
#6 {main}
CRITICAL - 2020-10-11 11:15:22 --> Undefined property: App\Controllers\Home::$kategori
#0 C:\xampp\htdocs\e-smarcity\app\Controllers\Home.php(23): CodeIgniter\Debug\Exceptions->errorHandler(8, 'Undefined prope...', 'C:\\xampp\\htdocs...', 23, Array)
#1 C:\xampp\htdocs\e-smarcity\system\CodeIgniter.php(964): App\Controllers\Home->kategori()
#2 C:\xampp\htdocs\e-smarcity\system\CodeIgniter.php(449): CodeIgniter\CodeIgniter->runController(Object(App\Controllers\Home))
#3 C:\xampp\htdocs\e-smarcity\system\CodeIgniter.php(357): CodeIgniter\CodeIgniter->handleRequest(NULL, Object(Config\Cache), false)
#4 C:\xampp\htdocs\e-smarcity\public\index.php(45): CodeIgniter\CodeIgniter->run()
#5 C:\xampp\htdocs\e-smarcity\system\Commands\Server\rewrite.php(35): require_once('C:\\xampp\\htdocs...')
#6 {main}
CRITICAL - 2020-10-11 11:15:23 --> Undefined property: App\Controllers\Home::$kategori
#0 C:\xampp\htdocs\e-smarcity\app\Controllers\Home.php(23): CodeIgniter\Debug\Exceptions->errorHandler(8, 'Undefined prope...', 'C:\\xampp\\htdocs...', 23, Array)
#1 C:\xampp\htdocs\e-smarcity\system\CodeIgniter.php(964): App\Controllers\Home->kategori()
#2 C:\xampp\htdocs\e-smarcity\system\CodeIgniter.php(449): CodeIgniter\CodeIgniter->runController(Object(App\Controllers\Home))
#3 C:\xampp\htdocs\e-smarcity\system\CodeIgniter.php(357): CodeIgniter\CodeIgniter->handleRequest(NULL, Object(Config\Cache), false)
#4 C:\xampp\htdocs\e-smarcity\public\index.php(45): CodeIgniter\CodeIgniter->run()
#5 C:\xampp\htdocs\e-smarcity\system\Commands\Server\rewrite.php(35): require_once('C:\\xampp\\htdocs...')
#6 {main}
CRITICAL - 2020-10-11 11:15:23 --> Undefined property: App\Controllers\Home::$kategori
#0 C:\xampp\htdocs\e-smarcity\app\Controllers\Home.php(23): CodeIgniter\Debug\Exceptions->errorHandler(8, 'Undefined prope...', 'C:\\xampp\\htdocs...', 23, Array)
#1 C:\xampp\htdocs\e-smarcity\system\CodeIgniter.php(964): App\Controllers\Home->kategori()
#2 C:\xampp\htdocs\e-smarcity\system\CodeIgniter.php(449): CodeIgniter\CodeIgniter->runController(Object(App\Controllers\Home))
#3 C:\xampp\htdocs\e-smarcity\system\CodeIgniter.php(357): CodeIgniter\CodeIgniter->handleRequest(NULL, Object(Config\Cache), false)
#4 C:\xampp\htdocs\e-smarcity\public\index.php(45): CodeIgniter\CodeIgniter->run()
#5 C:\xampp\htdocs\e-smarcity\system\Commands\Server\rewrite.php(35): require_once('C:\\xampp\\htdocs...')
#6 {main}
CRITICAL - 2020-10-11 11:16:22 --> Undefined variable: kategori
#0 C:\xampp\htdocs\e-smarcity\app\Views\v_kategori.php(13): CodeIgniter\Debug\Exceptions->errorHandler(8, 'Undefined varia...', 'C:\\xampp\\htdocs...', 13, Array)
#1 C:\xampp\htdocs\e-smarcity\system\View\View.php(241): include('C:\\xampp\\htdocs...')
#2 C:\xampp\htdocs\e-smarcity\system\Common.php(1217): CodeIgniter\View\View->render('v_kategori.php', Array, true)
#3 C:\xampp\htdocs\e-smarcity\app\Views\layout\v_wrapper_kategori.php(6): view('v_kategori.php')
#4 C:\xampp\htdocs\e-smarcity\system\View\View.php(241): include('C:\\xampp\\htdocs...')
#5 C:\xampp\htdocs\e-smarcity\system\Common.php(1217): CodeIgniter\View\View->render('layout/v_wrappe...', Array, true)
#6 C:\xampp\htdocs\e-smarcity\app\Controllers\Home.php(22): view('layout/v_wrappe...', Array)
#7 C:\xampp\htdocs\e-smarcity\system\CodeIgniter.php(964): App\Controllers\Home->kategori()
#8 C:\xampp\htdocs\e-smarcity\system\CodeIgniter.php(449): CodeIgniter\CodeIgniter->runController(Object(App\Controllers\Home))
#9 C:\xampp\htdocs\e-smarcity\system\CodeIgniter.php(357): CodeIgniter\CodeIgniter->handleRequest(NULL, Object(Config\Cache), false)
#10 C:\xampp\htdocs\e-smarcity\public\index.php(45): CodeIgniter\CodeIgniter->run()
#11 C:\xampp\htdocs\e-smarcity\system\Commands\Server\rewrite.php(35): require_once('C:\\xampp\\htdocs...')
#12 {main}
CRITICAL - 2020-10-11 11:17:41 --> Undefined variable: kategori
#0 C:\xampp\htdocs\e-smarcity\app\Views\v_kategori.php(13): CodeIgniter\Debug\Exceptions->errorHandler(8, 'Undefined varia...', 'C:\\xampp\\htdocs...', 13, Array)
#1 C:\xampp\htdocs\e-smarcity\system\View\View.php(241): include('C:\\xampp\\htdocs...')
#2 C:\xampp\htdocs\e-smarcity\system\Common.php(1217): CodeIgniter\View\View->render('v_kategori.php', Array, true)
#3 C:\xampp\htdocs\e-smarcity\app\Views\layout\v_wrapper_kategori.php(6): view('v_kategori.php')
#4 C:\xampp\htdocs\e-smarcity\system\View\View.php(241): include('C:\\xampp\\htdocs...')
#5 C:\xampp\htdocs\e-smarcity\system\Common.php(1217): CodeIgniter\View\View->render('layout/v_wrappe...', Array, true)
#6 C:\xampp\htdocs\e-smarcity\app\Controllers\Home.php(22): view('layout/v_wrappe...', Array)
#7 C:\xampp\htdocs\e-smarcity\system\CodeIgniter.php(964): App\Controllers\Home->kategori()
#8 C:\xampp\htdocs\e-smarcity\system\CodeIgniter.php(449): CodeIgniter\CodeIgniter->runController(Object(App\Controllers\Home))
#9 C:\xampp\htdocs\e-smarcity\system\CodeIgniter.php(357): CodeIgniter\CodeIgniter->handleRequest(NULL, Object(Config\Cache), false)
#10 C:\xampp\htdocs\e-smarcity\public\index.php(45): CodeIgniter\CodeIgniter->run()
#11 C:\xampp\htdocs\e-smarcity\system\Commands\Server\rewrite.php(35): require_once('C:\\xampp\\htdocs...')
#12 {main}
CRITICAL - 2020-10-11 11:54:16 --> Invalid argument supplied for foreach()
#0 C:\xampp\htdocs\e-smarcity\app\Views\v_kategori.php(12): CodeIgniter\Debug\Exceptions->errorHandler(2, 'Invalid argumen...', 'C:\\xampp\\htdocs...', 12, Array)
#1 C:\xampp\htdocs\e-smarcity\system\View\View.php(241): include('C:\\xampp\\htdocs...')
#2 C:\xampp\htdocs\e-smarcity\system\Common.php(1217): CodeIgniter\View\View->render('v_kategori.php', Array, true)
#3 C:\xampp\htdocs\e-smarcity\app\Views\layout\v_wrapper_kategori.php(6): view('v_kategori.php')
#4 C:\xampp\htdocs\e-smarcity\system\View\View.php(241): include('C:\\xampp\\htdocs...')
#5 C:\xampp\htdocs\e-smarcity\system\Common.php(1217): CodeIgniter\View\View->render('layout/v_wrappe...', Array, true)
#6 C:\xampp\htdocs\e-smarcity\app\Controllers\Home.php(22): view('layout/v_wrappe...', Array)
#7 C:\xampp\htdocs\e-smarcity\system\CodeIgniter.php(964): App\Controllers\Home->kategori()
#8 C:\xampp\htdocs\e-smarcity\system\CodeIgniter.php(449): CodeIgniter\CodeIgniter->runController(Object(App\Controllers\Home))
#9 C:\xampp\htdocs\e-smarcity\system\CodeIgniter.php(357): CodeIgniter\CodeIgniter->handleRequest(NULL, Object(Config\Cache), false)
#10 C:\xampp\htdocs\e-smarcity\public\index.php(45): CodeIgniter\CodeIgniter->run()
#11 C:\xampp\htdocs\e-smarcity\system\Commands\Server\rewrite.php(35): require_once('C:\\xampp\\htdocs...')
#12 {main}
CRITICAL - 2020-10-11 11:54:18 --> Invalid argument supplied for foreach()
#0 C:\xampp\htdocs\e-smarcity\app\Views\v_kategori.php(12): CodeIgniter\Debug\Exceptions->errorHandler(2, 'Invalid argumen...', 'C:\\xampp\\htdocs...', 12, Array)
#1 C:\xampp\htdocs\e-smarcity\system\View\View.php(241): include('C:\\xampp\\htdocs...')
#2 C:\xampp\htdocs\e-smarcity\system\Common.php(1217): CodeIgniter\View\View->render('v_kategori.php', Array, true)
#3 C:\xampp\htdocs\e-smarcity\app\Views\layout\v_wrapper_kategori.php(6): view('v_kategori.php')
#4 C:\xampp\htdocs\e-smarcity\system\View\View.php(241): include('C:\\xampp\\htdocs...')
#5 C:\xampp\htdocs\e-smarcity\system\Common.php(1217): CodeIgniter\View\View->render('layout/v_wrappe...', Array, true)
#6 C:\xampp\htdocs\e-smarcity\app\Controllers\Home.php(22): view('layout/v_wrappe...', Array)
#7 C:\xampp\htdocs\e-smarcity\system\CodeIgniter.php(964): App\Controllers\Home->kategori()
#8 C:\xampp\htdocs\e-smarcity\system\CodeIgniter.php(449): CodeIgniter\CodeIgniter->runController(Object(App\Controllers\Home))
#9 C:\xampp\htdocs\e-smarcity\system\CodeIgniter.php(357): CodeIgniter\CodeIgniter->handleRequest(NULL, Object(Config\Cache), false)
#10 C:\xampp\htdocs\e-smarcity\public\index.php(45): CodeIgniter\CodeIgniter->run()
#11 C:\xampp\htdocs\e-smarcity\system\Commands\Server\rewrite.php(35): require_once('C:\\xampp\\htdocs...')
#12 {main}
CRITICAL - 2020-10-11 11:57:26 --> Invalid argument supplied for foreach()
#0 C:\xampp\htdocs\e-smarcity\app\Views\v_kategori.php(12): CodeIgniter\Debug\Exceptions->errorHandler(2, 'Invalid argumen...', 'C:\\xampp\\htdocs...', 12, Array)
#1 C:\xampp\htdocs\e-smarcity\system\View\View.php(241): include('C:\\xampp\\htdocs...')
#2 C:\xampp\htdocs\e-smarcity\system\Common.php(1217): CodeIgniter\View\View->render('v_kategori.php', Array, true)
#3 C:\xampp\htdocs\e-smarcity\app\Views\layout\v_wrapper_kategori.php(6): view('v_kategori.php')
#4 C:\xampp\htdocs\e-smarcity\system\View\View.php(241): include('C:\\xampp\\htdocs...')
#5 C:\xampp\htdocs\e-smarcity\system\Common.php(1217): CodeIgniter\View\View->render('layout/v_wrappe...', Array, true)
#6 C:\xampp\htdocs\e-smarcity\app\Controllers\Home.php(22): view('layout/v_wrappe...', Array)
#7 C:\xampp\htdocs\e-smarcity\system\CodeIgniter.php(964): App\Controllers\Home->kategori()
#8 C:\xampp\htdocs\e-smarcity\system\CodeIgniter.php(449): CodeIgniter\CodeIgniter->runController(Object(App\Controllers\Home))
#9 C:\xampp\htdocs\e-smarcity\system\CodeIgniter.php(357): CodeIgniter\CodeIgniter->handleRequest(NULL, Object(Config\Cache), false)
#10 C:\xampp\htdocs\e-smarcity\public\index.php(45): CodeIgniter\CodeIgniter->run()
#11 C:\xampp\htdocs\e-smarcity\system\Commands\Server\rewrite.php(35): require_once('C:\\xampp\\htdocs...')
#12 {main}
CRITICAL - 2020-10-11 12:10:08 --> Invalid argument supplied for foreach()
#0 C:\xampp\htdocs\e-smarcity\app\Views\v_kategori.php(12): CodeIgniter\Debug\Exceptions->errorHandler(2, 'Invalid argumen...', 'C:\\xampp\\htdocs...', 12, Array)
#1 C:\xampp\htdocs\e-smarcity\system\View\View.php(241): include('C:\\xampp\\htdocs...')
#2 C:\xampp\htdocs\e-smarcity\system\Common.php(1217): CodeIgniter\View\View->render('v_kategori.php', Array, true)
#3 C:\xampp\htdocs\e-smarcity\app\Views\layout\v_wrapper_kategori.php(6): view('v_kategori.php')
#4 C:\xampp\htdocs\e-smarcity\system\View\View.php(241): include('C:\\xampp\\htdocs...')
#5 C:\xampp\htdocs\e-smarcity\system\Common.php(1217): CodeIgniter\View\View->render('layout/v_wrappe...', Array, true)
#6 C:\xampp\htdocs\e-smarcity\app\Controllers\Home.php(22): view('layout/v_wrappe...', Array)
#7 C:\xampp\htdocs\e-smarcity\system\CodeIgniter.php(964): App\Controllers\Home->kategori()
#8 C:\xampp\htdocs\e-smarcity\system\CodeIgniter.php(449): CodeIgniter\CodeIgniter->runController(Object(App\Controllers\Home))
#9 C:\xampp\htdocs\e-smarcity\system\CodeIgniter.php(357): CodeIgniter\CodeIgniter->handleRequest(NULL, Object(Config\Cache), false)
#10 C:\xampp\htdocs\e-smarcity\public\index.php(45): CodeIgniter\CodeIgniter->run()
#11 C:\xampp\htdocs\e-smarcity\system\Commands\Server\rewrite.php(35): require_once('C:\\xampp\\htdocs...')
#12 {main}
CRITICAL - 2020-10-11 12:23:05 --> Invalid file: kategori/index.php
#0 C:\xampp\htdocs\e-smarcity\system\View\View.php(225): CodeIgniter\Exceptions\FrameworkException::forInvalidFile('kategori/index....')
#1 C:\xampp\htdocs\e-smarcity\system\Common.php(1217): CodeIgniter\View\View->render('kategori/index', Array, true)
#2 C:\xampp\htdocs\e-smarcity\app\Controllers\Kategori.php(25): view('kategori/index', Array)
#3 C:\xampp\htdocs\e-smarcity\system\CodeIgniter.php(964): App\Controllers\Kategori->index()
#4 C:\xampp\htdocs\e-smarcity\system\CodeIgniter.php(449): CodeIgniter\CodeIgniter->runController(Object(App\Controllers\Kategori))
#5 C:\xampp\htdocs\e-smarcity\system\CodeIgniter.php(357): CodeIgniter\CodeIgniter->handleRequest(NULL, Object(Config\Cache), false)
#6 C:\xampp\htdocs\e-smarcity\public\index.php(45): CodeIgniter\CodeIgniter->run()
#7 C:\xampp\htdocs\e-smarcity\system\Commands\Server\rewrite.php(35): require_once('C:\\xampp\\htdocs...')
#8 {main}
CRITICAL - 2020-10-11 12:24:52 --> Invalid file: kategori/index.php
#0 C:\xampp\htdocs\e-smarcity\system\View\View.php(225): CodeIgniter\Exceptions\FrameworkException::forInvalidFile('kategori/index....')
#1 C:\xampp\htdocs\e-smarcity\system\Common.php(1217): CodeIgniter\View\View->render('kategori/index', Array, true)
#2 C:\xampp\htdocs\e-smarcity\app\Controllers\Kategori.php(25): view('kategori/index', Array)
#3 C:\xampp\htdocs\e-smarcity\system\CodeIgniter.php(964): App\Controllers\Kategori->index()
#4 C:\xampp\htdocs\e-smarcity\system\CodeIgniter.php(449): CodeIgniter\CodeIgniter->runController(Object(App\Controllers\Kategori))
#5 C:\xampp\htdocs\e-smarcity\system\CodeIgniter.php(357): CodeIgniter\CodeIgniter->handleRequest(NULL, Object(Config\Cache), false)
#6 C:\xampp\htdocs\e-smarcity\public\index.php(45): CodeIgniter\CodeIgniter->run()
#7 C:\xampp\htdocs\e-smarcity\system\Commands\Server\rewrite.php(35): require_once('C:\\xampp\\htdocs...')
#8 {main}
CRITICAL - 2020-10-11 12:47:30 --> Invalid file: kategori/index.php
#0 C:\xampp\htdocs\e-smarcity\system\View\View.php(225): CodeIgniter\Exceptions\FrameworkException::forInvalidFile('kategori/index....')
#1 C:\xampp\htdocs\e-smarcity\system\Common.php(1217): CodeIgniter\View\View->render('kategori/index', Array, true)
#2 C:\xampp\htdocs\e-smarcity\app\Controllers\Kategori.php(25): view('kategori/index', Array)
#3 C:\xampp\htdocs\e-smarcity\system\CodeIgniter.php(964): App\Controllers\Kategori->index()
#4 C:\xampp\htdocs\e-smarcity\system\CodeIgniter.php(449): CodeIgniter\CodeIgniter->runController(Object(App\Controllers\Kategori))
#5 C:\xampp\htdocs\e-smarcity\system\CodeIgniter.php(357): CodeIgniter\CodeIgniter->handleRequest(NULL, Object(Config\Cache), false)
#6 C:\xampp\htdocs\e-smarcity\public\index.php(45): CodeIgniter\CodeIgniter->run()
#7 C:\xampp\htdocs\e-smarcity\system\Commands\Server\rewrite.php(35): require_once('C:\\xampp\\htdocs...')
#8 {main}
CRITICAL - 2020-10-11 13:26:38 --> Invalid file: kategori/index.php
#0 C:\xampp\htdocs\e-smarcity\system\View\View.php(225): CodeIgniter\Exceptions\FrameworkException::forInvalidFile('kategori/index....')
#1 C:\xampp\htdocs\e-smarcity\system\Common.php(1217): CodeIgniter\View\View->render('kategori/index', Array, true)
#2 C:\xampp\htdocs\e-smarcity\app\Controllers\Kategori.php(25): view('kategori/index', Array)
#3 C:\xampp\htdocs\e-smarcity\system\CodeIgniter.php(964): App\Controllers\Kategori->index()
#4 C:\xampp\htdocs\e-smarcity\system\CodeIgniter.php(449): CodeIgniter\CodeIgniter->runController(Object(App\Controllers\Kategori))
#5 C:\xampp\htdocs\e-smarcity\system\CodeIgniter.php(357): CodeIgniter\CodeIgniter->handleRequest(NULL, Object(Config\Cache), false)
#6 C:\xampp\htdocs\e-smarcity\public\index.php(45): CodeIgniter\CodeIgniter->run()
#7 C:\xampp\htdocs\e-smarcity\system\Commands\Server\rewrite.php(35): require_once('C:\\xampp\\htdocs...')
#8 {main}
CRITICAL - 2020-10-11 19:56:20 --> Undefined variable: isi
#0 C:\xampp\htdocs\e-smarcity\app\Views\layout\v_content.php(3): CodeIgniter\Debug\Exceptions->errorHandler(8, 'Undefined varia...', 'C:\\xampp\\htdocs...', 3, Array)
#1 C:\xampp\htdocs\e-smarcity\system\View\View.php(241): include('C:\\xampp\\htdocs...')
#2 C:\xampp\htdocs\e-smarcity\system\Common.php(1217): CodeIgniter\View\View->render('layout/v_conten...', Array, true)
#3 C:\xampp\htdocs\e-smarcity\app\Views\layout\v_wrapper_kategori.php(5): view('layout/v_conten...')
#4 C:\xampp\htdocs\e-smarcity\system\View\View.php(241): include('C:\\xampp\\htdocs...')
#5 C:\xampp\htdocs\e-smarcity\system\Common.php(1217): CodeIgniter\View\View->render('layout/v_wrappe...', Array, true)
#6 C:\xampp\htdocs\e-smarcity\app\Controllers\Home.php(22): view('layout/v_wrappe...', Array)
#7 C:\xampp\htdocs\e-smarcity\system\CodeIgniter.php(964): App\Controllers\Home->kategori()
#8 C:\xampp\htdocs\e-smarcity\system\CodeIgniter.php(449): CodeIgniter\CodeIgniter->runController(Object(App\Controllers\Home))
#9 C:\xampp\htdocs\e-smarcity\system\CodeIgniter.php(357): CodeIgniter\CodeIgniter->handleRequest(NULL, Object(Config\Cache), false)
#10 C:\xampp\htdocs\e-smarcity\public\index.php(45): CodeIgniter\CodeIgniter->run()
#11 C:\xampp\htdocs\e-smarcity\system\Commands\Server\rewrite.php(35): require_once('C:\\xampp\\htdocs...')
#12 {main}
CRITICAL - 2020-10-11 19:56:44 --> Undefined variable: data
#0 C:\xampp\htdocs\e-smarcity\app\Views\layout\v_content.php(3): CodeIgniter\Debug\Exceptions->errorHandler(8, 'Undefined varia...', 'C:\\xampp\\htdocs...', 3, Array)
#1 C:\xampp\htdocs\e-smarcity\system\View\View.php(241): include('C:\\xampp\\htdocs...')
#2 C:\xampp\htdocs\e-smarcity\system\Common.php(1217): CodeIgniter\View\View->render('layout/v_conten...', Array, true)
#3 C:\xampp\htdocs\e-smarcity\app\Views\layout\v_wrapper_kategori.php(5): view('layout/v_conten...')
#4 C:\xampp\htdocs\e-smarcity\system\View\View.php(241): include('C:\\xampp\\htdocs...')
#5 C:\xampp\htdocs\e-smarcity\system\Common.php(1217): CodeIgniter\View\View->render('layout/v_wrappe...', Array, true)
#6 C:\xampp\htdocs\e-smarcity\app\Controllers\Home.php(22): view('layout/v_wrappe...', Array)
#7 C:\xampp\htdocs\e-smarcity\system\CodeIgniter.php(964): App\Controllers\Home->kategori()
#8 C:\xampp\htdocs\e-smarcity\system\CodeIgniter.php(449): CodeIgniter\CodeIgniter->runController(Object(App\Controllers\Home))
#9 C:\xampp\htdocs\e-smarcity\system\CodeIgniter.php(357): CodeIgniter\CodeIgniter->handleRequest(NULL, Object(Config\Cache), false)
#10 C:\xampp\htdocs\e-smarcity\public\index.php(45): CodeIgniter\CodeIgniter->run()
#11 C:\xampp\htdocs\e-smarcity\system\Commands\Server\rewrite.php(35): require_once('C:\\xampp\\htdocs...')
#12 {main}
CRITICAL - 2020-10-11 20:04:25 --> Undefined variable: data
#0 C:\xampp\htdocs\e-smarcity\app\Views\layout\v_content.php(3): CodeIgniter\Debug\Exceptions->errorHandler(8, 'Undefined varia...', 'C:\\xampp\\htdocs...', 3, Array)
#1 C:\xampp\htdocs\e-smarcity\system\View\View.php(241): include('C:\\xampp\\htdocs...')
#2 C:\xampp\htdocs\e-smarcity\system\Common.php(1217): CodeIgniter\View\View->render('layout/v_conten...', Array, true)
#3 C:\xampp\htdocs\e-smarcity\app\Views\layout\v_wrapper_kategori.php(5): view('layout/v_conten...')
#4 C:\xampp\htdocs\e-smarcity\system\View\View.php(241): include('C:\\xampp\\htdocs...')
#5 C:\xampp\htdocs\e-smarcity\system\Common.php(1217): CodeIgniter\View\View->render('layout/v_wrappe...', Array, true)
#6 C:\xampp\htdocs\e-smarcity\app\Controllers\Home.php(22): view('layout/v_wrappe...', Array)
#7 C:\xampp\htdocs\e-smarcity\system\CodeIgniter.php(964): App\Controllers\Home->kategori()
#8 C:\xampp\htdocs\e-smarcity\system\CodeIgniter.php(449): CodeIgniter\CodeIgniter->runController(Object(App\Controllers\Home))
#9 C:\xampp\htdocs\e-smarcity\system\CodeIgniter.php(357): CodeIgniter\CodeIgniter->handleRequest(NULL, Object(Config\Cache), false)
#10 C:\xampp\htdocs\e-smarcity\public\index.php(45): CodeIgniter\CodeIgniter->run()
#11 C:\xampp\htdocs\e-smarcity\system\Commands\Server\rewrite.php(35): require_once('C:\\xampp\\htdocs...')
#12 {main}
CRITICAL - 2020-10-11 20:04:33 --> Undefined variable: kategori
#0 C:\xampp\htdocs\e-smarcity\app\Views\v_kategori.php(19): CodeIgniter\Debug\Exceptions->errorHandler(8, 'Undefined varia...', 'C:\\xampp\\htdocs...', 19, Array)
#1 C:\xampp\htdocs\e-smarcity\system\View\View.php(241): include('C:\\xampp\\htdocs...')
#2 C:\xampp\htdocs\e-smarcity\system\Common.php(1217): CodeIgniter\View\View->render('v_kategori.php', Array, true)
#3 C:\xampp\htdocs\e-smarcity\app\Views\layout\v_wrapper_kategori.php(6): view('v_kategori.php')
#4 C:\xampp\htdocs\e-smarcity\system\View\View.php(241): include('C:\\xampp\\htdocs...')
#5 C:\xampp\htdocs\e-smarcity\system\Common.php(1217): CodeIgniter\View\View->render('layout/v_wrappe...', Array, true)
#6 C:\xampp\htdocs\e-smarcity\app\Controllers\Home.php(22): view('layout/v_wrappe...', Array)
#7 C:\xampp\htdocs\e-smarcity\system\CodeIgniter.php(964): App\Controllers\Home->kategori()
#8 C:\xampp\htdocs\e-smarcity\system\CodeIgniter.php(449): CodeIgniter\CodeIgniter->runController(Object(App\Controllers\Home))
#9 C:\xampp\htdocs\e-smarcity\system\CodeIgniter.php(357): CodeIgniter\CodeIgniter->handleRequest(NULL, Object(Config\Cache), false)
#10 C:\xampp\htdocs\e-smarcity\public\index.php(45): CodeIgniter\CodeIgniter->run()
#11 C:\xampp\htdocs\e-smarcity\system\Commands\Server\rewrite.php(35): require_once('C:\\xampp\\htdocs...')
#12 {main}
CRITICAL - 2020-10-11 20:04:57 --> Undefined variable: kategori
#0 C:\xampp\htdocs\e-smarcity\app\Views\v_kategori.php(19): CodeIgniter\Debug\Exceptions->errorHandler(8, 'Undefined varia...', 'C:\\xampp\\htdocs...', 19, Array)
#1 C:\xampp\htdocs\e-smarcity\system\View\View.php(241): include('C:\\xampp\\htdocs...')
#2 C:\xampp\htdocs\e-smarcity\system\Common.php(1217): CodeIgniter\View\View->render('v_kategori.php', Array, true)
#3 C:\xampp\htdocs\e-smarcity\app\Views\layout\v_wrapper_kategori.php(6): view('v_kategori.php')
#4 C:\xampp\htdocs\e-smarcity\system\View\View.php(241): include('C:\\xampp\\htdocs...')
#5 C:\xampp\htdocs\e-smarcity\system\Common.php(1217): CodeIgniter\View\View->render('layout/v_wrappe...', Array, true)
#6 C:\xampp\htdocs\e-smarcity\app\Controllers\Home.php(22): view('layout/v_wrappe...', Array)
#7 C:\xampp\htdocs\e-smarcity\system\CodeIgniter.php(964): App\Controllers\Home->kategori()
#8 C:\xampp\htdocs\e-smarcity\system\CodeIgniter.php(449): CodeIgniter\CodeIgniter->runController(Object(App\Controllers\Home))
#9 C:\xampp\htdocs\e-smarcity\system\CodeIgniter.php(357): CodeIgniter\CodeIgniter->handleRequest(NULL, Object(Config\Cache), false)
#10 C:\xampp\htdocs\e-smarcity\public\index.php(45): CodeIgniter\CodeIgniter->run()
#11 C:\xampp\htdocs\e-smarcity\system\Commands\Server\rewrite.php(35): require_once('C:\\xampp\\htdocs...')
#12 {main}
CRITICAL - 2020-10-11 20:05:56 --> syntax error, unexpected '$data' (T_VARIABLE)
#0 C:\xampp\htdocs\e-smarcity\system\Router\Router.php(199): CodeIgniter\Router\Router->autoRoute('kategori')
#1 C:\xampp\htdocs\e-smarcity\system\CodeIgniter.php(839): CodeIgniter\Router\Router->handle('kategori')
#2 C:\xampp\htdocs\e-smarcity\system\CodeIgniter.php(409): CodeIgniter\CodeIgniter->tryToRouteIt(Object(CodeIgniter\Router\RouteCollection))
#3 C:\xampp\htdocs\e-smarcity\system\CodeIgniter.php(357): CodeIgniter\CodeIgniter->handleRequest(NULL, Object(Config\Cache), false)
#4 C:\xampp\htdocs\e-smarcity\public\index.php(45): CodeIgniter\CodeIgniter->run()
#5 C:\xampp\htdocs\e-smarcity\system\Commands\Server\rewrite.php(35): require_once('C:\\xampp\\htdocs...')
#6 {main}
CRITICAL - 2020-10-11 20:11:19 --> Undefined variable: smartcity
#0 C:\xampp\htdocs\e-smarcity\app\Views\v_kategori.php(19): CodeIgniter\Debug\Exceptions->errorHandler(8, 'Undefined varia...', 'C:\\xampp\\htdocs...', 19, Array)
#1 C:\xampp\htdocs\e-smarcity\system\View\View.php(241): include('C:\\xampp\\htdocs...')
#2 C:\xampp\htdocs\e-smarcity\system\Common.php(1217): CodeIgniter\View\View->render('v_kategori.php', Array, true)
#3 C:\xampp\htdocs\e-smarcity\app\Views\layout\v_wrapper_kategori.php(6): view('v_kategori.php')
#4 C:\xampp\htdocs\e-smarcity\system\View\View.php(241): include('C:\\xampp\\htdocs...')
#5 C:\xampp\htdocs\e-smarcity\system\Common.php(1217): CodeIgniter\View\View->render('layout/v_wrappe...', Array, true)
#6 C:\xampp\htdocs\e-smarcity\app\Controllers\Home.php(22): view('layout/v_wrappe...', Array)
#7 C:\xampp\htdocs\e-smarcity\system\CodeIgniter.php(964): App\Controllers\Home->kategori()
#8 C:\xampp\htdocs\e-smarcity\system\CodeIgniter.php(449): CodeIgniter\CodeIgniter->runController(Object(App\Controllers\Home))
#9 C:\xampp\htdocs\e-smarcity\system\CodeIgniter.php(357): CodeIgniter\CodeIgniter->handleRequest(NULL, Object(Config\Cache), false)
#10 C:\xampp\htdocs\e-smarcity\public\index.php(45): CodeIgniter\CodeIgniter->run()
#11 C:\xampp\htdocs\e-smarcity\system\Commands\Server\rewrite.php(35): require_once('C:\\xampp\\htdocs...')
#12 {main}
CRITICAL - 2020-10-11 20:11:34 --> Undefined variable: key
#0 C:\xampp\htdocs\e-smarcity\app\Views\v_kategori.php(21): CodeIgniter\Debug\Exceptions->errorHandler(8, 'Undefined varia...', 'C:\\xampp\\htdocs...', 21, Array)
#1 C:\xampp\htdocs\e-smarcity\system\View\View.php(241): include('C:\\xampp\\htdocs...')
#2 C:\xampp\htdocs\e-smarcity\system\Common.php(1217): CodeIgniter\View\View->render('v_kategori.php', Array, true)
#3 C:\xampp\htdocs\e-smarcity\app\Views\layout\v_wrapper_kategori.php(6): view('v_kategori.php')
#4 C:\xampp\htdocs\e-smarcity\system\View\View.php(241): include('C:\\xampp\\htdocs...')
#5 C:\xampp\htdocs\e-smarcity\system\Common.php(1217): CodeIgniter\View\View->render('layout/v_wrappe...', Array, true)
#6 C:\xampp\htdocs\e-smarcity\app\Controllers\Home.php(22): view('layout/v_wrappe...', Array)
#7 C:\xampp\htdocs\e-smarcity\system\CodeIgniter.php(964): App\Controllers\Home->kategori()
#8 C:\xampp\htdocs\e-smarcity\system\CodeIgniter.php(449): CodeIgniter\CodeIgniter->runController(Object(App\Controllers\Home))
#9 C:\xampp\htdocs\e-smarcity\system\CodeIgniter.php(357): CodeIgniter\CodeIgniter->handleRequest(NULL, Object(Config\Cache), false)
#10 C:\xampp\htdocs\e-smarcity\public\index.php(45): CodeIgniter\CodeIgniter->run()
#11 C:\xampp\htdocs\e-smarcity\system\Commands\Server\rewrite.php(35): require_once('C:\\xampp\\htdocs...')
#12 {main}
CRITICAL - 2020-10-11 20:11:49 --> Undefined variable: no
#0 C:\xampp\htdocs\e-smarcity\app\Views\v_kategori.php(21): CodeIgniter\Debug\Exceptions->errorHandler(8, 'Undefined varia...', 'C:\\xampp\\htdocs...', 21, Array)
#1 C:\xampp\htdocs\e-smarcity\system\View\View.php(241): include('C:\\xampp\\htdocs...')
#2 C:\xampp\htdocs\e-smarcity\system\Common.php(1217): CodeIgniter\View\View->render('v_kategori.php', Array, true)
#3 C:\xampp\htdocs\e-smarcity\app\Views\layout\v_wrapper_kategori.php(6): view('v_kategori.php')
#4 C:\xampp\htdocs\e-smarcity\system\View\View.php(241): include('C:\\xampp\\htdocs...')
#5 C:\xampp\htdocs\e-smarcity\system\Common.php(1217): CodeIgniter\View\View->render('layout/v_wrappe...', Array, true)
#6 C:\xampp\htdocs\e-smarcity\app\Controllers\Home.php(22): view('layout/v_wrappe...', Array)
#7 C:\xampp\htdocs\e-smarcity\system\CodeIgniter.php(964): App\Controllers\Home->kategori()
#8 C:\xampp\htdocs\e-smarcity\system\CodeIgniter.php(449): CodeIgniter\CodeIgniter->runController(Object(App\Controllers\Home))
#9 C:\xampp\htdocs\e-smarcity\system\CodeIgniter.php(357): CodeIgniter\CodeIgniter->handleRequest(NULL, Object(Config\Cache), false)
#10 C:\xampp\htdocs\e-smarcity\public\index.php(45): CodeIgniter\CodeIgniter->run()
#11 C:\xampp\htdocs\e-smarcity\system\Commands\Server\rewrite.php(35): require_once('C:\\xampp\\htdocs...')
#12 {main}
CRITICAL - 2020-10-11 20:12:12 --> Undefined variable: data
#0 C:\xampp\htdocs\e-smarcity\app\Views\v_kategori.php(24): CodeIgniter\Debug\Exceptions->errorHandler(8, 'Undefined varia...', 'C:\\xampp\\htdocs...', 24, Array)
#1 C:\xampp\htdocs\e-smarcity\system\View\View.php(241): include('C:\\xampp\\htdocs...')
#2 C:\xampp\htdocs\e-smarcity\system\Common.php(1217): CodeIgniter\View\View->render('v_kategori.php', Array, true)
#3 C:\xampp\htdocs\e-smarcity\app\Views\layout\v_wrapper_kategori.php(6): view('v_kategori.php')
#4 C:\xampp\htdocs\e-smarcity\system\View\View.php(241): include('C:\\xampp\\htdocs...')
#5 C:\xampp\htdocs\e-smarcity\system\Common.php(1217): CodeIgniter\View\View->render('layout/v_wrappe...', Array, true)
#6 C:\xampp\htdocs\e-smarcity\app\Controllers\Home.php(22): view('layout/v_wrappe...', Array)
#7 C:\xampp\htdocs\e-smarcity\system\CodeIgniter.php(964): App\Controllers\Home->kategori()
#8 C:\xampp\htdocs\e-smarcity\system\CodeIgniter.php(449): CodeIgniter\CodeIgniter->runController(Object(App\Controllers\Home))
#9 C:\xampp\htdocs\e-smarcity\system\CodeIgniter.php(357): CodeIgniter\CodeIgniter->handleRequest(NULL, Object(Config\Cache), false)
#10 C:\xampp\htdocs\e-smarcity\public\index.php(45): CodeIgniter\CodeIgniter->run()
#11 C:\xampp\htdocs\e-smarcity\system\Commands\Server\rewrite.php(35): require_once('C:\\xampp\\htdocs...')
#12 {main}
CRITICAL - 2020-10-11 20:13:21 --> Undefined variable: key
#0 C:\xampp\htdocs\e-smarcity\app\Views\v_kategori.php(21): CodeIgniter\Debug\Exceptions->errorHandler(8, 'Undefined varia...', 'C:\\xampp\\htdocs...', 21, Array)
#1 C:\xampp\htdocs\e-smarcity\system\View\View.php(241): include('C:\\xampp\\htdocs...')
#2 C:\xampp\htdocs\e-smarcity\system\Common.php(1217): CodeIgniter\View\View->render('v_kategori.php', Array, true)
#3 C:\xampp\htdocs\e-smarcity\app\Views\layout\v_wrapper_kategori.php(6): view('v_kategori.php')
#4 C:\xampp\htdocs\e-smarcity\system\View\View.php(241): include('C:\\xampp\\htdocs...')
#5 C:\xampp\htdocs\e-smarcity\system\Common.php(1217): CodeIgniter\View\View->render('layout/v_wrappe...', Array, true)
#6 C:\xampp\htdocs\e-smarcity\app\Controllers\Home.php(22): view('layout/v_wrappe...', Array)
#7 C:\xampp\htdocs\e-smarcity\system\CodeIgniter.php(964): App\Controllers\Home->kategori()
#8 C:\xampp\htdocs\e-smarcity\system\CodeIgniter.php(449): CodeIgniter\CodeIgniter->runController(Object(App\Controllers\Home))
#9 C:\xampp\htdocs\e-smarcity\system\CodeIgniter.php(357): CodeIgniter\CodeIgniter->handleRequest(NULL, Object(Config\Cache), false)
#10 C:\xampp\htdocs\e-smarcity\public\index.php(45): CodeIgniter\CodeIgniter->run()
#11 C:\xampp\htdocs\e-smarcity\system\Commands\Server\rewrite.php(35): require_once('C:\\xampp\\htdocs...')
#12 {main}
CRITICAL - 2020-10-11 20:13:38 --> Undefined variable: key
#0 C:\xampp\htdocs\e-smarcity\app\Views\v_kategori.php(15): CodeIgniter\Debug\Exceptions->errorHandler(8, 'Undefined varia...', 'C:\\xampp\\htdocs...', 15, Array)
#1 C:\xampp\htdocs\e-smarcity\system\View\View.php(241): include('C:\\xampp\\htdocs...')
#2 C:\xampp\htdocs\e-smarcity\system\Common.php(1217): CodeIgniter\View\View->render('v_kategori.php', Array, true)
#3 C:\xampp\htdocs\e-smarcity\app\Views\layout\v_wrapper_kategori.php(6): view('v_kategori.php')
#4 C:\xampp\htdocs\e-smarcity\system\View\View.php(241): include('C:\\xampp\\htdocs...')
#5 C:\xampp\htdocs\e-smarcity\system\Common.php(1217): CodeIgniter\View\View->render('layout/v_wrappe...', Array, true)
#6 C:\xampp\htdocs\e-smarcity\app\Controllers\Home.php(22): view('layout/v_wrappe...', Array)
#7 C:\xampp\htdocs\e-smarcity\system\CodeIgniter.php(964): App\Controllers\Home->kategori()
#8 C:\xampp\htdocs\e-smarcity\system\CodeIgniter.php(449): CodeIgniter\CodeIgniter->runController(Object(App\Controllers\Home))
#9 C:\xampp\htdocs\e-smarcity\system\CodeIgniter.php(357): CodeIgniter\CodeIgniter->handleRequest(NULL, Object(Config\Cache), false)
#10 C:\xampp\htdocs\e-smarcity\public\index.php(45): CodeIgniter\CodeIgniter->run()
#11 C:\xampp\htdocs\e-smarcity\system\Commands\Server\rewrite.php(35): require_once('C:\\xampp\\htdocs...')
#12 {main}
CRITICAL - 2020-10-11 20:14:23 --> Undefined variable: key
#0 C:\xampp\htdocs\e-smarcity\app\Views\v_kategori.php(15): CodeIgniter\Debug\Exceptions->errorHandler(8, 'Undefined varia...', 'C:\\xampp\\htdocs...', 15, Array)
#1 C:\xampp\htdocs\e-smarcity\system\View\View.php(241): include('C:\\xampp\\htdocs...')
#2 C:\xampp\htdocs\e-smarcity\system\Common.php(1217): CodeIgniter\View\View->render('v_kategori.php', Array, true)
#3 C:\xampp\htdocs\e-smarcity\app\Views\layout\v_wrapper_kategori.php(6): view('v_kategori.php')
#4 C:\xampp\htdocs\e-smarcity\system\View\View.php(241): include('C:\\xampp\\htdocs...')
#5 C:\xampp\htdocs\e-smarcity\system\Common.php(1217): CodeIgniter\View\View->render('layout/v_wrappe...', Array, true)
#6 C:\xampp\htdocs\e-smarcity\app\Controllers\Home.php(22): view('layout/v_wrappe...', Array)
#7 C:\xampp\htdocs\e-smarcity\system\CodeIgniter.php(964): App\Controllers\Home->kategori()
#8 C:\xampp\htdocs\e-smarcity\system\CodeIgniter.php(449): CodeIgniter\CodeIgniter->runController(Object(App\Controllers\Home))
#9 C:\xampp\htdocs\e-smarcity\system\CodeIgniter.php(357): CodeIgniter\CodeIgniter->handleRequest(NULL, Object(Config\Cache), false)
#10 C:\xampp\htdocs\e-smarcity\public\index.php(45): CodeIgniter\CodeIgniter->run()
#11 C:\xampp\htdocs\e-smarcity\system\Commands\Server\rewrite.php(35): require_once('C:\\xampp\\htdocs...')
#12 {main}
CRITICAL - 2020-10-11 20:15:03 --> Undefined variable: data
#0 C:\xampp\htdocs\e-smarcity\app\Views\layout\v_content.php(3): CodeIgniter\Debug\Exceptions->errorHandler(8, 'Undefined varia...', 'C:\\xampp\\htdocs...', 3, Array)
#1 C:\xampp\htdocs\e-smarcity\system\View\View.php(241): include('C:\\xampp\\htdocs...')
#2 C:\xampp\htdocs\e-smarcity\system\Common.php(1217): CodeIgniter\View\View->render('layout/v_conten...', Array, true)
#3 C:\xampp\htdocs\e-smarcity\app\Views\layout\v_wrapper_kategori.php(5): view('layout/v_conten...')
#4 C:\xampp\htdocs\e-smarcity\system\View\View.php(241): include('C:\\xampp\\htdocs...')
#5 C:\xampp\htdocs\e-smarcity\system\Common.php(1217): CodeIgniter\View\View->render('layout/v_wrappe...', Array, true)
#6 C:\xampp\htdocs\e-smarcity\app\Controllers\Home.php(22): view('layout/v_wrappe...', Array)
#7 C:\xampp\htdocs\e-smarcity\system\CodeIgniter.php(964): App\Controllers\Home->kategori()
#8 C:\xampp\htdocs\e-smarcity\system\CodeIgniter.php(449): CodeIgniter\CodeIgniter->runController(Object(App\Controllers\Home))
#9 C:\xampp\htdocs\e-smarcity\system\CodeIgniter.php(357): CodeIgniter\CodeIgniter->handleRequest(NULL, Object(Config\Cache), false)
#10 C:\xampp\htdocs\e-smarcity\public\index.php(45): CodeIgniter\CodeIgniter->run()
#11 C:\xampp\htdocs\e-smarcity\system\Commands\Server\rewrite.php(35): require_once('C:\\xampp\\htdocs...')
#12 {main}
CRITICAL - 2020-10-11 20:15:21 --> Undefined variable: data
#0 C:\xampp\htdocs\e-smarcity\app\Views\layout\v_content.php(3): CodeIgniter\Debug\Exceptions->errorHandler(8, 'Undefined varia...', 'C:\\xampp\\htdocs...', 3, Array)
#1 C:\xampp\htdocs\e-smarcity\system\View\View.php(241): include('C:\\xampp\\htdocs...')
#2 C:\xampp\htdocs\e-smarcity\system\Common.php(1217): CodeIgniter\View\View->render('layout/v_conten...', Array, true)
#3 C:\xampp\htdocs\e-smarcity\app\Views\layout\v_wrapper_kategori.php(5): view('layout/v_conten...')
#4 C:\xampp\htdocs\e-smarcity\system\View\View.php(241): include('C:\\xampp\\htdocs...')
#5 C:\xampp\htdocs\e-smarcity\system\Common.php(1217): CodeIgniter\View\View->render('layout/v_wrappe...', Array, true)
#6 C:\xampp\htdocs\e-smarcity\app\Controllers\Home.php(22): view('layout/v_wrappe...', Array)
#7 C:\xampp\htdocs\e-smarcity\system\CodeIgniter.php(964): App\Controllers\Home->kategori()
#8 C:\xampp\htdocs\e-smarcity\system\CodeIgniter.php(449): CodeIgniter\CodeIgniter->runController(Object(App\Controllers\Home))
#9 C:\xampp\htdocs\e-smarcity\system\CodeIgniter.php(357): CodeIgniter\CodeIgniter->handleRequest(NULL, Object(Config\Cache), false)
#10 C:\xampp\htdocs\e-smarcity\public\index.php(45): CodeIgniter\CodeIgniter->run()
#11 C:\xampp\htdocs\e-smarcity\system\Commands\Server\rewrite.php(35): require_once('C:\\xampp\\htdocs...')
#12 {main}
CRITICAL - 2020-10-11 20:15:56 --> Invalid file: kategori/index.php
#0 C:\xampp\htdocs\e-smarcity\system\View\View.php(225): CodeIgniter\Exceptions\FrameworkException::forInvalidFile('kategori/index....')
#1 C:\xampp\htdocs\e-smarcity\system\Common.php(1217): CodeIgniter\View\View->render('kategori/index', Array, true)
#2 C:\xampp\htdocs\e-smarcity\app\Controllers\Kategori.php(25): view('kategori/index', Array)
#3 C:\xampp\htdocs\e-smarcity\system\CodeIgniter.php(964): App\Controllers\Kategori->index()
#4 C:\xampp\htdocs\e-smarcity\system\CodeIgniter.php(449): CodeIgniter\CodeIgniter->runController(Object(App\Controllers\Kategori))
#5 C:\xampp\htdocs\e-smarcity\system\CodeIgniter.php(357): CodeIgniter\CodeIgniter->handleRequest(NULL, Object(Config\Cache), false)
#6 C:\xampp\htdocs\e-smarcity\public\index.php(45): CodeIgniter\CodeIgniter->run()
#7 C:\xampp\htdocs\e-smarcity\system\Commands\Server\rewrite.php(35): require_once('C:\\xampp\\htdocs...')
#8 {main}
